job is starting on gpua019.delta.ncsa.illinois.edu
Loading drug dataset...
Hyperparameters:
Namespace(is_train=True, input_dir='data/input', output_dir='data/output', repository='gdsc', drug_id=-1, use_cuda=True, use_relu=True, init_gene_emb=True, use_oc=False, shuffle=False, omic='exp', use_attention=True, use_cntx_attn=True, embedding_dim=200, attention_size=128, attention_head=8, hidden_dim_enc=200, use_hid_lyr=True, max_iter=48000, max_fscore=-1, dropout_rate=0.6, learning_rate=0.3, weight_decay=0.0003, batch_size=8, test_batch_size=8, test_inc_size=1024, model_label='cntx-attn-gdsc', exp_size=3000, mut_size=1000, cnv_size=1000, omc_size=3000, drg_size=260, train_size=676, test_size=170)
HIDDEN EMBEDDING SIZE: 200
USING RELU
USING PRETRAING EMBEDDINGS
DROPOUT RATE: 0.6
USING HIDDEN LAYER
USING SELF ATTENTION
USING CONTEXTUAL ATTENTION
Training...
Batch size: 8
Train dataset size (samples): 676
Batches per epoch: 85
[0,0] | tst acc:51.1, f1:37.4, auc:50.9 | trn acc:50.9, f1:31.9, auc:52.4 | loss:4.120
Epoch 0 finished in 4.08 seconds
[1,348] | tst acc:71.0, f1:29.4, auc:61.9 | trn acc:66.6, f1:42.5, auc:60.9 | loss:1.334
Epoch 1 finished in 4.09 seconds
Epoch 2 finished in 3.93 seconds
[3,20] | tst acc:72.0, f1:58.7, auc:73.3 | trn acc:73.6, f1:53.4, auc:72.0 | loss:0.698
Epoch 3 finished in 4.09 seconds
[4,368] | tst acc:77.6, f1:64.5, auc:79.4 | trn acc:73.7, f1:57.8, auc:72.9 | loss:0.693
Epoch 4 finished in 4.14 seconds
Epoch 5 finished in 3.89 seconds
[6,40] | tst acc:80.9, f1:68.6, auc:82.2 | trn acc:76.2, f1:60.8, auc:77.0 | loss:0.542
Epoch 6 finished in 4.15 seconds
[7,388] | tst acc:78.8, f1:65.6, auc:83.5 | trn acc:79.4, f1:64.5, auc:82.3 | loss:0.468
Epoch 7 finished in 4.10 seconds
Epoch 8 finished in 3.94 seconds
[9,60] | tst acc:81.1, f1:69.1, auc:84.6 | trn acc:80.4, f1:66.1, auc:83.5 | loss:0.454
Epoch 9 finished in 4.10 seconds
[10,408] | tst acc:81.6, f1:69.5, auc:86.0 | trn acc:80.7, f1:66.5, auc:84.2 | loss:0.447
Epoch 10 finished in 4.15 seconds
Epoch 11 finished in 3.89 seconds
[12,80] | tst acc:81.6, f1:69.2, auc:84.8 | trn acc:81.3, f1:66.9, auc:84.7 | loss:0.437
Epoch 12 finished in 4.15 seconds
[13,428] | tst acc:81.6, f1:68.9, auc:85.5 | trn acc:81.4, f1:67.5, auc:85.0 | loss:0.434
Epoch 13 finished in 4.10 seconds
Epoch 14 finished in 3.93 seconds
[15,100] | tst acc:81.4, f1:69.4, auc:84.8 | trn acc:81.2, f1:67.2, auc:85.1 | loss:0.434
Epoch 15 finished in 4.10 seconds
[16,448] | tst acc:82.6, f1:70.9, auc:85.4 | trn acc:81.7, f1:67.9, auc:85.5 | loss:0.426
Epoch 16 finished in 4.14 seconds
Epoch 17 finished in 3.89 seconds
[18,120] | tst acc:82.1, f1:70.0, auc:85.5 | trn acc:81.5, f1:67.7, auc:85.5 | loss:0.427
Epoch 18 finished in 4.15 seconds
[19,468] | tst acc:82.1, f1:69.5, auc:84.7 | trn acc:81.6, f1:68.2, auc:85.9 | loss:0.423
Epoch 19 finished in 4.10 seconds
Epoch 20 finished in 3.93 seconds
[21,140] | tst acc:82.6, f1:71.6, auc:87.4 | trn acc:81.6, f1:67.7, auc:85.8 | loss:0.423
Epoch 21 finished in 4.10 seconds
[22,488] | tst acc:81.6, f1:70.7, auc:87.1 | trn acc:81.5, f1:68.2, auc:86.0 | loss:0.422
Epoch 22 finished in 4.15 seconds
Epoch 23 finished in 3.89 seconds
[24,160] | tst acc:83.4, f1:73.0, auc:86.6 | trn acc:81.7, f1:68.5, auc:86.4 | loss:0.417
Epoch 24 finished in 4.14 seconds
[25,508] | tst acc:82.1, f1:70.5, auc:86.0 | trn acc:81.8, f1:68.6, auc:86.4 | loss:0.415
Epoch 25 finished in 4.09 seconds
Epoch 26 finished in 3.93 seconds
[27,180] | tst acc:83.4, f1:72.3, auc:87.1 | trn acc:81.7, f1:68.1, auc:86.2 | loss:0.417
Epoch 27 finished in 4.10 seconds
[28,528] | tst acc:81.9, f1:70.5, auc:87.7 | trn acc:81.5, f1:68.4, auc:86.3 | loss:0.419
Epoch 28 finished in 4.15 seconds
Epoch 29 finished in 3.89 seconds
[30,200] | tst acc:82.9, f1:72.1, auc:87.1 | trn acc:81.8, f1:68.5, auc:86.5 | loss:0.413
Epoch 30 finished in 4.14 seconds
[31,548] | tst acc:82.1, f1:71.7, auc:87.2 | trn acc:81.8, f1:68.4, auc:86.7 | loss:0.411
Epoch 31 finished in 4.09 seconds
Epoch 32 finished in 3.93 seconds
[33,220] | tst acc:82.4, f1:71.5, auc:87.1 | trn acc:81.8, f1:68.8, auc:86.6 | loss:0.413
Epoch 33 finished in 4.10 seconds
[34,568] | tst acc:82.1, f1:70.3, auc:84.8 | trn acc:81.8, f1:68.0, auc:86.6 | loss:0.412
Epoch 34 finished in 4.15 seconds
Epoch 35 finished in 3.89 seconds
[36,240] | tst acc:83.1, f1:71.2, auc:88.2 | trn acc:81.5, f1:68.4, auc:86.3 | loss:0.419
Epoch 36 finished in 4.14 seconds
[37,588] | tst acc:82.4, f1:72.4, auc:86.1 | trn acc:81.7, f1:68.4, auc:86.6 | loss:0.414
Epoch 37 finished in 4.09 seconds
Epoch 38 finished in 3.93 seconds
[39,260] | tst acc:81.6, f1:71.1, auc:86.2 | trn acc:81.8, f1:68.8, auc:86.8 | loss:0.412
Epoch 39 finished in 4.10 seconds
[40,608] | tst acc:84.1, f1:73.9, auc:89.2 | trn acc:81.7, f1:68.4, auc:86.5 | loss:0.415
Epoch 40 finished in 4.15 seconds
Epoch 41 finished in 3.89 seconds
[42,280] | tst acc:82.6, f1:70.4, auc:85.5 | trn acc:81.8, f1:68.5, auc:86.8 | loss:0.411
Epoch 42 finished in 4.15 seconds
[43,628] | tst acc:82.4, f1:71.3, auc:86.8 | trn acc:81.6, f1:68.3, auc:86.5 | loss:0.416
Epoch 43 finished in 4.10 seconds
Epoch 44 finished in 3.93 seconds
[45,300] | tst acc:82.1, f1:70.3, auc:87.0 | trn acc:82.1, f1:68.6, auc:87.0 | loss:0.406
Epoch 45 finished in 4.10 seconds
[46,648] | tst acc:81.9, f1:71.9, auc:86.3 | trn acc:81.6, f1:68.3, auc:86.5 | loss:0.417
Epoch 46 finished in 4.14 seconds
Epoch 47 finished in 3.89 seconds
[48,320] | tst acc:82.9, f1:73.4, auc:87.3 | trn acc:81.8, f1:68.8, auc:86.7 | loss:0.414
Epoch 48 finished in 4.14 seconds
[49,668] | tst acc:82.1, f1:69.3, auc:87.2 | trn acc:81.7, f1:68.1, auc:86.5 | loss:0.413
Epoch 49 finished in 4.10 seconds
Epoch 50 finished in 3.93 seconds
[51,340] | tst acc:83.1, f1:72.0, auc:86.8 | trn acc:81.6, f1:68.3, auc:86.4 | loss:0.416
Epoch 51 finished in 4.10 seconds
Epoch 52 finished in 3.93 seconds
[53,12] | tst acc:82.1, f1:71.7, auc:86.0 | trn acc:81.8, f1:68.7, auc:86.8 | loss:0.411
Epoch 53 finished in 4.10 seconds
[54,360] | tst acc:82.9, f1:70.7, auc:88.2 | trn acc:81.9, f1:68.5, auc:86.8 | loss:0.410
Epoch 54 finished in 4.14 seconds
Epoch 55 finished in 3.89 seconds
[56,32] | tst acc:81.9, f1:70.7, auc:87.4 | trn acc:81.7, f1:68.7, auc:86.8 | loss:0.411
Epoch 56 finished in 4.14 seconds
[57,380] | tst acc:82.9, f1:71.7, auc:85.5 | trn acc:81.5, f1:68.4, auc:86.5 | loss:0.416
Epoch 57 finished in 4.10 seconds
Epoch 58 finished in 3.93 seconds
[59,52] | tst acc:83.4, f1:72.0, auc:85.5 | trn acc:81.9, f1:68.6, auc:86.8 | loss:0.410
Epoch 59 finished in 4.10 seconds
[60,400] | tst acc:81.9, f1:70.0, auc:85.9 | trn acc:81.7, f1:68.3, auc:86.7 | loss:0.412
Epoch 60 finished in 4.14 seconds
Epoch 61 finished in 3.89 seconds
[62,72] | tst acc:80.6, f1:68.0, auc:86.7 | trn acc:81.7, f1:68.6, auc:86.7 | loss:0.413
Epoch 62 finished in 4.14 seconds
[63,420] | tst acc:81.1, f1:70.6, auc:86.3 | trn acc:81.6, f1:68.2, auc:86.5 | loss:0.416
Epoch 63 finished in 4.10 seconds
Epoch 64 finished in 3.93 seconds
[65,92] | tst acc:81.4, f1:70.9, auc:85.3 | trn acc:81.6, f1:68.1, auc:86.7 | loss:0.413
Epoch 65 finished in 4.10 seconds
[66,440] | tst acc:82.9, f1:71.4, auc:87.0 | trn acc:81.7, f1:68.6, auc:86.7 | loss:0.412
Epoch 66 finished in 4.14 seconds
Epoch 67 finished in 3.89 seconds
[68,112] | tst acc:82.4, f1:71.1, auc:85.1 | trn acc:81.8, f1:68.4, auc:86.7 | loss:0.412
Epoch 68 finished in 4.14 seconds
[69,460] | tst acc:82.9, f1:71.2, auc:87.0 | trn acc:81.7, f1:68.2, auc:86.7 | loss:0.412
Epoch 69 finished in 4.10 seconds
Reached final batch of training at iter = 47992
Epoch 70 finished in 3.93 seconds
Reached final batch of training at iter = 48000
Epoch 71 finished in 0.05 seconds
Average epoch runtime: 3.99 seconds
Total training time: 287.52 GPU seconds
Loading drug dataset...
Hyperparameters:
Namespace(is_train=True, input_dir='data/input', output_dir='data/output', repository='gdsc', drug_id=-1, use_cuda=True, use_relu=True, init_gene_emb=True, use_oc=False, shuffle=False, omic='exp', use_attention=True, use_cntx_attn=True, embedding_dim=200, attention_size=128, attention_head=8, hidden_dim_enc=200, use_hid_lyr=True, max_iter=48000, max_fscore=-1, dropout_rate=0.6, learning_rate=0.3, weight_decay=0.0003, batch_size=8, test_batch_size=8, test_inc_size=1024, model_label='cntx-attn-gdsc', exp_size=3000, mut_size=1000, cnv_size=1000, omc_size=3000, drg_size=260, train_size=676, test_size=170)
HIDDEN EMBEDDING SIZE: 200
USING RELU
USING PRETRAING EMBEDDINGS
DROPOUT RATE: 0.6
USING HIDDEN LAYER
USING SELF ATTENTION
USING CONTEXTUAL ATTENTION
Training...
Batch size: 8
Train dataset size (samples): 676
Batches per epoch: 85
[0,0] | tst acc:57.1, f1:49.0, auc:56.3 | trn acc:52.4, f1:35.9, auc:53.8 | loss:4.076
Epoch 0 finished in 4.07 seconds
[1,348] | tst acc:66.4, f1:52.5, auc:63.9 | trn acc:66.7, f1:49.1, auc:62.1 | loss:1.321
Epoch 1 finished in 4.10 seconds
Epoch 2 finished in 3.93 seconds
[3,20] | tst acc:65.7, f1:52.9, auc:66.3 | trn acc:73.5, f1:57.0, auc:72.7 | loss:0.696
Epoch 3 finished in 4.09 seconds
[4,368] | tst acc:67.5, f1:52.4, auc:71.4 | trn acc:74.1, f1:57.6, auc:72.0 | loss:0.633
Epoch 4 finished in 4.15 seconds
Epoch 5 finished in 3.89 seconds
[6,40] | tst acc:71.2, f1:57.2, auc:74.6 | trn acc:78.2, f1:62.7, auc:80.5 | loss:0.491
Epoch 6 finished in 4.15 seconds
[7,388] | tst acc:73.3, f1:59.9, auc:75.1 | trn acc:79.9, f1:64.8, auc:82.8 | loss:0.462
Epoch 7 finished in 4.10 seconds
Epoch 8 finished in 3.93 seconds
[9,60] | tst acc:73.3, f1:59.9, auc:76.2 | trn acc:80.5, f1:66.1, auc:83.8 | loss:0.450
Epoch 9 finished in 4.10 seconds
[10,408] | tst acc:72.6, f1:56.6, auc:76.3 | trn acc:81.0, f1:66.5, auc:84.4 | loss:0.442
Epoch 10 finished in 4.15 seconds
Epoch 11 finished in 3.89 seconds
[12,80] | tst acc:73.1, f1:58.3, auc:77.8 | trn acc:81.2, f1:67.1, auc:84.8 | loss:0.438
Epoch 12 finished in 4.15 seconds
[13,428] | tst acc:73.3, f1:59.1, auc:77.8 | trn acc:81.3, f1:67.3, auc:85.1 | loss:0.435
Epoch 13 finished in 4.10 seconds
Epoch 14 finished in 3.93 seconds
[15,100] | tst acc:73.1, f1:57.7, auc:77.2 | trn acc:81.3, f1:67.2, auc:85.0 | loss:0.434
Epoch 15 finished in 4.10 seconds
[16,448] | tst acc:73.3, f1:59.1, auc:78.5 | trn acc:81.5, f1:67.4, auc:85.4 | loss:0.428
Epoch 16 finished in 4.14 seconds
Epoch 17 finished in 3.89 seconds
[18,120] | tst acc:73.5, f1:58.4, auc:79.9 | trn acc:81.4, f1:67.8, auc:85.5 | loss:0.428
Epoch 18 finished in 4.14 seconds
[19,468] | tst acc:72.9, f1:60.1, auc:79.1 | trn acc:81.7, f1:68.1, auc:85.9 | loss:0.422
Epoch 19 finished in 4.10 seconds
Epoch 20 finished in 3.93 seconds
[21,140] | tst acc:72.9, f1:57.8, auc:77.7 | trn acc:81.5, f1:67.9, auc:85.8 | loss:0.423
Epoch 21 finished in 4.10 seconds
[22,488] | tst acc:72.6, f1:56.6, auc:78.6 | trn acc:81.8, f1:68.4, auc:86.1 | loss:0.419
Epoch 22 finished in 4.15 seconds
Epoch 23 finished in 3.89 seconds
[24,160] | tst acc:72.2, f1:56.5, auc:78.6 | trn acc:81.6, f1:67.9, auc:86.2 | loss:0.418
Epoch 24 finished in 4.14 seconds
[25,508] | tst acc:73.3, f1:57.9, auc:78.4 | trn acc:81.7, f1:68.2, auc:86.2 | loss:0.418
Epoch 25 finished in 4.10 seconds
Epoch 26 finished in 3.93 seconds
[27,180] | tst acc:73.5, f1:60.4, auc:78.6 | trn acc:81.4, f1:68.3, auc:86.0 | loss:0.423
Epoch 27 finished in 4.10 seconds
[28,528] | tst acc:75.2, f1:61.9, auc:76.9 | trn acc:81.9, f1:68.2, auc:86.5 | loss:0.413
Epoch 28 finished in 4.15 seconds
Epoch 29 finished in 3.89 seconds
[30,200] | tst acc:74.5, f1:61.3, auc:77.8 | trn acc:81.9, f1:68.8, auc:86.7 | loss:0.412
Epoch 30 finished in 4.14 seconds
[31,548] | tst acc:71.9, f1:55.4, auc:78.1 | trn acc:81.4, f1:68.0, auc:86.2 | loss:0.420
Epoch 31 finished in 4.09 seconds
Epoch 32 finished in 3.93 seconds
[33,220] | tst acc:70.5, f1:55.4, auc:72.0 | trn acc:81.7, f1:68.3, auc:86.4 | loss:0.415
Epoch 33 finished in 4.10 seconds
[34,568] | tst acc:69.8, f1:51.9, auc:74.9 | trn acc:81.7, f1:68.2, auc:86.5 | loss:0.414
Epoch 34 finished in 4.15 seconds
Epoch 35 finished in 3.89 seconds
[36,240] | tst acc:72.9, f1:58.1, auc:78.1 | trn acc:81.7, f1:68.3, auc:86.4 | loss:0.415
Epoch 36 finished in 4.14 seconds
[37,588] | tst acc:71.2, f1:54.1, auc:75.3 | trn acc:81.8, f1:68.2, auc:86.5 | loss:0.414
Epoch 37 finished in 4.09 seconds
Epoch 38 finished in 3.93 seconds
[39,260] | tst acc:72.4, f1:57.0, auc:74.6 | trn acc:81.7, f1:68.5, auc:86.6 | loss:0.414
Epoch 39 finished in 4.10 seconds
[40,608] | tst acc:71.7, f1:54.8, auc:73.2 | trn acc:81.8, f1:68.3, auc:86.5 | loss:0.414
Epoch 40 finished in 4.15 seconds
Epoch 41 finished in 3.89 seconds
[42,280] | tst acc:70.1, f1:51.0, auc:75.6 | trn acc:81.6, f1:68.2, auc:86.4 | loss:0.416
Epoch 42 finished in 4.15 seconds
[43,628] | tst acc:72.9, f1:56.2, auc:77.1 | trn acc:81.6, f1:68.2, auc:86.4 | loss:0.416
Epoch 43 finished in 4.09 seconds
Epoch 44 finished in 3.93 seconds
[45,300] | tst acc:74.2, f1:61.1, auc:76.4 | trn acc:81.9, f1:68.8, auc:86.6 | loss:0.413
Epoch 45 finished in 4.10 seconds
[46,648] | tst acc:71.7, f1:57.3, auc:76.1 | trn acc:81.6, f1:68.1, auc:86.5 | loss:0.415
Epoch 46 finished in 4.14 seconds
Epoch 47 finished in 3.89 seconds
[48,320] | tst acc:72.4, f1:55.1, auc:76.5 | trn acc:81.7, f1:67.9, auc:86.5 | loss:0.413
Epoch 48 finished in 4.14 seconds
[49,668] | tst acc:73.3, f1:57.9, auc:77.8 | trn acc:81.6, f1:68.6, auc:86.5 | loss:0.416
Epoch 49 finished in 4.10 seconds
Epoch 50 finished in 3.93 seconds
[51,340] | tst acc:72.2, f1:55.9, auc:75.4 | trn acc:81.8, f1:68.1, auc:86.6 | loss:0.412
Epoch 51 finished in 4.10 seconds
Epoch 52 finished in 3.93 seconds
[53,12] | tst acc:71.5, f1:54.6, auc:73.1 | trn acc:81.6, f1:68.6, auc:86.6 | loss:0.415
Epoch 53 finished in 4.10 seconds
[54,360] | tst acc:72.6, f1:57.6, auc:75.7 | trn acc:81.9, f1:68.3, auc:86.7 | loss:0.410
Epoch 54 finished in 4.14 seconds
Epoch 55 finished in 3.89 seconds
[56,32] | tst acc:71.9, f1:53.3, auc:77.5 | trn acc:81.4, f1:68.1, auc:86.4 | loss:0.418
Epoch 56 finished in 4.14 seconds
[57,380] | tst acc:73.1, f1:58.6, auc:79.1 | trn acc:81.8, f1:68.3, auc:86.6 | loss:0.412
Epoch 57 finished in 4.10 seconds
Epoch 58 finished in 3.93 seconds
[59,52] | tst acc:72.4, f1:53.3, auc:78.5 | trn acc:81.7, f1:68.7, auc:86.7 | loss:0.413
Epoch 59 finished in 4.10 seconds
[60,400] | tst acc:72.4, f1:58.2, auc:76.0 | trn acc:81.6, f1:68.0, auc:86.4 | loss:0.417
Epoch 60 finished in 4.14 seconds
Epoch 61 finished in 3.88 seconds
[62,72] | tst acc:72.2, f1:53.8, auc:74.1 | trn acc:81.7, f1:68.6, auc:86.6 | loss:0.413
Epoch 62 finished in 4.14 seconds
[63,420] | tst acc:73.5, f1:57.8, auc:75.8 | trn acc:81.4, f1:68.2, auc:86.3 | loss:0.418
Epoch 63 finished in 4.10 seconds
Epoch 64 finished in 3.93 seconds
[65,92] | tst acc:71.2, f1:55.4, auc:73.6 | trn acc:81.7, f1:68.4, auc:86.6 | loss:0.413
Epoch 65 finished in 4.10 seconds
[66,440] | tst acc:74.9, f1:62.2, auc:78.1 | trn acc:81.7, f1:68.3, auc:86.6 | loss:0.413
Epoch 66 finished in 4.14 seconds
Epoch 67 finished in 3.89 seconds
[68,112] | tst acc:74.2, f1:58.7, auc:75.4 | trn acc:81.6, f1:68.2, auc:86.4 | loss:0.416
Epoch 68 finished in 4.14 seconds
[69,460] | tst acc:71.9, f1:53.3, auc:76.4 | trn acc:81.7, f1:68.2, auc:86.5 | loss:0.414
Epoch 69 finished in 4.10 seconds
Reached final batch of training at iter = 47992
Epoch 70 finished in 3.93 seconds
Reached final batch of training at iter = 48000
Epoch 71 finished in 0.05 seconds
Average epoch runtime: 3.99 seconds
Total training time: 287.55 GPU seconds
Loading drug dataset...
Hyperparameters:
Namespace(is_train=True, input_dir='data/input', output_dir='data/output', repository='gdsc', drug_id=-1, use_cuda=True, use_relu=True, init_gene_emb=True, use_oc=False, shuffle=False, omic='exp', use_attention=True, use_cntx_attn=True, embedding_dim=200, attention_size=128, attention_head=8, hidden_dim_enc=200, use_hid_lyr=True, max_iter=48000, max_fscore=-1, dropout_rate=0.6, learning_rate=0.3, weight_decay=0.0003, batch_size=8, test_batch_size=8, test_inc_size=1024, model_label='cntx-attn-gdsc', exp_size=3000, mut_size=1000, cnv_size=1000, omc_size=3000, drg_size=260, train_size=676, test_size=170)
HIDDEN EMBEDDING SIZE: 200
USING RELU
USING PRETRAING EMBEDDINGS
DROPOUT RATE: 0.6
USING HIDDEN LAYER
USING SELF ATTENTION
USING CONTEXTUAL ATTENTION
Training...
Batch size: 8
Train dataset size (samples): 676
Batches per epoch: 85
[0,0] | tst acc:53.7, f1:54.0, auc:57.2 | trn acc:51.7, f1:36.2, auc:53.1 | loss:4.073
Epoch 0 finished in 4.08 seconds
[1,348] | tst acc:61.8, f1:54.9, auc:71.4 | trn acc:66.4, f1:50.7, auc:62.6 | loss:1.346
Epoch 1 finished in 4.10 seconds
Epoch 2 finished in 3.94 seconds
[3,20] | tst acc:67.8, f1:62.4, auc:74.4 | trn acc:73.5, f1:57.4, auc:73.0 | loss:0.697
Epoch 3 finished in 4.10 seconds
[4,368] | tst acc:67.3, f1:59.8, auc:75.2 | trn acc:75.7, f1:60.2, auc:77.9 | loss:0.532
Epoch 4 finished in 4.16 seconds
Epoch 5 finished in 3.89 seconds
[6,40] | tst acc:68.1, f1:59.9, auc:80.4 | trn acc:79.3, f1:64.3, auc:82.1 | loss:0.474
Epoch 6 finished in 4.16 seconds
[7,388] | tst acc:69.9, f1:62.5, auc:80.8 | trn acc:79.8, f1:65.2, auc:82.9 | loss:0.464
Epoch 7 finished in 4.10 seconds
Epoch 8 finished in 3.94 seconds
[9,60] | tst acc:68.6, f1:60.3, auc:82.3 | trn acc:80.7, f1:66.5, auc:84.2 | loss:0.446
Epoch 9 finished in 4.11 seconds
[10,408] | tst acc:67.3, f1:56.4, auc:82.9 | trn acc:81.4, f1:67.2, auc:84.8 | loss:0.436
Epoch 10 finished in 4.15 seconds
Epoch 11 finished in 3.89 seconds
[12,80] | tst acc:69.4, f1:60.3, auc:83.2 | trn acc:81.1, f1:67.5, auc:84.9 | loss:0.439
Epoch 12 finished in 4.15 seconds
[13,428] | tst acc:66.8, f1:56.4, auc:83.2 | trn acc:81.5, f1:67.3, auc:85.2 | loss:0.431
Epoch 13 finished in 4.10 seconds
Epoch 14 finished in 3.94 seconds
[15,100] | tst acc:68.1, f1:59.3, auc:84.5 | trn acc:81.6, f1:68.2, auc:85.5 | loss:0.430
Epoch 15 finished in 4.10 seconds
[16,448] | tst acc:67.3, f1:57.0, auc:82.6 | trn acc:81.6, f1:67.8, auc:85.6 | loss:0.426
Epoch 16 finished in 4.14 seconds
Epoch 17 finished in 3.89 seconds
[18,120] | tst acc:69.9, f1:61.8, auc:82.4 | trn acc:81.7, f1:68.5, auc:85.9 | loss:0.423
Epoch 18 finished in 4.15 seconds
[19,468] | tst acc:70.9, f1:63.6, auc:83.0 | trn acc:81.7, f1:68.4, auc:86.0 | loss:0.420
Epoch 19 finished in 4.10 seconds
Epoch 20 finished in 3.93 seconds
[21,140] | tst acc:69.9, f1:61.8, auc:84.1 | trn acc:81.9, f1:69.2, auc:86.4 | loss:0.418
Epoch 21 finished in 4.10 seconds
[22,488] | tst acc:67.8, f1:57.1, auc:85.2 | trn acc:82.0, f1:68.8, auc:86.5 | loss:0.414
Epoch 22 finished in 4.15 seconds
Epoch 23 finished in 3.89 seconds
[24,160] | tst acc:68.8, f1:59.7, auc:84.0 | trn acc:81.6, f1:68.3, auc:86.1 | loss:0.420
Epoch 24 finished in 4.14 seconds
[25,508] | tst acc:69.6, f1:61.1, auc:83.8 | trn acc:82.2, f1:69.5, auc:86.9 | loss:0.409
Epoch 25 finished in 4.09 seconds
Epoch 26 finished in 3.93 seconds
[27,180] | tst acc:66.2, f1:54.4, auc:83.6 | trn acc:81.9, f1:68.5, auc:86.5 | loss:0.413
Epoch 27 finished in 4.10 seconds
[28,528] | tst acc:66.2, f1:55.1, auc:82.8 | trn acc:81.5, f1:68.5, auc:86.4 | loss:0.419
Epoch 28 finished in 4.15 seconds
Epoch 29 finished in 3.89 seconds
[30,200] | tst acc:68.3, f1:58.7, auc:84.3 | trn acc:82.1, f1:68.9, auc:86.7 | loss:0.411
Epoch 30 finished in 4.14 seconds
[31,548] | tst acc:67.8, f1:58.3, auc:83.4 | trn acc:81.6, f1:68.9, auc:86.5 | loss:0.418
Epoch 31 finished in 4.10 seconds
Epoch 32 finished in 3.93 seconds
[33,220] | tst acc:67.8, f1:57.7, auc:83.6 | trn acc:82.1, f1:68.8, auc:86.7 | loss:0.410
Epoch 33 finished in 4.10 seconds
[34,568] | tst acc:70.4, f1:62.5, auc:83.6 | trn acc:81.8, f1:68.7, auc:86.7 | loss:0.412
Epoch 34 finished in 4.15 seconds
Epoch 35 finished in 3.88 seconds
[36,240] | tst acc:67.5, f1:56.9, auc:82.2 | trn acc:82.0, f1:69.2, auc:86.8 | loss:0.412
Epoch 36 finished in 4.14 seconds
[37,588] | tst acc:68.3, f1:58.7, auc:82.4 | trn acc:81.7, f1:68.4, auc:86.5 | loss:0.414
Epoch 37 finished in 4.10 seconds
Epoch 38 finished in 3.93 seconds
[39,260] | tst acc:68.3, f1:59.0, auc:83.8 | trn acc:82.2, f1:69.4, auc:87.0 | loss:0.407
Epoch 39 finished in 4.10 seconds
[40,608] | tst acc:65.7, f1:53.4, auc:83.1 | trn acc:81.8, f1:68.8, auc:86.7 | loss:0.412
Epoch 40 finished in 4.14 seconds
Epoch 41 finished in 3.89 seconds
[42,280] | tst acc:67.3, f1:57.6, auc:82.3 | trn acc:81.8, f1:68.7, auc:86.6 | loss:0.414
Epoch 42 finished in 4.15 seconds
[43,628] | tst acc:67.5, f1:57.5, auc:84.2 | trn acc:82.0, f1:68.5, auc:86.8 | loss:0.409
Epoch 43 finished in 4.10 seconds
Epoch 44 finished in 3.93 seconds
[45,300] | tst acc:67.3, f1:57.3, auc:82.9 | trn acc:82.0, f1:69.2, auc:87.0 | loss:0.409
Epoch 45 finished in 4.10 seconds
[46,648] | tst acc:66.8, f1:56.1, auc:84.0 | trn acc:81.7, f1:68.5, auc:86.6 | loss:0.414
Epoch 46 finished in 4.14 seconds
Epoch 47 finished in 3.88 seconds
[48,320] | tst acc:66.5, f1:55.9, auc:83.1 | trn acc:81.9, f1:68.9, auc:86.6 | loss:0.414
Epoch 48 finished in 4.14 seconds
[49,668] | tst acc:68.1, f1:58.2, auc:83.1 | trn acc:81.9, f1:68.8, auc:86.8 | loss:0.411
Epoch 49 finished in 4.10 seconds
Epoch 50 finished in 3.93 seconds
[51,340] | tst acc:68.8, f1:59.7, auc:83.5 | trn acc:81.9, f1:68.7, auc:86.8 | loss:0.411
Epoch 51 finished in 4.10 seconds
Epoch 52 finished in 3.93 seconds
[53,12] | tst acc:68.3, f1:59.0, auc:84.7 | trn acc:81.9, f1:68.9, auc:86.8 | loss:0.410
Epoch 53 finished in 4.10 seconds
[54,360] | tst acc:67.5, f1:57.2, auc:83.8 | trn acc:81.8, f1:69.1, auc:86.8 | loss:0.412
Epoch 54 finished in 4.14 seconds
Epoch 55 finished in 3.88 seconds
[56,32] | tst acc:64.9, f1:51.8, auc:82.1 | trn acc:81.9, f1:68.9, auc:86.8 | loss:0.410
Epoch 56 finished in 4.14 seconds
[57,380] | tst acc:67.8, f1:58.3, auc:83.2 | trn acc:81.7, f1:68.8, auc:86.7 | loss:0.413
Epoch 57 finished in 4.09 seconds
Epoch 58 finished in 3.93 seconds
[59,52] | tst acc:67.8, f1:58.6, auc:82.2 | trn acc:82.0, f1:68.8, auc:86.9 | loss:0.409
Epoch 59 finished in 4.10 seconds
[60,400] | tst acc:71.2, f1:64.1, auc:83.3 | trn acc:81.7, f1:68.8, auc:86.7 | loss:0.412
Epoch 60 finished in 4.14 seconds
Epoch 61 finished in 3.89 seconds
[62,72] | tst acc:65.7, f1:53.4, auc:83.3 | trn acc:82.1, f1:68.9, auc:86.9 | loss:0.408
Epoch 62 finished in 4.14 seconds
[63,420] | tst acc:66.5, f1:56.5, auc:82.2 | trn acc:82.0, f1:69.1, auc:86.9 | loss:0.409
Epoch 63 finished in 4.10 seconds
Epoch 64 finished in 3.93 seconds
[65,92] | tst acc:67.8, f1:57.7, auc:83.1 | trn acc:81.8, f1:68.5, auc:86.7 | loss:0.412
Epoch 65 finished in 4.10 seconds
[66,440] | tst acc:69.9, f1:61.3, auc:83.8 | trn acc:82.1, f1:69.3, auc:87.1 | loss:0.408
Epoch 66 finished in 4.14 seconds
Epoch 67 finished in 3.88 seconds
[68,112] | tst acc:66.5, f1:55.9, auc:83.2 | trn acc:81.6, f1:68.4, auc:86.5 | loss:0.416
Epoch 68 finished in 4.14 seconds
[69,460] | tst acc:68.3, f1:59.0, auc:83.5 | trn acc:81.9, f1:68.8, auc:86.8 | loss:0.411
Epoch 69 finished in 4.09 seconds
Reached final batch of training at iter = 47992
Epoch 70 finished in 3.93 seconds
Reached final batch of training at iter = 48000
Epoch 71 finished in 0.05 seconds
[71,4] | tst acc:68.1, f1:58.2, auc:83.3 | trn acc:82.2, f1:69.0, auc:87.0 | loss:0.407
Average epoch runtime: 3.99 seconds
Total training time: 287.56 GPU seconds
