job is starting on gpua077.delta.ncsa.illinois.edu
Loading drug dataset...
Hyperparameters:
Namespace(is_train=True, input_dir='data/input', output_dir='data/output', repository='gdsc', drug_id=-1, use_cuda=True, use_relu=True, init_gene_emb=True, omic='exp', use_attention=True, use_cntx_attn=True, embedding_dim=200, attention_size=128, attention_head=8, hidden_dim_enc=200, use_hid_lyr=True, max_iter=48000, max_fscore=0.6452, dropout_rate=0.6, learning_rate=0.3, weight_decay=0.0003, batch_size=8, test_batch_size=8, test_inc_size=1024, model_label='cntx-attn-gdsc', exp_size=3000, mut_size=1000, cnv_size=1000, omc_size=3000, drg_size=260, train_size=676, test_size=170)
Training...
Batch size: 8
Train dataset size (samples): 676
Batches per epoch: 85
[0,0] | tst acc:49.4, f1:13.1, auc:51.4 | trn acc:49.9, f1:37.2, auc:50.9 | loss:4.091
Epoch 0 finished in 4.67 seconds
[1,348] | tst acc:56.3, f1:17.1, auc:54.8 | trn acc:54.7, f1:42.3, auc:55.6 | loss:2.886
Epoch 1 finished in 4.12 seconds
Epoch 2 finished in 3.95 seconds
[3,20] | tst acc:57.7, f1:19.8, auc:60.8 | trn acc:60.2, f1:45.8, auc:60.2 | loss:0.692
Epoch 3 finished in 4.11 seconds
[4,368] | tst acc:62.0, f1:19.2, auc:58.8 | trn acc:60.3, f1:46.0, auc:61.2 | loss:0.693
Epoch 4 finished in 4.16 seconds
Epoch 5 finished in 3.90 seconds
[6,40] | tst acc:58.9, f1:20.3, auc:62.7 | trn acc:60.6, f1:46.0, auc:61.4 | loss:0.692
Epoch 6 finished in 4.15 seconds
[7,388] | tst acc:57.7, f1:19.1, auc:62.7 | trn acc:60.6, f1:46.0, auc:61.3 | loss:0.687
Epoch 7 finished in 4.11 seconds
Epoch 8 finished in 3.94 seconds
[9,60] | tst acc:63.4, f1:23.8, auc:67.6 | trn acc:62.0, f1:47.5, auc:64.1 | loss:0.652
Epoch 9 finished in 4.11 seconds
[10,408] | tst acc:65.8, f1:23.4, auc:70.8 | trn acc:65.0, f1:49.8, auc:67.7 | loss:0.626
Epoch 10 finished in 4.16 seconds
Epoch 11 finished in 3.90 seconds
[12,80] | tst acc:66.3, f1:27.6, auc:75.6 | trn acc:68.0, f1:52.6, auc:71.0 | loss:0.599
Epoch 12 finished in 4.15 seconds
[13,428] | tst acc:70.1, f1:26.7, auc:72.5 | trn acc:70.5, f1:54.8, auc:73.3 | loss:0.576
Epoch 13 finished in 4.11 seconds
Epoch 14 finished in 3.94 seconds
[15,100] | tst acc:69.4, f1:25.4, auc:75.9 | trn acc:73.0, f1:57.4, auc:75.9 | loss:0.549
Epoch 15 finished in 4.11 seconds
[16,448] | tst acc:69.6, f1:25.6, auc:73.3 | trn acc:74.7, f1:59.3, auc:77.4 | loss:0.533
Epoch 16 finished in 4.16 seconds
Epoch 17 finished in 3.90 seconds
[18,120] | tst acc:75.5, f1:35.2, auc:78.1 | trn acc:76.1, f1:60.7, auc:78.8 | loss:0.514
Epoch 18 finished in 4.15 seconds
[19,468] | tst acc:74.1, f1:33.9, auc:81.9 | trn acc:77.3, f1:62.3, auc:79.9 | loss:0.502
Epoch 19 finished in 4.11 seconds
Epoch 20 finished in 3.94 seconds
[21,140] | tst acc:75.1, f1:32.3, auc:78.4 | trn acc:77.7, f1:62.8, auc:80.3 | loss:0.496
Epoch 21 finished in 4.11 seconds
[22,488] | tst acc:74.8, f1:32.9, auc:79.1 | trn acc:78.6, f1:64.0, auc:81.2 | loss:0.485
Epoch 22 finished in 4.16 seconds
Epoch 23 finished in 3.90 seconds
[24,160] | tst acc:76.0, f1:35.7, auc:78.9 | trn acc:79.0, f1:64.5, auc:81.7 | loss:0.479
Epoch 24 finished in 4.16 seconds
[25,508] | tst acc:74.3, f1:33.3, auc:80.7 | trn acc:79.4, f1:65.0, auc:82.1 | loss:0.474
Epoch 25 finished in 4.11 seconds
Epoch 26 finished in 3.94 seconds
[27,180] | tst acc:75.3, f1:35.0, auc:80.0 | trn acc:79.7, f1:65.3, auc:82.5 | loss:0.467
Epoch 27 finished in 4.11 seconds
[28,528] | tst acc:76.2, f1:36.7, auc:81.8 | trn acc:79.9, f1:65.9, auc:82.8 | loss:0.466
Epoch 28 finished in 4.15 seconds
Epoch 29 finished in 3.90 seconds
[30,200] | tst acc:76.7, f1:34.7, auc:80.1 | trn acc:80.1, f1:65.6, auc:83.1 | loss:0.459
Epoch 30 finished in 4.15 seconds
[31,548] | tst acc:77.0, f1:37.4, auc:79.3 | trn acc:80.3, f1:66.1, auc:83.3 | loss:0.457
Epoch 31 finished in 4.11 seconds
Epoch 32 finished in 3.94 seconds
[33,220] | tst acc:76.5, f1:35.3, auc:79.8 | trn acc:80.4, f1:66.3, auc:83.5 | loss:0.455
Epoch 33 finished in 4.11 seconds
[34,568] | tst acc:75.3, f1:35.8, auc:83.8 | trn acc:80.6, f1:66.7, auc:83.9 | loss:0.450
Epoch 34 finished in 4.16 seconds
Epoch 35 finished in 3.90 seconds
[36,240] | tst acc:76.5, f1:36.1, auc:80.3 | trn acc:80.5, f1:66.3, auc:83.9 | loss:0.449
Epoch 36 finished in 4.15 seconds
[37,588] | tst acc:77.2, f1:37.7, auc:81.6 | trn acc:80.9, f1:66.9, auc:84.3 | loss:0.444
Epoch 37 finished in 4.11 seconds
Epoch 38 finished in 3.94 seconds
[39,260] | tst acc:75.8, f1:35.4, auc:82.6 | trn acc:80.7, f1:66.9, auc:84.1 | loss:0.448
Epoch 39 finished in 4.11 seconds
[40,608] | tst acc:76.7, f1:35.5, auc:82.2 | trn acc:81.0, f1:67.0, auc:84.4 | loss:0.442
Epoch 40 finished in 4.15 seconds
Epoch 41 finished in 3.90 seconds
[42,280] | tst acc:76.7, f1:37.2, auc:83.7 | trn acc:80.9, f1:67.1, auc:84.5 | loss:0.443
Epoch 42 finished in 4.15 seconds
[43,628] | tst acc:78.9, f1:39.5, auc:82.6 | trn acc:81.1, f1:67.1, auc:84.6 | loss:0.441
Epoch 43 finished in 4.11 seconds
Epoch 44 finished in 3.94 seconds
[45,300] | tst acc:77.2, f1:36.8, auc:81.5 | trn acc:81.5, f1:67.7, auc:85.1 | loss:0.433
Epoch 45 finished in 4.10 seconds
[46,648] | tst acc:76.7, f1:35.5, auc:81.3 | trn acc:80.9, f1:67.2, auc:84.5 | loss:0.443
Epoch 46 finished in 4.16 seconds
Epoch 47 finished in 3.90 seconds
[48,320] | tst acc:77.0, f1:36.6, auc:83.3 | trn acc:81.3, f1:67.6, auc:85.0 | loss:0.434
Epoch 48 finished in 4.15 seconds
[49,668] | tst acc:76.7, f1:36.4, auc:82.0 | trn acc:81.1, f1:67.4, auc:84.7 | loss:0.440
Epoch 49 finished in 4.11 seconds
Epoch 50 finished in 3.94 seconds
[51,340] | tst acc:76.7, f1:36.4, auc:83.2 | trn acc:81.3, f1:67.6, auc:85.1 | loss:0.435
Epoch 51 finished in 4.10 seconds
Epoch 52 finished in 3.94 seconds
[53,12] | tst acc:76.7, f1:36.4, auc:82.8 | trn acc:81.2, f1:67.5, auc:84.9 | loss:0.436
Epoch 53 finished in 4.11 seconds
[54,360] | tst acc:77.0, f1:36.6, auc:82.7 | trn acc:81.3, f1:67.8, auc:85.1 | loss:0.435
Epoch 54 finished in 4.15 seconds
Epoch 55 finished in 3.89 seconds
[56,32] | tst acc:77.2, f1:37.7, auc:82.0 | trn acc:81.5, f1:67.8, auc:85.1 | loss:0.432
Epoch 56 finished in 4.15 seconds
[57,380] | tst acc:76.7, f1:36.4, auc:81.2 | trn acc:81.2, f1:67.6, auc:85.0 | loss:0.435
Epoch 57 finished in 4.10 seconds
Epoch 58 finished in 3.94 seconds
[59,52] | tst acc:77.0, f1:36.6, auc:81.0 | trn acc:81.4, f1:68.0, auc:85.4 | loss:0.431
Epoch 59 finished in 4.10 seconds
[60,400] | tst acc:77.9, f1:37.6, auc:82.9 | trn acc:81.5, f1:67.7, auc:85.3 | loss:0.429
Epoch 60 finished in 4.15 seconds
Epoch 61 finished in 3.90 seconds
[62,72] | tst acc:77.0, f1:36.6, auc:80.6 | trn acc:81.2, f1:67.6, auc:85.1 | loss:0.434
Epoch 62 finished in 4.15 seconds
[63,420] | tst acc:76.7, f1:36.4, auc:82.0 | trn acc:81.3, f1:67.7, auc:85.3 | loss:0.432
Epoch 63 finished in 4.10 seconds
Epoch 64 finished in 3.94 seconds
[65,92] | tst acc:77.4, f1:37.1, auc:82.2 | trn acc:81.5, f1:67.9, auc:85.3 | loss:0.431
Epoch 65 finished in 4.11 seconds
[66,440] | tst acc:77.4, f1:37.1, auc:81.5 | trn acc:81.5, f1:68.2, auc:85.5 | loss:0.430
Epoch 66 finished in 4.15 seconds
Epoch 67 finished in 3.89 seconds
[68,112] | tst acc:77.2, f1:36.8, auc:82.5 | trn acc:81.5, f1:67.8, auc:85.4 | loss:0.429
Epoch 68 finished in 4.15 seconds
[69,460] | tst acc:77.0, f1:36.6, auc:83.6 | trn acc:81.5, f1:68.0, auc:85.4 | loss:0.429
Epoch 69 finished in 4.10 seconds
Reached final batch of training at iter = 47992
Epoch 70 finished in 3.94 seconds
Reached final batch of training at iter = 48000
Epoch 71 finished in 0.05 seconds
Average epoch runtime: 4.01 seconds
Total training time: 288.81 GPU seconds

real	5m14.459s
user	4m59.009s
sys	0m4.520s

