job is starting on gpua021.delta.ncsa.illinois.edu
Loading drug dataset...
Hyperparameters:
Namespace(is_train=True, input_dir='data/input', output_dir='data/output', repository='gdsc', drug_id=-1, use_cuda=True, use_relu=True, init_gene_emb=True, omic='exp', use_attention=True, use_cntx_attn=True, embedding_dim=200, attention_size=128, attention_head=8, hidden_dim_enc=200, use_hid_lyr=True, max_iter=48000, max_fscore=0.0, dropout_rate=0.6, learning_rate=0.3, weight_decay=0.0003, batch_size=8, test_batch_size=8, test_inc_size=1024, model_label='cntx-attn-gdsc', exp_size=3000, mut_size=1000, cnv_size=1000, omc_size=3000, drg_size=260, train_size=676, test_size=170)
Training...
Batch size: 8
Train dataset size (samples): 676
Batches per epoch: 85
[0,0] | tst acc:47.9, f1:42.5, auc:50.4 | trn acc:52.1, f1:46.0, auc:51.5 | loss:4.064
Epoch 0 finished in 4.09 seconds
[1,348] | tst acc:55.7, f1:49.7, auc:56.7 | trn acc:54.5, f1:42.6, auc:55.5 | loss:2.906
Epoch 1 finished in 4.11 seconds
Epoch 2 finished in 3.94 seconds
[3,20] | tst acc:57.5, f1:50.5, auc:59.3 | trn acc:60.3, f1:45.9, auc:60.1 | loss:0.692
Epoch 3 finished in 4.11 seconds
[4,368] | tst acc:55.0, f1:46.7, auc:56.0 | trn acc:60.7, f1:46.4, auc:61.0 | loss:0.693
Epoch 4 finished in 4.15 seconds
Epoch 5 finished in 3.89 seconds
[6,40] | tst acc:53.9, f1:46.6, auc:53.4 | trn acc:60.6, f1:46.5, auc:61.0 | loss:0.692
Epoch 6 finished in 4.16 seconds
[7,388] | tst acc:54.1, f1:47.3, auc:55.1 | trn acc:61.0, f1:46.4, auc:61.3 | loss:0.682
Epoch 7 finished in 4.10 seconds
Epoch 8 finished in 3.94 seconds
[9,60] | tst acc:58.6, f1:50.1, auc:61.8 | trn acc:62.8, f1:48.8, auc:64.8 | loss:0.648
Epoch 9 finished in 4.11 seconds
[10,408] | tst acc:63.3, f1:53.4, auc:65.2 | trn acc:65.8, f1:50.7, auc:68.5 | loss:0.621
Epoch 10 finished in 4.16 seconds
Epoch 11 finished in 3.89 seconds
[12,80] | tst acc:61.7, f1:51.6, auc:64.9 | trn acc:68.4, f1:53.3, auc:71.5 | loss:0.595
Epoch 12 finished in 4.15 seconds
[13,428] | tst acc:64.2, f1:51.5, auc:65.9 | trn acc:71.3, f1:55.7, auc:74.4 | loss:0.567
Epoch 13 finished in 4.10 seconds
Epoch 14 finished in 3.94 seconds
[15,100] | tst acc:64.2, f1:53.2, auc:66.1 | trn acc:73.1, f1:58.0, auc:76.2 | loss:0.549
Epoch 15 finished in 4.10 seconds
[16,448] | tst acc:63.3, f1:51.5, auc:67.9 | trn acc:75.1, f1:59.9, auc:78.2 | loss:0.525
Epoch 16 finished in 4.15 seconds
Epoch 17 finished in 3.89 seconds
[18,120] | tst acc:65.5, f1:52.8, auc:67.5 | trn acc:76.3, f1:61.5, auc:79.4 | loss:0.511
Epoch 18 finished in 4.15 seconds
[19,468] | tst acc:65.3, f1:52.9, auc:70.2 | trn acc:77.2, f1:62.8, auc:80.2 | loss:0.501
Epoch 19 finished in 4.10 seconds
Epoch 20 finished in 3.93 seconds
[21,140] | tst acc:66.9, f1:53.7, auc:71.5 | trn acc:78.1, f1:63.4, auc:81.0 | loss:0.489
Epoch 21 finished in 4.10 seconds
[22,488] | tst acc:64.4, f1:50.8, auc:67.2 | trn acc:78.6, f1:64.5, auc:81.7 | loss:0.482
Epoch 22 finished in 4.15 seconds
Epoch 23 finished in 3.89 seconds
[24,160] | tst acc:66.2, f1:53.0, auc:71.8 | trn acc:79.1, f1:65.0, auc:82.3 | loss:0.474
Epoch 24 finished in 4.15 seconds
[25,508] | tst acc:66.4, f1:53.4, auc:71.8 | trn acc:79.5, f1:65.6, auc:82.7 | loss:0.468
Epoch 25 finished in 4.10 seconds
Epoch 26 finished in 3.94 seconds
[27,180] | tst acc:65.5, f1:51.9, auc:71.2 | trn acc:79.8, f1:65.7, auc:82.9 | loss:0.464
Epoch 27 finished in 4.10 seconds
[28,528] | tst acc:66.7, f1:53.9, auc:70.5 | trn acc:80.0, f1:66.1, auc:83.3 | loss:0.459
Epoch 28 finished in 4.15 seconds
Epoch 29 finished in 3.89 seconds
[30,200] | tst acc:68.9, f1:55.9, auc:71.8 | trn acc:80.1, f1:66.5, auc:83.5 | loss:0.457
Epoch 30 finished in 4.15 seconds
[31,548] | tst acc:66.7, f1:53.3, auc:71.7 | trn acc:80.3, f1:66.6, auc:83.8 | loss:0.452
Epoch 31 finished in 4.10 seconds
Epoch 32 finished in 3.94 seconds
[33,220] | tst acc:66.9, f1:52.9, auc:72.4 | trn acc:80.8, f1:67.2, auc:84.4 | loss:0.445
Epoch 33 finished in 4.10 seconds
[34,568] | tst acc:67.6, f1:55.1, auc:74.2 | trn acc:80.2, f1:66.5, auc:83.9 | loss:0.453
Epoch 34 finished in 4.15 seconds
Epoch 35 finished in 3.89 seconds
[36,240] | tst acc:67.1, f1:53.9, auc:74.9 | trn acc:80.5, f1:67.0, auc:84.3 | loss:0.448
Epoch 36 finished in 4.15 seconds
[37,588] | tst acc:67.3, f1:54.1, auc:74.2 | trn acc:81.0, f1:67.6, auc:84.7 | loss:0.440
Epoch 37 finished in 4.10 seconds
Epoch 38 finished in 3.93 seconds
[39,260] | tst acc:67.8, f1:55.6, auc:73.0 | trn acc:80.8, f1:67.4, auc:84.8 | loss:0.442
Epoch 39 finished in 4.10 seconds
[40,608] | tst acc:67.3, f1:53.8, auc:73.7 | trn acc:81.1, f1:67.6, auc:85.0 | loss:0.437
Epoch 40 finished in 4.15 seconds
Epoch 41 finished in 3.89 seconds
[42,280] | tst acc:66.9, f1:53.7, auc:73.5 | trn acc:81.1, f1:67.6, auc:84.9 | loss:0.438
Epoch 42 finished in 4.15 seconds
[43,628] | tst acc:66.9, f1:52.3, auc:73.6 | trn acc:81.3, f1:68.1, auc:85.2 | loss:0.434
Epoch 43 finished in 4.10 seconds
Epoch 44 finished in 3.94 seconds
[45,300] | tst acc:67.1, f1:53.9, auc:73.7 | trn acc:81.2, f1:67.9, auc:85.2 | loss:0.434
Epoch 45 finished in 4.10 seconds
[46,648] | tst acc:66.7, f1:53.0, auc:74.1 | trn acc:81.2, f1:68.1, auc:85.1 | loss:0.437
Epoch 46 finished in 4.15 seconds
Epoch 47 finished in 3.89 seconds
[48,320] | tst acc:68.0, f1:55.2, auc:75.0 | trn acc:81.3, f1:68.1, auc:85.3 | loss:0.434
Epoch 48 finished in 4.15 seconds
[49,668] | tst acc:67.6, f1:54.5, auc:73.9 | trn acc:81.3, f1:67.8, auc:85.3 | loss:0.433
Epoch 49 finished in 4.11 seconds
Epoch 50 finished in 3.93 seconds
[51,340] | tst acc:66.7, f1:53.0, auc:74.5 | trn acc:81.3, f1:68.0, auc:85.3 | loss:0.432
Epoch 51 finished in 4.10 seconds
Epoch 52 finished in 3.93 seconds
[53,12] | tst acc:67.3, f1:54.1, auc:73.7 | trn acc:81.3, f1:68.3, auc:85.4 | loss:0.432
Epoch 53 finished in 4.10 seconds
[54,360] | tst acc:66.7, f1:52.4, auc:74.3 | trn acc:81.5, f1:68.4, auc:85.6 | loss:0.429
Epoch 54 finished in 4.15 seconds
Epoch 55 finished in 3.89 seconds
[56,32] | tst acc:67.1, f1:53.6, auc:73.9 | trn acc:81.3, f1:68.2, auc:85.4 | loss:0.432
Epoch 56 finished in 4.14 seconds
[57,380] | tst acc:66.9, f1:53.7, auc:75.1 | trn acc:81.4, f1:68.2, auc:85.5 | loss:0.430
Epoch 57 finished in 4.10 seconds
Epoch 58 finished in 3.93 seconds
[59,52] | tst acc:66.7, f1:53.6, auc:73.7 | trn acc:81.4, f1:68.4, auc:85.7 | loss:0.428
Epoch 59 finished in 4.10 seconds
[60,400] | tst acc:67.8, f1:55.0, auc:73.9 | trn acc:81.2, f1:68.2, auc:85.5 | loss:0.432
Epoch 60 finished in 4.15 seconds
Epoch 61 finished in 3.89 seconds
[62,72] | tst acc:68.0, f1:54.9, auc:74.0 | trn acc:81.7, f1:68.7, auc:85.9 | loss:0.424
Epoch 62 finished in 4.14 seconds
[63,420] | tst acc:68.0, f1:54.9, auc:75.2 | trn acc:81.4, f1:68.2, auc:85.6 | loss:0.428
Epoch 63 finished in 4.10 seconds
Epoch 64 finished in 3.93 seconds
[65,92] | tst acc:67.3, f1:53.8, auc:75.3 | trn acc:81.5, f1:68.5, auc:85.7 | loss:0.428
Epoch 65 finished in 4.10 seconds
[66,440] | tst acc:67.3, f1:54.4, auc:75.3 | trn acc:81.3, f1:68.3, auc:85.6 | loss:0.431
Epoch 66 finished in 4.15 seconds
Epoch 67 finished in 3.89 seconds
[68,112] | tst acc:67.1, f1:53.9, auc:74.4 | trn acc:81.5, f1:68.4, auc:85.6 | loss:0.427
Epoch 68 finished in 4.15 seconds
[69,460] | tst acc:67.6, f1:54.5, auc:75.1 | trn acc:81.7, f1:68.9, auc:86.0 | loss:0.424
Epoch 69 finished in 4.10 seconds
Reached final batch of training at iter = 47992
Epoch 70 finished in 3.93 seconds
Reached final batch of training at iter = 48000
Epoch 71 finished in 0.05 seconds
Average epoch runtime: 4.00 seconds
Total training time: 287.77 GPU seconds
6

real	5m6.178s
user	4m58.642s
sys	0m6.045s