job is starting on gpua085.delta.ncsa.illinois.edu
Loading drug dataset...
Hyperparameters:
Namespace(is_train=True, input_dir='data/input', output_dir='data/output', repository='gdsc', drug_id=-1, use_cuda=True, use_relu=True, init_gene_emb=True, omic='exp', use_attention=True, use_cntx_attn=True, embedding_dim=200, attention_size=128, attention_head=8, hidden_dim_enc=200, use_hid_lyr=True, max_iter=48000, max_fscore=0.6452, dropout_rate=0.6, learning_rate=0.3, weight_decay=0.0003, batch_size=8, test_batch_size=8, test_inc_size=1024, model_label='cntx-attn-gdsc', exp_size=3000, mut_size=1000, cnv_size=1000, omc_size=3000, drg_size=260, train_size=676, test_size=170)
Training...
Batch size: 8
Train dataset size (samples): 676
Batches per epoch: 85
[0,0] | tst acc:51.8, f1:41.6, auc:51.0 | trn acc:50.3, f1:34.3, auc:50.3 | loss:4.154
Epoch 0 finished in 4.62 seconds
[1,348] | tst acc:58.4, f1:45.6, auc:59.5 | trn acc:54.6, f1:42.4, auc:55.5 | loss:2.891
Epoch 1 finished in 4.12 seconds
Epoch 2 finished in 3.94 seconds
[3,20] | tst acc:58.4, f1:44.3, auc:62.0 | trn acc:60.5, f1:46.2, auc:60.6 | loss:0.692
Epoch 3 finished in 4.11 seconds
[4,368] | tst acc:60.5, f1:46.9, auc:58.6 | trn acc:60.7, f1:46.2, auc:61.5 | loss:0.693
Epoch 4 finished in 4.15 seconds
Epoch 5 finished in 3.89 seconds
[6,40] | tst acc:58.0, f1:44.7, auc:57.4 | trn acc:60.8, f1:46.6, auc:61.6 | loss:0.692
Epoch 6 finished in 4.15 seconds
[7,388] | tst acc:57.7, f1:45.2, auc:59.4 | trn acc:61.0, f1:46.9, auc:61.5 | loss:0.686
Epoch 7 finished in 4.11 seconds
Epoch 8 finished in 3.94 seconds
[9,60] | tst acc:63.5, f1:50.0, auc:63.1 | trn acc:62.6, f1:47.8, auc:64.7 | loss:0.648
Epoch 9 finished in 4.11 seconds
[10,408] | tst acc:61.4, f1:44.8, auc:63.4 | trn acc:65.6, f1:50.5, auc:68.3 | loss:0.621
Epoch 10 finished in 4.15 seconds
Epoch 11 finished in 3.89 seconds
[12,80] | tst acc:63.7, f1:48.0, auc:68.7 | trn acc:68.5, f1:52.9, auc:71.4 | loss:0.595
Epoch 12 finished in 4.15 seconds
[13,428] | tst acc:66.5, f1:49.0, auc:68.9 | trn acc:71.1, f1:55.7, auc:74.1 | loss:0.569
Epoch 13 finished in 4.11 seconds
Epoch 14 finished in 3.94 seconds
[15,100] | tst acc:69.4, f1:52.6, auc:72.5 | trn acc:73.2, f1:57.8, auc:76.2 | loss:0.547
Epoch 15 finished in 4.10 seconds
[16,448] | tst acc:72.0, f1:56.9, auc:73.2 | trn acc:75.0, f1:59.9, auc:77.9 | loss:0.528
Epoch 16 finished in 4.15 seconds
Epoch 17 finished in 3.89 seconds
[18,120] | tst acc:68.8, f1:49.5, auc:75.1 | trn acc:76.6, f1:61.5, auc:79.5 | loss:0.508
Epoch 18 finished in 4.15 seconds
[19,468] | tst acc:71.5, f1:54.1, auc:76.4 | trn acc:77.3, f1:62.7, auc:80.1 | loss:0.501
Epoch 19 finished in 4.11 seconds
Epoch 20 finished in 3.94 seconds
[21,140] | tst acc:71.5, f1:53.5, auc:74.0 | trn acc:78.3, f1:63.5, auc:81.1 | loss:0.487
Epoch 21 finished in 4.10 seconds
[22,488] | tst acc:73.0, f1:56.9, auc:79.1 | trn acc:78.8, f1:64.6, auc:81.6 | loss:0.483
Epoch 22 finished in 4.15 seconds
Epoch 23 finished in 3.89 seconds
[24,160] | tst acc:72.0, f1:54.8, auc:75.3 | trn acc:79.2, f1:65.0, auc:82.0 | loss:0.475
Epoch 24 finished in 4.15 seconds
[25,508] | tst acc:73.0, f1:56.1, auc:77.0 | trn acc:79.8, f1:65.6, auc:82.6 | loss:0.467
Epoch 25 finished in 4.10 seconds
Epoch 26 finished in 3.94 seconds
[27,180] | tst acc:74.1, f1:57.9, auc:79.6 | trn acc:79.6, f1:65.6, auc:82.6 | loss:0.469
Epoch 27 finished in 4.11 seconds
[28,528] | tst acc:70.9, f1:52.9, auc:74.1 | trn acc:80.1, f1:66.1, auc:83.1 | loss:0.460
Epoch 28 finished in 4.15 seconds
Epoch 29 finished in 3.89 seconds
[30,200] | tst acc:71.5, f1:53.5, auc:76.2 | trn acc:80.4, f1:66.4, auc:83.5 | loss:0.455
Epoch 30 finished in 4.15 seconds
[31,548] | tst acc:71.5, f1:53.5, auc:76.3 | trn acc:80.7, f1:66.8, auc:83.8 | loss:0.451
Epoch 31 finished in 4.10 seconds
Epoch 32 finished in 3.93 seconds
[33,220] | tst acc:72.0, f1:54.2, auc:77.1 | trn acc:80.3, f1:66.6, auc:83.7 | loss:0.456
Epoch 33 finished in 4.10 seconds
[34,568] | tst acc:72.0, f1:54.5, auc:77.7 | trn acc:81.0, f1:67.2, auc:84.4 | loss:0.443
Epoch 34 finished in 4.15 seconds
Epoch 35 finished in 3.89 seconds
[36,240] | tst acc:72.2, f1:54.0, auc:77.3 | trn acc:80.7, f1:66.8, auc:84.1 | loss:0.447
Epoch 36 finished in 4.15 seconds
[37,588] | tst acc:71.3, f1:53.6, auc:77.0 | trn acc:81.1, f1:67.6, auc:84.5 | loss:0.441
Epoch 37 finished in 4.10 seconds
Epoch 38 finished in 3.93 seconds
[39,260] | tst acc:72.0, f1:54.8, auc:77.4 | trn acc:81.1, f1:67.6, auc:84.6 | loss:0.441
Epoch 39 finished in 4.11 seconds
[40,608] | tst acc:72.4, f1:54.9, auc:77.6 | trn acc:81.0, f1:67.4, auc:84.5 | loss:0.441
Epoch 40 finished in 4.15 seconds
Epoch 41 finished in 3.89 seconds
[42,280] | tst acc:71.8, f1:53.7, auc:77.9 | trn acc:81.3, f1:67.8, auc:84.9 | loss:0.437
Epoch 42 finished in 4.15 seconds
[43,628] | tst acc:72.2, f1:53.7, auc:77.6 | trn acc:81.3, f1:68.0, auc:84.9 | loss:0.438
Epoch 43 finished in 4.10 seconds
Epoch 44 finished in 3.93 seconds
[45,300] | tst acc:73.0, f1:55.7, auc:78.7 | trn acc:81.3, f1:68.0, auc:85.0 | loss:0.437
Epoch 45 finished in 4.10 seconds
[46,648] | tst acc:71.8, f1:53.3, auc:77.4 | trn acc:81.4, f1:67.7, auc:84.9 | loss:0.435
Epoch 46 finished in 4.15 seconds
Epoch 47 finished in 3.89 seconds
[48,320] | tst acc:71.8, f1:53.7, auc:77.1 | trn acc:81.7, f1:68.3, auc:85.4 | loss:0.429
Epoch 48 finished in 4.15 seconds
[49,668] | tst acc:71.8, f1:54.0, auc:78.2 | trn acc:81.2, f1:67.9, auc:84.9 | loss:0.438
Epoch 49 finished in 4.10 seconds
Epoch 50 finished in 3.93 seconds
[51,340] | tst acc:72.2, f1:54.7, auc:78.6 | trn acc:81.7, f1:68.4, auc:85.5 | loss:0.430
Epoch 51 finished in 4.11 seconds
Epoch 52 finished in 3.93 seconds
[53,12] | tst acc:72.4, f1:54.9, auc:78.6 | trn acc:81.3, f1:67.8, auc:85.0 | loss:0.436
Epoch 53 finished in 4.10 seconds
[54,360] | tst acc:72.4, f1:54.2, auc:79.8 | trn acc:81.7, f1:68.4, auc:85.4 | loss:0.429
Epoch 54 finished in 4.15 seconds
Epoch 55 finished in 3.89 seconds
[56,32] | tst acc:72.4, f1:54.5, auc:78.9 | trn acc:81.4, f1:68.2, auc:85.4 | loss:0.431
Epoch 56 finished in 4.15 seconds
[57,380] | tst acc:71.8, f1:54.0, auc:78.4 | trn acc:81.7, f1:68.4, auc:85.5 | loss:0.428
Epoch 57 finished in 4.10 seconds
Epoch 58 finished in 3.93 seconds
[59,52] | tst acc:72.4, f1:54.9, auc:79.9 | trn acc:81.5, f1:68.2, auc:85.3 | loss:0.431
Epoch 59 finished in 4.10 seconds
[60,400] | tst acc:72.0, f1:54.2, auc:79.0 | trn acc:81.6, f1:68.4, auc:85.6 | loss:0.429
Epoch 60 finished in 4.15 seconds
Epoch 61 finished in 3.89 seconds
[62,72] | tst acc:71.1, f1:52.8, auc:79.2 | trn acc:81.6, f1:68.4, auc:85.5 | loss:0.430
Epoch 62 finished in 4.15 seconds
[63,420] | tst acc:71.8, f1:54.0, auc:78.6 | trn acc:81.5, f1:68.3, auc:85.4 | loss:0.431
Epoch 63 finished in 4.10 seconds
Epoch 64 finished in 3.93 seconds
[65,92] | tst acc:71.3, f1:52.6, auc:79.0 | trn acc:81.8, f1:68.6, auc:85.7 | loss:0.425
Epoch 65 finished in 4.10 seconds
[66,440] | tst acc:72.4, f1:54.9, auc:79.2 | trn acc:81.8, f1:68.7, auc:85.8 | loss:0.426
Epoch 66 finished in 4.15 seconds
Epoch 67 finished in 3.89 seconds
[68,112] | tst acc:72.4, f1:54.9, auc:78.8 | trn acc:81.5, f1:68.2, auc:85.5 | loss:0.429
Epoch 68 finished in 4.15 seconds
[69,460] | tst acc:71.8, f1:53.7, auc:78.7 | trn acc:81.7, f1:68.6, auc:85.7 | loss:0.426
Epoch 69 finished in 4.10 seconds
Epoch 70 finished in 3.94 seconds
Epoch 71 finished in 0.05 seconds
Average epoch runtime: 4.01 seconds
Total training time: 288.39 GPU seconds

real	5m15.333s
user	4m58.005s
sys	0m4.535s
