alpha = auto
SEED: 5497
Loading drug dataset...
Hyperparameters:
Namespace(seed=5497, is_train=True, input_dir='data/input', output_dir='data/output', repository='gdsc', drug_id=-1, use_cuda=True, use_relu=True, init_gene_emb=True, scheduler='onecycle', shuffle=False, omic='exp', use_attention=True, use_cntx_attn=True, embedding_dim=200, attention_size=128, attention_head=8, hidden_dim_enc=200, use_hid_lyr=True, max_iter=48000, max_fscore=-1, dropout_rate=0.6, learning_rate=0.3, weight_decay=0.0003, batch_size=8, test_batch_size=8, test_inc_size=1024, model_label='cntx-attn-gdsc', focal=True, alpha=-1.0, gamma=2.0, adam=False, exp_size=3000, mut_size=1000, cnv_size=1000, omc_size=3000, drg_size=260, train_size=676, test_size=170)
HIDDEN EMBEDDING SIZE: 200
USING RELU
USING PRETRAING EMBEDDINGS
DROPOUT RATE: 0.6
USING HIDDEN LAYER
USING SELF ATTENTION
USING CONTEXTUAL ATTENTION
INITIALIZING SGD OPTIMIZER
USING FOCAL LOSS
GAMMA: 2.0
AUTOMATIC ALPHA
Training...
INITIALIZING ONE CYCLE
Batch size: 8
Train dataset size (samples): 676
Batches per epoch: 85
Reached final batch of training at iter = 47992
Reached final batch of training at iter = 48000
Epoch 71 finished in 0.05 seconds
[71,4] | tst acc:10.5, f1:18.3, auc:67.9 | trn acc:32.9, f1:48.9, auc:69.6 | loss:0.004
Average epoch runtime: 4.00 seconds
Total training time: 288.35 GPU seconds
SEED: 58475
Loading drug dataset...
Hyperparameters:
Namespace(seed=58475, is_train=True, input_dir='data/input', output_dir='data/output', repository='gdsc', drug_id=-1, use_cuda=True, use_relu=True, init_gene_emb=True, scheduler='onecycle', shuffle=False, omic='exp', use_attention=True, use_cntx_attn=True, embedding_dim=200, attention_size=128, attention_head=8, hidden_dim_enc=200, use_hid_lyr=True, max_iter=48000, max_fscore=-1, dropout_rate=0.6, learning_rate=0.3, weight_decay=0.0003, batch_size=8, test_batch_size=8, test_inc_size=1024, model_label='cntx-attn-gdsc', focal=True, alpha=-1.0, gamma=2.0, adam=False, exp_size=3000, mut_size=1000, cnv_size=1000, omc_size=3000, drg_size=260, train_size=676, test_size=170)
HIDDEN EMBEDDING SIZE: 200
USING RELU
USING PRETRAING EMBEDDINGS
DROPOUT RATE: 0.6
USING HIDDEN LAYER
USING SELF ATTENTION
USING CONTEXTUAL ATTENTION
INITIALIZING SGD OPTIMIZER
USING FOCAL LOSS
GAMMA: 2.0
AUTOMATIC ALPHA
Training...
INITIALIZING ONE CYCLE
Batch size: 8
Train dataset size (samples): 676
Batches per epoch: 85
Reached final batch of training at iter = 47992
Reached final batch of training at iter = 48000
Epoch 71 finished in 0.05 seconds
[71,4] | tst acc:29.3, f1:44.7, auc:65.2 | trn acc:31.6, f1:47.4, auc:69.2 | loss:0.004
Average epoch runtime: 4.01 seconds
Total training time: 288.51 GPU seconds
SEED: 94707
Loading drug dataset...
Hyperparameters:
Namespace(seed=94707, is_train=True, input_dir='data/input', output_dir='data/output', repository='gdsc', drug_id=-1, use_cuda=True, use_relu=True, init_gene_emb=True, scheduler='onecycle', shuffle=False, omic='exp', use_attention=True, use_cntx_attn=True, embedding_dim=200, attention_size=128, attention_head=8, hidden_dim_enc=200, use_hid_lyr=True, max_iter=48000, max_fscore=-1, dropout_rate=0.6, learning_rate=0.3, weight_decay=0.0003, batch_size=8, test_batch_size=8, test_inc_size=1024, model_label='cntx-attn-gdsc', focal=True, alpha=-1.0, gamma=2.0, adam=False, exp_size=3000, mut_size=1000, cnv_size=1000, omc_size=3000, drg_size=260, train_size=676, test_size=170)
HIDDEN EMBEDDING SIZE: 200
USING RELU
USING PRETRAING EMBEDDINGS
DROPOUT RATE: 0.6
USING HIDDEN LAYER
USING SELF ATTENTION
USING CONTEXTUAL ATTENTION
INITIALIZING SGD OPTIMIZER
USING FOCAL LOSS
GAMMA: 2.0
AUTOMATIC ALPHA
Training...
INITIALIZING ONE CYCLE
Batch size: 8
Train dataset size (samples): 676
Batches per epoch: 85
Reached final batch of training at iter = 47992
Reached final batch of training at iter = 48000
Epoch 71 finished in 0.05 seconds
[71,4] | tst acc:50.6, f1:66.5, auc:61.3 | trn acc:31.5, f1:47.3, auc:68.8 | loss:0.004
Average epoch runtime: 4.00 seconds
Total training time: 288.07 GPU seconds
