alpha = auto
Loading drug dataset...
Hyperparameters:
Namespace(is_train=True, input_dir='data/input', output_dir='data/output', repository='gdsc', drug_id=-1, use_cuda=True, use_relu=True, init_gene_emb=True, use_oc=True, shuffle=False, omic='exp', use_attention=True, use_cntx_attn=True, embedding_dim=200, attention_size=128, attention_head=8, hidden_dim_enc=100, use_hid_lyr=True, max_iter=48000, max_fscore=-1, dropout_rate=0.6, learning_rate=0.3, weight_decay=0.0003, batch_size=8, test_batch_size=8, test_inc_size=1024, model_label='cntx-attn-gdsc', focal=True, alpha=-1.0, gamma=2.0, adam=False, exp_size=3000, mut_size=1000, cnv_size=1000, omc_size=3000, drg_size=260, train_size=676, test_size=170)
USING FOCAL LOSS
GAMMA: 2.0
AUTOMATIC ALPHA
Training...
INITIALIZING ONE CYCLE

[0,0] | tst acc:51.8, f1:50.8, auc:52.9 | trn acc:47.5, f1:35.6, auc:49.1 | loss:1.167
Epoch 0 finished in 4.10 seconds
[1,348] | tst acc:54.1, f1:57.8, auc:55.7 | trn acc:49.9, f1:41.5, auc:52.4 | loss:0.956
Epoch 1 finished in 4.12 seconds
Epoch 2 finished in 3.95 seconds
[3,20] | tst acc:53.7, f1:58.9, auc:53.8 | trn acc:50.3, f1:47.6, auc:58.0 | loss:0.429
Epoch 3 finished in 4.11 seconds
[4,368] | tst acc:54.8, f1:61.9, auc:57.6 | trn acc:49.8, f1:50.1, auc:61.4 | loss:0.233
Epoch 4 finished in 4.15 seconds
Epoch 5 finished in 3.90 seconds
[6,40] | tst acc:53.5, f1:62.4, auc:59.5 | trn acc:48.2, f1:50.5, auc:62.9 | loss:0.148
Epoch 6 finished in 4.15 seconds
[7,388] | tst acc:53.9, f1:62.9, auc:59.1 | trn acc:47.4, f1:51.2, auc:62.4 | loss:0.073
Epoch 7 finished in 4.11 seconds
Epoch 8 finished in 3.94 seconds
[9,60] | tst acc:55.0, f1:64.4, auc:60.8 | trn acc:47.1, f1:51.3, auc:63.5 | loss:0.027
Epoch 9 finished in 4.11 seconds
[10,408] | tst acc:53.7, f1:62.4, auc:63.8 | trn acc:47.0, f1:51.4, auc:64.4 | loss:0.025
Epoch 10 finished in 4.15 seconds
Epoch 11 finished in 3.90 seconds
[12,80] | tst acc:56.3, f1:65.2, auc:64.3 | trn acc:46.5, f1:51.2, auc:64.7 | loss:0.024
Epoch 12 finished in 4.15 seconds
[13,428] | tst acc:55.6, f1:65.0, auc:63.9 | trn acc:46.5, f1:51.4, auc:65.1 | loss:0.023
Epoch 13 finished in 4.11 seconds
Epoch 14 finished in 3.94 seconds
[15,100] | tst acc:53.5, f1:63.4, auc:60.2 | trn acc:46.4, f1:51.7, auc:65.7 | loss:0.022
Epoch 15 finished in 4.11 seconds
[16,448] | tst acc:53.7, f1:64.1, auc:62.0 | trn acc:46.0, f1:51.7, auc:65.8 | loss:0.021
Epoch 16 finished in 4.15 seconds
Epoch 17 finished in 3.90 seconds
[18,120] | tst acc:53.3, f1:63.9, auc:62.9 | trn acc:45.6, f1:51.5, auc:66.2 | loss:0.019
Epoch 18 finished in 4.16 seconds
[19,468] | tst acc:55.4, f1:66.2, auc:69.1 | trn acc:45.2, f1:51.6, auc:66.4 | loss:0.018
Epoch 19 finished in 4.11 seconds
Epoch 20 finished in 3.94 seconds
[21,140] | tst acc:52.2, f1:63.3, auc:63.2 | trn acc:44.5, f1:51.2, auc:66.6 | loss:0.017
Epoch 21 finished in 4.11 seconds
[22,488] | tst acc:54.4, f1:65.8, auc:61.6 | trn acc:44.5, f1:51.8, auc:66.6 | loss:0.016
Epoch 22 finished in 4.15 seconds
Epoch 23 finished in 3.90 seconds
[24,160] | tst acc:54.1, f1:64.8, auc:66.2 | trn acc:43.5, f1:51.1, auc:67.1 | loss:0.015
Epoch 24 finished in 4.16 seconds
[25,508] | tst acc:54.8, f1:66.5, auc:67.9 | trn acc:42.9, f1:51.1, auc:67.0 | loss:0.014
Epoch 25 finished in 4.10 seconds
Epoch 26 finished in 3.94 seconds
[27,180] | tst acc:55.4, f1:66.1, auc:66.0 | trn acc:42.5, f1:51.3, auc:67.1 | loss:0.013
Epoch 27 finished in 4.11 seconds
[28,528] | tst acc:50.5, f1:64.0, auc:64.1 | trn acc:41.4, f1:50.6, auc:66.8 | loss:0.012
Epoch 28 finished in 4.15 seconds
Epoch 29 finished in 3.90 seconds
[30,200] | tst acc:49.9, f1:63.2, auc:62.7 | trn acc:40.7, f1:50.4, auc:67.0 | loss:0.011
Epoch 30 finished in 4.16 seconds
[31,548] | tst acc:52.0, f1:64.9, auc:60.3 | trn acc:40.3, f1:50.6, auc:67.2 | loss:0.010
Epoch 31 finished in 4.10 seconds
Epoch 32 finished in 3.94 seconds
[33,220] | tst acc:49.9, f1:63.9, auc:63.5 | trn acc:39.6, f1:50.5, auc:67.1 | loss:0.009
Epoch 33 finished in 4.11 seconds
[34,568] | tst acc:52.4, f1:66.0, auc:64.3 | trn acc:38.6, f1:49.8, auc:67.2 | loss:0.008
Epoch 34 finished in 4.15 seconds
Epoch 35 finished in 3.90 seconds
[36,240] | tst acc:49.7, f1:64.1, auc:60.3 | trn acc:38.0, f1:49.8, auc:67.0 | loss:0.008
Epoch 36 finished in 4.16 seconds
[37,588] | tst acc:50.7, f1:65.2, auc:61.6 | trn acc:37.2, f1:49.6, auc:66.9 | loss:0.007
Epoch 37 finished in 4.10 seconds
Epoch 38 finished in 3.94 seconds
[39,260] | tst acc:48.6, f1:64.0, auc:57.5 | trn acc:36.5, f1:49.3, auc:66.8 | loss:0.007
Epoch 39 finished in 4.11 seconds
[40,608] | tst acc:49.5, f1:64.3, auc:61.2 | trn acc:36.0, f1:49.2, auc:66.8 | loss:0.006
Epoch 40 finished in 4.15 seconds
Epoch 41 finished in 3.90 seconds
[42,280] | tst acc:48.6, f1:64.0, auc:63.5 | trn acc:35.6, f1:49.1, auc:66.3 | loss:0.006
Epoch 42 finished in 4.16 seconds
[43,628] | tst acc:49.0, f1:64.4, auc:58.5 | trn acc:35.2, f1:49.0, auc:66.4 | loss:0.006
Epoch 43 finished in 4.11 seconds
Epoch 44 finished in 3.94 seconds
[45,300] | tst acc:49.3, f1:64.6, auc:59.5 | trn acc:34.8, f1:48.9, auc:66.3 | loss:0.006
Epoch 45 finished in 4.11 seconds
[46,648] | tst acc:49.7, f1:65.1, auc:54.5 | trn acc:34.3, f1:48.6, auc:66.4 | loss:0.005
Epoch 46 finished in 4.15 seconds
Epoch 47 finished in 3.90 seconds
[48,320] | tst acc:50.1, f1:65.5, auc:61.5 | trn acc:34.2, f1:48.8, auc:66.5 | loss:0.005
Epoch 48 finished in 4.15 seconds
[49,668] | tst acc:48.0, f1:64.1, auc:60.7 | trn acc:33.5, f1:48.3, auc:66.6 | loss:0.005
Epoch 49 finished in 4.10 seconds
Epoch 50 finished in 3.95 seconds
[51,340] | tst acc:47.8, f1:64.1, auc:55.6 | trn acc:33.2, f1:48.2, auc:66.8 | loss:0.005
Epoch 51 finished in 4.11 seconds
Epoch 52 finished in 3.94 seconds
[53,12] | tst acc:47.1, f1:64.0, auc:53.5 | trn acc:33.6, f1:48.8, auc:66.7 | loss:0.005
Epoch 53 finished in 4.11 seconds
[54,360] | tst acc:48.0, f1:64.4, auc:57.7 | trn acc:33.1, f1:48.3, auc:66.8 | loss:0.005
Epoch 54 finished in 4.15 seconds
Epoch 55 finished in 3.90 seconds
[56,32] | tst acc:47.8, f1:64.3, auc:60.7 | trn acc:32.4, f1:47.7, auc:67.4 | loss:0.005
Epoch 56 finished in 4.15 seconds
[57,380] | tst acc:47.8, f1:64.3, auc:60.2 | trn acc:32.9, f1:48.4, auc:67.5 | loss:0.005
Epoch 57 finished in 4.11 seconds
Epoch 58 finished in 3.94 seconds
[59,52] | tst acc:47.3, f1:64.3, auc:57.4 | trn acc:32.5, f1:48.1, auc:67.9 | loss:0.004
Epoch 59 finished in 4.11 seconds
[60,400] | tst acc:47.8, f1:64.3, auc:61.0 | trn acc:32.7, f1:48.3, auc:67.9 | loss:0.004
Epoch 60 finished in 4.15 seconds
Epoch 61 finished in 3.90 seconds
[62,72] | tst acc:48.4, f1:64.7, auc:59.3 | trn acc:32.5, f1:48.2, auc:68.4 | loss:0.004
Epoch 62 finished in 4.15 seconds
[63,420] | tst acc:47.6, f1:64.4, auc:58.5 | trn acc:32.4, f1:48.2, auc:68.3 | loss:0.004
Epoch 63 finished in 4.10 seconds
Epoch 64 finished in 3.94 seconds
[65,92] | tst acc:48.0, f1:64.5, auc:61.6 | trn acc:32.1, f1:47.8, auc:68.5 | loss:0.004
Epoch 65 finished in 4.11 seconds
[66,440] | tst acc:48.0, f1:64.4, auc:64.7 | trn acc:32.4, f1:48.2, auc:68.8 | loss:0.004
Epoch 66 finished in 4.16 seconds
Epoch 67 finished in 3.90 seconds
[68,112] | tst acc:48.4, f1:64.7, auc:60.9 | trn acc:32.2, f1:48.1, auc:68.7 | loss:0.004
Epoch 68 finished in 4.15 seconds
[69,460] | tst acc:47.6, f1:64.3, auc:61.9 | trn acc:32.3, f1:48.2, auc:68.8 | loss:0.004
Epoch 69 finished in 4.11 seconds
Reached final batch of training at iter = 47992
Epoch 70 finished in 3.94 seconds
Reached final batch of training at iter = 48000
Epoch 71 finished in 0.05 seconds
[71,4] | tst acc:48.0, f1:64.5, auc:61.5 | trn acc:31.7, f1:47.5, auc:69.0 | loss:0.004
Average epoch runtime: 4.00 seconds
Total training time: 288.26 GPU seconds
Loading drug dataset...
Hyperparameters:
Namespace(is_train=True, input_dir='data/input', output_dir='data/output', repository='gdsc', drug_id=-1, use_cuda=True, use_relu=True, init_gene_emb=True, use_oc=True, shuffle=False, omic='exp', use_attention=True, use_cntx_attn=True, embedding_dim=200, attention_size=128, attention_head=8, hidden_dim_enc=100, use_hid_lyr=True, max_iter=48000, max_fscore=-1, dropout_rate=0.6, learning_rate=0.3, weight_decay=0.0003, batch_size=8, test_batch_size=8, test_inc_size=1024, model_label='cntx-attn-gdsc', focal=True, alpha=-1.0, gamma=2.0, adam=False, exp_size=3000, mut_size=1000, cnv_size=1000, omc_size=3000, drg_size=260, train_size=676, test_size=170)
USING FOCAL LOSS
GAMMA: 2.0
AUTOMATIC ALPHA
Training...
INITIALIZING ONE CYCLE

[0,0] | tst acc:51.8, f1:42.3, auc:53.0 | trn acc:47.2, f1:31.8, auc:48.9 | loss:1.000
Epoch 0 finished in 4.10 seconds
[1,348] | tst acc:49.2, f1:46.7, auc:55.2 | trn acc:49.9, f1:41.6, auc:52.3 | loss:0.956
Epoch 1 finished in 4.12 seconds
Epoch 2 finished in 3.95 seconds
[3,20] | tst acc:51.8, f1:51.5, auc:59.2 | trn acc:50.1, f1:46.9, auc:57.8 | loss:0.425
Epoch 3 finished in 4.12 seconds
[4,368] | tst acc:49.8, f1:52.4, auc:58.6 | trn acc:49.4, f1:49.4, auc:61.1 | loss:0.230
Epoch 4 finished in 4.16 seconds
Epoch 5 finished in 3.90 seconds
[6,40] | tst acc:53.0, f1:56.7, auc:67.5 | trn acc:47.9, f1:50.1, auc:62.5 | loss:0.150
Epoch 6 finished in 4.16 seconds
[7,388] | tst acc:48.8, f1:53.6, auc:64.9 | trn acc:47.6, f1:51.5, auc:61.6 | loss:0.067
Epoch 7 finished in 4.11 seconds
Epoch 8 finished in 3.94 seconds
[9,60] | tst acc:47.6, f1:53.2, auc:62.4 | trn acc:46.3, f1:50.1, auc:63.0 | loss:0.027
Epoch 9 finished in 4.11 seconds
[10,408] | tst acc:53.0, f1:57.8, auc:68.7 | trn acc:47.0, f1:51.3, auc:63.7 | loss:0.026
Epoch 10 finished in 4.15 seconds
Epoch 11 finished in 3.90 seconds
[12,80] | tst acc:49.2, f1:54.8, auc:65.0 | trn acc:46.3, f1:50.8, auc:63.7 | loss:0.025
Epoch 12 finished in 4.15 seconds
[13,428] | tst acc:47.4, f1:53.6, auc:65.2 | trn acc:46.2, f1:50.9, auc:64.4 | loss:0.023
Epoch 13 finished in 4.10 seconds
Epoch 14 finished in 3.94 seconds
[15,100] | tst acc:47.6, f1:53.7, auc:65.2 | trn acc:46.1, f1:51.2, auc:64.4 | loss:0.022
Epoch 15 finished in 4.11 seconds
[16,448] | tst acc:48.2, f1:54.8, auc:63.6 | trn acc:45.6, f1:51.1, auc:65.1 | loss:0.021
Epoch 16 finished in 4.16 seconds
Epoch 17 finished in 3.90 seconds
[18,120] | tst acc:46.8, f1:54.4, auc:66.5 | trn acc:45.5, f1:51.2, auc:65.3 | loss:0.020
Epoch 18 finished in 4.15 seconds
[19,468] | tst acc:46.0, f1:53.9, auc:66.0 | trn acc:45.1, f1:51.4, auc:65.4 | loss:0.019
Epoch 19 finished in 4.11 seconds
Epoch 20 finished in 3.94 seconds
[21,140] | tst acc:46.6, f1:53.9, auc:66.6 | trn acc:44.5, f1:51.1, auc:65.5 | loss:0.017
Epoch 21 finished in 4.11 seconds
[22,488] | tst acc:47.2, f1:55.4, auc:67.4 | trn acc:43.8, f1:50.7, auc:66.0 | loss:0.016
Epoch 22 finished in 4.15 seconds
Epoch 23 finished in 3.90 seconds
[24,160] | tst acc:46.0, f1:54.1, auc:67.0 | trn acc:43.5, f1:50.9, auc:66.5 | loss:0.015
Epoch 24 finished in 4.15 seconds
[25,508] | tst acc:44.8, f1:54.3, auc:61.5 | trn acc:42.7, f1:50.8, auc:66.3 | loss:0.013
Epoch 25 finished in 4.10 seconds
Epoch 26 finished in 3.94 seconds
[27,180] | tst acc:47.8, f1:55.8, auc:66.0 | trn acc:42.3, f1:51.0, auc:66.5 | loss:0.013
Epoch 27 finished in 4.10 seconds
[28,528] | tst acc:42.5, f1:53.7, auc:68.5 | trn acc:41.1, f1:50.2, auc:66.5 | loss:0.012
Epoch 28 finished in 4.15 seconds
Epoch 29 finished in 3.90 seconds
[30,200] | tst acc:45.2, f1:54.6, auc:68.8 | trn acc:40.6, f1:50.3, auc:66.7 | loss:0.011
Epoch 30 finished in 4.16 seconds
[31,548] | tst acc:43.1, f1:54.1, auc:68.9 | trn acc:39.8, f1:49.9, auc:66.6 | loss:0.010
Epoch 31 finished in 4.11 seconds
Epoch 32 finished in 3.94 seconds
[33,220] | tst acc:40.7, f1:52.9, auc:68.8 | trn acc:39.0, f1:49.8, auc:66.6 | loss:0.009
Epoch 33 finished in 4.11 seconds
[34,568] | tst acc:40.9, f1:52.5, auc:65.1 | trn acc:38.4, f1:49.7, auc:66.8 | loss:0.009
Epoch 34 finished in 4.15 seconds
Epoch 35 finished in 3.90 seconds
[36,240] | tst acc:42.5, f1:54.1, auc:67.5 | trn acc:37.4, f1:49.1, auc:66.4 | loss:0.008
Epoch 36 finished in 4.16 seconds
[37,588] | tst acc:38.5, f1:51.9, auc:68.2 | trn acc:36.8, f1:49.0, auc:66.5 | loss:0.007
Epoch 37 finished in 4.11 seconds
Epoch 38 finished in 3.94 seconds
[39,260] | tst acc:39.3, f1:52.2, auc:70.6 | trn acc:36.4, f1:49.1, auc:66.7 | loss:0.007
Epoch 39 finished in 4.11 seconds
[40,608] | tst acc:39.1, f1:52.5, auc:63.1 | trn acc:35.9, f1:49.1, auc:66.3 | loss:0.007
Epoch 40 finished in 4.15 seconds
Epoch 41 finished in 3.90 seconds
[42,280] | tst acc:38.1, f1:52.1, auc:66.7 | trn acc:34.9, f1:48.3, auc:66.5 | loss:0.006
Epoch 42 finished in 4.15 seconds
[43,628] | tst acc:38.1, f1:52.1, auc:67.7 | trn acc:34.9, f1:48.7, auc:66.1 | loss:0.006
Epoch 43 finished in 4.10 seconds
Epoch 44 finished in 3.94 seconds
[45,300] | tst acc:37.3, f1:51.8, auc:66.3 | trn acc:34.0, f1:48.0, auc:66.1 | loss:0.006
Epoch 45 finished in 4.11 seconds
[46,648] | tst acc:37.3, f1:51.7, auc:67.8 | trn acc:34.5, f1:48.9, auc:66.3 | loss:0.005
Epoch 46 finished in 4.15 seconds
Epoch 47 finished in 3.90 seconds
[48,320] | tst acc:36.5, f1:51.7, auc:67.5 | trn acc:33.6, f1:48.2, auc:66.2 | loss:0.005
Epoch 48 finished in 4.15 seconds
[49,668] | tst acc:37.1, f1:51.9, auc:68.5 | trn acc:33.4, f1:48.1, auc:66.2 | loss:0.005
Epoch 49 finished in 4.11 seconds
Epoch 50 finished in 3.94 seconds
[51,340] | tst acc:36.7, f1:51.7, auc:66.7 | trn acc:33.4, f1:48.4, auc:66.4 | loss:0.005
Epoch 51 finished in 4.12 seconds
Epoch 52 finished in 3.94 seconds
[53,12] | tst acc:34.1, f1:50.6, auc:67.0 | trn acc:32.6, f1:47.6, auc:66.6 | loss:0.005
Epoch 53 finished in 4.11 seconds
[54,360] | tst acc:34.7, f1:51.0, auc:65.5 | trn acc:32.9, f1:48.2, auc:66.6 | loss:0.005
Epoch 54 finished in 4.15 seconds
Epoch 55 finished in 3.90 seconds
[56,32] | tst acc:34.9, f1:51.0, auc:67.3 | trn acc:32.4, f1:47.7, auc:67.1 | loss:0.005
Epoch 56 finished in 4.15 seconds
[57,380] | tst acc:35.3, f1:51.2, auc:66.9 | trn acc:32.1, f1:47.5, auc:67.2 | loss:0.004
Epoch 57 finished in 4.11 seconds
Epoch 58 finished in 3.94 seconds
[59,52] | tst acc:34.7, f1:51.0, auc:73.0 | trn acc:32.5, f1:48.0, auc:67.4 | loss:0.005
Epoch 59 finished in 4.10 seconds
[60,400] | tst acc:34.9, f1:51.0, auc:72.1 | trn acc:32.2, f1:47.7, auc:67.9 | loss:0.004
Epoch 60 finished in 4.15 seconds
Epoch 61 finished in 3.90 seconds
[62,72] | tst acc:35.3, f1:51.2, auc:67.1 | trn acc:32.2, f1:47.8, auc:67.9 | loss:0.004
Epoch 62 finished in 4.15 seconds
[63,420] | tst acc:34.1, f1:50.7, auc:66.9 | trn acc:31.9, f1:47.6, auc:68.2 | loss:0.004
Epoch 63 finished in 4.11 seconds
Epoch 64 finished in 3.94 seconds
[65,92] | tst acc:34.7, f1:51.0, auc:70.8 | trn acc:31.8, f1:47.5, auc:68.5 | loss:0.004
Epoch 65 finished in 4.11 seconds
[66,440] | tst acc:34.5, f1:50.9, auc:66.8 | trn acc:31.7, f1:47.4, auc:68.4 | loss:0.004
Epoch 66 finished in 4.16 seconds
Epoch 67 finished in 3.90 seconds
[68,112] | tst acc:34.3, f1:50.7, auc:67.0 | trn acc:32.1, f1:47.9, auc:68.4 | loss:0.004
Epoch 68 finished in 4.15 seconds
[69,460] | tst acc:34.9, f1:50.9, auc:69.2 | trn acc:31.6, f1:47.4, auc:68.6 | loss:0.004
Epoch 69 finished in 4.11 seconds
Reached final batch of training at iter = 47992
Epoch 70 finished in 3.94 seconds
Reached final batch of training at iter = 48000
Epoch 71 finished in 0.05 seconds
[71,4] | tst acc:34.7, f1:51.0, auc:69.2 | trn acc:32.2, f1:48.0, auc:68.6 | loss:0.004
Average epoch runtime: 4.00 seconds
Total training time: 288.27 GPU seconds
Loading drug dataset...
Hyperparameters:
Namespace(is_train=True, input_dir='data/input', output_dir='data/output', repository='gdsc', drug_id=-1, use_cuda=True, use_relu=True, init_gene_emb=True, use_oc=True, shuffle=False, omic='exp', use_attention=True, use_cntx_attn=True, embedding_dim=200, attention_size=128, attention_head=8, hidden_dim_enc=100, use_hid_lyr=True, max_iter=48000, max_fscore=-1, dropout_rate=0.6, learning_rate=0.3, weight_decay=0.0003, batch_size=8, test_batch_size=8, test_inc_size=1024, model_label='cntx-attn-gdsc', focal=True, alpha=-1.0, gamma=2.0, adam=False, exp_size=3000, mut_size=1000, cnv_size=1000, omc_size=3000, drg_size=260, train_size=676, test_size=170)
USING FOCAL LOSS
GAMMA: 2.0
AUTOMATIC ALPHA
Training...
INITIALIZING ONE CYCLE

[0,0] | tst acc:52.3, f1:41.1, auc:52.4 | trn acc:48.7, f1:34.1, auc:50.1 | loss:1.016
Epoch 0 finished in 4.87 seconds
[1,348] | tst acc:48.1, f1:42.8, auc:52.9 | trn acc:49.9, f1:41.8, auc:52.5 | loss:0.955
Epoch 1 finished in 4.12 seconds
Epoch 2 finished in 3.95 seconds
[3,20] | tst acc:49.3, f1:46.7, auc:60.0 | trn acc:50.3, f1:47.5, auc:58.0 | loss:0.423
Epoch 3 finished in 4.11 seconds
[4,368] | tst acc:46.7, f1:47.4, auc:59.6 | trn acc:49.6, f1:50.1, auc:61.1 | loss:0.236
Epoch 4 finished in 4.16 seconds
Epoch 5 finished in 3.90 seconds
[6,40] | tst acc:48.5, f1:50.2, auc:64.9 | trn acc:48.4, f1:50.8, auc:62.9 | loss:0.145
Epoch 6 finished in 4.16 seconds
[7,388] | tst acc:45.9, f1:49.7, auc:59.0 | trn acc:47.9, f1:51.6, auc:61.5 | loss:0.063
Epoch 7 finished in 4.11 seconds
Epoch 8 finished in 3.94 seconds
[9,60] | tst acc:43.2, f1:46.9, auc:56.9 | trn acc:47.0, f1:51.1, auc:62.5 | loss:0.028
Epoch 9 finished in 4.11 seconds
[10,408] | tst acc:46.7, f1:49.3, auc:60.1 | trn acc:47.2, f1:51.5, auc:63.4 | loss:0.027
Epoch 10 finished in 4.15 seconds
Epoch 11 finished in 3.90 seconds
[12,80] | tst acc:46.5, f1:49.4, auc:62.6 | trn acc:46.9, f1:51.6, auc:63.9 | loss:0.025
Epoch 12 finished in 4.16 seconds
[13,428] | tst acc:44.8, f1:49.5, auc:59.1 | trn acc:46.8, f1:51.6, auc:64.5 | loss:0.024
Epoch 13 finished in 4.11 seconds
Epoch 14 finished in 3.94 seconds
[15,100] | tst acc:43.4, f1:47.4, auc:58.6 | trn acc:46.5, f1:51.7, auc:64.9 | loss:0.023
Epoch 15 finished in 4.11 seconds
[16,448] | tst acc:43.4, f1:48.2, auc:58.2 | trn acc:46.3, f1:51.9, auc:65.4 | loss:0.021
Epoch 16 finished in 4.15 seconds
Epoch 17 finished in 3.89 seconds
[18,120] | tst acc:43.0, f1:48.6, auc:64.0 | trn acc:45.7, f1:51.5, auc:65.7 | loss:0.020
Epoch 18 finished in 4.16 seconds
[19,468] | tst acc:41.8, f1:48.6, auc:64.5 | trn acc:45.2, f1:51.4, auc:66.1 | loss:0.019
Epoch 19 finished in 4.10 seconds
Epoch 20 finished in 3.95 seconds
[21,140] | tst acc:43.8, f1:48.9, auc:63.8 | trn acc:45.0, f1:51.8, auc:66.3 | loss:0.018
Epoch 21 finished in 4.11 seconds
[22,488] | tst acc:41.0, f1:48.3, auc:58.4 | trn acc:44.5, f1:51.7, auc:66.5 | loss:0.016
Epoch 22 finished in 4.16 seconds
Epoch 23 finished in 3.89 seconds
[24,160] | tst acc:40.4, f1:47.3, auc:62.4 | trn acc:43.8, f1:51.3, auc:67.0 | loss:0.015
Epoch 24 finished in 4.15 seconds
[25,508] | tst acc:42.8, f1:50.3, auc:64.1 | trn acc:43.4, f1:51.6, auc:67.1 | loss:0.014
Epoch 25 finished in 4.11 seconds
Epoch 26 finished in 3.94 seconds
[27,180] | tst acc:40.6, f1:47.6, auc:56.9 | trn acc:42.4, f1:51.1, auc:66.8 | loss:0.013
Epoch 27 finished in 4.11 seconds
[28,528] | tst acc:39.4, f1:48.3, auc:61.1 | trn acc:41.3, f1:50.5, auc:67.1 | loss:0.012
Epoch 28 finished in 4.15 seconds
Epoch 29 finished in 3.90 seconds
[30,200] | tst acc:37.8, f1:47.0, auc:63.4 | trn acc:41.3, f1:51.2, auc:67.2 | loss:0.011
Epoch 30 finished in 4.15 seconds
[31,548] | tst acc:37.0, f1:47.0, auc:61.1 | trn acc:39.8, f1:50.1, auc:67.2 | loss:0.010
Epoch 31 finished in 4.11 seconds
Epoch 32 finished in 3.94 seconds
[33,220] | tst acc:35.8, f1:47.2, auc:59.1 | trn acc:39.6, f1:50.5, auc:67.1 | loss:0.009
Epoch 33 finished in 4.11 seconds
[34,568] | tst acc:37.0, f1:47.9, auc:63.4 | trn acc:38.5, f1:49.8, auc:67.2 | loss:0.008
Epoch 34 finished in 4.15 seconds
Epoch 35 finished in 3.89 seconds
[36,240] | tst acc:36.0, f1:47.3, auc:63.4 | trn acc:37.9, f1:49.8, auc:67.2 | loss:0.008
Epoch 36 finished in 4.15 seconds
[37,588] | tst acc:33.5, f1:46.3, auc:61.0 | trn acc:37.5, f1:50.0, auc:67.0 | loss:0.007
Epoch 37 finished in 4.10 seconds
Epoch 38 finished in 3.94 seconds
[39,260] | tst acc:33.9, f1:46.8, auc:64.3 | trn acc:36.6, f1:49.4, auc:66.8 | loss:0.007
Epoch 39 finished in 4.11 seconds
[40,608] | tst acc:34.7, f1:47.3, auc:61.6 | trn acc:36.0, f1:49.3, auc:66.7 | loss:0.006
Epoch 40 finished in 4.15 seconds
Epoch 41 finished in 3.89 seconds
[42,280] | tst acc:32.3, f1:45.7, auc:65.1 | trn acc:35.7, f1:49.3, auc:66.4 | loss:0.006
Epoch 42 finished in 4.15 seconds
[43,628] | tst acc:34.1, f1:47.2, auc:61.9 | trn acc:34.9, f1:48.9, auc:66.4 | loss:0.006
Epoch 43 finished in 4.11 seconds
Epoch 44 finished in 3.94 seconds
[45,300] | tst acc:31.5, f1:45.6, auc:63.0 | trn acc:34.4, f1:48.5, auc:66.2 | loss:0.006
Epoch 45 finished in 4.10 seconds
[46,648] | tst acc:32.5, f1:46.3, auc:57.8 | trn acc:34.5, f1:49.0, auc:66.5 | loss:0.005
Epoch 46 finished in 4.15 seconds
Epoch 47 finished in 3.90 seconds
[48,320] | tst acc:32.3, f1:46.6, auc:63.2 | trn acc:33.9, f1:48.5, auc:66.6 | loss:0.005
Epoch 48 finished in 4.15 seconds
[49,668] | tst acc:31.7, f1:46.0, auc:66.1 | trn acc:34.0, f1:48.9, auc:66.5 | loss:0.005
Epoch 49 finished in 4.10 seconds
Epoch 50 finished in 3.94 seconds
[51,340] | tst acc:30.9, f1:45.9, auc:61.4 | trn acc:33.0, f1:47.9, auc:66.6 | loss:0.005
Epoch 51 finished in 4.10 seconds
Epoch 52 finished in 3.94 seconds
[53,12] | tst acc:30.3, f1:45.7, auc:61.9 | trn acc:33.7, f1:48.9, auc:66.8 | loss:0.005
Epoch 53 finished in 4.11 seconds
[54,360] | tst acc:30.5, f1:45.9, auc:60.8 | trn acc:33.1, f1:48.4, auc:67.0 | loss:0.005
Epoch 54 finished in 4.15 seconds
Epoch 55 finished in 3.89 seconds
[56,32] | tst acc:29.9, f1:45.4, auc:65.0 | trn acc:33.0, f1:48.4, auc:67.4 | loss:0.005
Epoch 56 finished in 4.15 seconds
[57,380] | tst acc:29.9, f1:45.5, auc:64.4 | trn acc:32.7, f1:48.2, auc:67.3 | loss:0.004
Epoch 57 finished in 4.11 seconds
Epoch 58 finished in 3.94 seconds
[59,52] | tst acc:30.3, f1:45.8, auc:63.4 | trn acc:32.7, f1:48.3, auc:68.0 | loss:0.004
Epoch 59 finished in 4.11 seconds
[60,400] | tst acc:30.3, f1:45.5, auc:66.3 | trn acc:32.6, f1:48.3, auc:68.1 | loss:0.004
Epoch 60 finished in 4.15 seconds
Epoch 61 finished in 3.89 seconds
[62,72] | tst acc:30.5, f1:45.7, auc:58.8 | trn acc:32.6, f1:48.3, auc:68.4 | loss:0.004
Epoch 62 finished in 4.15 seconds
[63,420] | tst acc:29.5, f1:45.6, auc:61.8 | trn acc:32.5, f1:48.2, auc:68.2 | loss:0.004
Epoch 63 finished in 4.11 seconds
Epoch 64 finished in 3.94 seconds
[65,92] | tst acc:30.1, f1:45.8, auc:65.0 | trn acc:32.5, f1:48.3, auc:68.8 | loss:0.004
Epoch 65 finished in 4.10 seconds
[66,440] | tst acc:30.3, f1:45.8, auc:65.1 | trn acc:32.3, f1:48.2, auc:68.8 | loss:0.004
Epoch 66 finished in 4.15 seconds
Epoch 67 finished in 3.89 seconds
[68,112] | tst acc:30.3, f1:45.8, auc:64.0 | trn acc:32.2, f1:48.1, auc:68.9 | loss:0.004
Epoch 68 finished in 4.15 seconds
[69,460] | tst acc:29.7, f1:45.5, auc:67.9 | trn acc:32.3, f1:48.2, auc:69.0 | loss:0.004
Epoch 69 finished in 4.11 seconds
Reached final batch of training at iter = 47992
Epoch 70 finished in 3.94 seconds
Reached final batch of training at iter = 48000
Epoch 71 finished in 0.05 seconds
[71,4] | tst acc:30.3, f1:45.8, auc:67.5 | trn acc:32.1, f1:47.9, auc:68.9 | loss:0.004
Average epoch runtime: 4.01 seconds
Total training time: 288.95 GPU seconds