job is starting on gpua079.delta.ncsa.illinois.edu
Using fixed seeds: 5497 58475 94707
SEED: 5497
Loading drug dataset...
Hyperparameters:
Namespace(seed=5497, is_train=True, input_dir='data/input', output_dir='data/output', repository='gdsc', drug_id=-1, use_cuda=True, use_relu=True, init_gene_emb=True, scheduler='onecycle', shuffle=False, omic='exp', use_attention=True, use_cntx_attn=True, embedding_dim=200, attention_size=128, attention_head=8, hidden_dim_enc=200, use_hid_lyr=True, max_iter=48000, max_fscore=-1, dropout_rate=0.6, learning_rate=0.3, weight_decay=0.0003, batch_size=8, test_batch_size=8, test_inc_size=1024, model_label='cntx-attn-gdsc', focal=False, alpha=0.6, gamma=2.0, adam=False, mlp=False, norm_strategy='postnorm', use_residual=False, exp_size=3000, mut_size=1000, cnv_size=1000, omc_size=3000, drg_size=260, train_size=676, test_size=170)
HIDDEN EMBEDDING SIZE: 200
USING RELU
USING PRETRAING EMBEDDINGS
DROPOUT RATE: 0.6
USING HIDDEN LAYER
USING SELF ATTENTION
USING CONTEXTUAL ATTENTION
INITIALIZING SGD OPTIMIZER
Total trainable parameters: 122,820
Training...
INITIALIZING ONE CYCLE
Training with optimizer: SGD
Scheduler: onecycle
Batch size: 8
Train dataset size (samples): 676
Batches per epoch: 85
Reached final batch of training at iter = 47992
Reached final batch of training at iter = 48000
Epoch 71 finished in 0.05 seconds
[71,4] | tst acc:78.4, f1:61.8, auc:81.1 | trn acc:81.2, f1:68.6, auc:84.8 | loss:0.445
Average epoch runtime: 4.39 seconds
Total training time: 316.02 GPU seconds
SEED: 58475
Loading drug dataset...
Hyperparameters:
Namespace(seed=58475, is_train=True, input_dir='data/input', output_dir='data/output', repository='gdsc', drug_id=-1, use_cuda=True, use_relu=True, init_gene_emb=True, scheduler='onecycle', shuffle=False, omic='exp', use_attention=True, use_cntx_attn=True, embedding_dim=200, attention_size=128, attention_head=8, hidden_dim_enc=200, use_hid_lyr=True, max_iter=48000, max_fscore=-1, dropout_rate=0.6, learning_rate=0.3, weight_decay=0.0003, batch_size=8, test_batch_size=8, test_inc_size=1024, model_label='cntx-attn-gdsc', focal=False, alpha=0.6, gamma=2.0, adam=False, mlp=False, norm_strategy='postnorm', use_residual=False, exp_size=3000, mut_size=1000, cnv_size=1000, omc_size=3000, drg_size=260, train_size=676, test_size=170)
HIDDEN EMBEDDING SIZE: 200
USING RELU
USING PRETRAING EMBEDDINGS
DROPOUT RATE: 0.6
USING HIDDEN LAYER
USING SELF ATTENTION
USING CONTEXTUAL ATTENTION
INITIALIZING SGD OPTIMIZER
Total trainable parameters: 122,820
Training...
INITIALIZING ONE CYCLE
Training with optimizer: SGD
Scheduler: onecycle
Batch size: 8
Train dataset size (samples): 676
Batches per epoch: 85
Reached final batch of training at iter = 47992
Reached final batch of training at iter = 48000
Epoch 71 finished in 0.05 seconds
[71,4] | tst acc:78.1, f1:62.2, auc:81.6 | trn acc:81.8, f1:68.3, auc:85.5 | loss:0.429
Average epoch runtime: 4.38 seconds
Total training time: 315.04 GPU seconds
SEED: 94707
Loading drug dataset...
Hyperparameters:
Namespace(seed=94707, is_train=True, input_dir='data/input', output_dir='data/output', repository='gdsc', drug_id=-1, use_cuda=True, use_relu=True, init_gene_emb=True, scheduler='onecycle', shuffle=False, omic='exp', use_attention=True, use_cntx_attn=True, embedding_dim=200, attention_size=128, attention_head=8, hidden_dim_enc=200, use_hid_lyr=True, max_iter=48000, max_fscore=-1, dropout_rate=0.6, learning_rate=0.3, weight_decay=0.0003, batch_size=8, test_batch_size=8, test_inc_size=1024, model_label='cntx-attn-gdsc', focal=False, alpha=0.6, gamma=2.0, adam=False, mlp=False, norm_strategy='postnorm', use_residual=False, exp_size=3000, mut_size=1000, cnv_size=1000, omc_size=3000, drg_size=260, train_size=676, test_size=170)
HIDDEN EMBEDDING SIZE: 200
USING RELU
USING PRETRAING EMBEDDINGS
DROPOUT RATE: 0.6
USING HIDDEN LAYER
USING SELF ATTENTION
USING CONTEXTUAL ATTENTION
INITIALIZING SGD OPTIMIZER
Total trainable parameters: 122,820
Training...
INITIALIZING ONE CYCLE
Training with optimizer: SGD
Scheduler: onecycle
Batch size: 8
Train dataset size (samples): 676
Batches per epoch: 85
Reached final batch of training at iter = 47992
Reached final batch of training at iter = 48000
Epoch 71 finished in 0.05 seconds
[71,4] | tst acc:77.1, f1:61.1, auc:80.3 | trn acc:81.2, f1:67.0, auc:84.1 | loss:0.451
Average epoch runtime: 4.39 seconds
Total training time: 315.92 GPU seconds
