job is starting on gpua005.delta.ncsa.illinois.edu
Loading drug dataset...
Hyperparameters:
Namespace(is_train=True, input_dir='data/input', output_dir='data/output', repository='gdsc', drug_id=-1, use_cuda=True, use_relu=True, init_gene_emb=True, use_oc=True, shuffle=False, omic='exp', use_attention=True, use_cntx_attn=False, embedding_dim=200, attention_size=128, attention_head=8, hidden_dim_enc=200, use_hid_lyr=True, max_iter=48000, max_fscore=-1, dropout_rate=0.6, learning_rate=0.3, weight_decay=0.0003, batch_size=8, test_batch_size=8, test_inc_size=1024, model_label='cntx-attn-gdsc', exp_size=3000, mut_size=1000, cnv_size=1000, omc_size=3000, drg_size=260, train_size=676, test_size=170)
HIDDEN EMBEDDING SIZE: 200
USING RELU
USING PRETRAING EMBEDDINGS
DROPOUT RATE: 0.6
USING HIDDEN LAYER
USING SELF ATTENTION
Training...
INITIALIZING ONE CYCLE
Batch size: 8
Train dataset size (samples): 676
Batches per epoch: 85
[0,0] | tst acc:51.7, f1:38.2, auc:54.0 | trn acc:51.9, f1:43.6, auc:53.0 | loss:4.083
Epoch 0 finished in 4.13 seconds
[1,348] | tst acc:62.8, f1:47.6, auc:67.4 | trn acc:53.9, f1:41.3, auc:53.9 | loss:2.714
Epoch 1 finished in 3.61 seconds
Epoch 2 finished in 3.42 seconds
[3,20] | tst acc:62.8, f1:48.1, auc:69.7 | trn acc:58.8, f1:45.0, auc:59.9 | loss:0.716
Epoch 3 finished in 3.59 seconds
[4,368] | tst acc:62.1, f1:42.8, auc:61.2 | trn acc:59.4, f1:45.3, auc:60.7 | loss:0.712
Epoch 4 finished in 3.63 seconds
Epoch 5 finished in 3.38 seconds
[6,40] | tst acc:60.2, f1:42.2, auc:60.7 | trn acc:59.6, f1:45.4, auc:61.0 | loss:0.710
Epoch 6 finished in 3.62 seconds
[7,388] | tst acc:60.5, f1:43.1, auc:60.8 | trn acc:59.9, f1:45.5, auc:61.1 | loss:0.707
Epoch 7 finished in 3.58 seconds
Epoch 8 finished in 3.42 seconds
[9,60] | tst acc:63.6, f1:46.9, auc:67.7 | trn acc:60.4, f1:45.7, auc:61.5 | loss:0.710
Epoch 9 finished in 3.59 seconds
[10,408] | tst acc:65.1, f1:48.6, auc:69.3 | trn acc:61.2, f1:46.3, auc:61.2 | loss:0.690
Epoch 10 finished in 3.63 seconds
Epoch 11 finished in 3.38 seconds
[12,80] | tst acc:70.9, f1:53.7, auc:73.5 | trn acc:63.8, f1:48.3, auc:65.4 | loss:0.653
Epoch 12 finished in 3.64 seconds
[13,428] | tst acc:73.9, f1:54.7, auc:76.3 | trn acc:67.4, f1:51.6, auc:69.5 | loss:0.617
Epoch 13 finished in 3.59 seconds
Epoch 14 finished in 3.42 seconds
[15,100] | tst acc:71.6, f1:51.9, auc:74.7 | trn acc:70.7, f1:54.6, auc:72.8 | loss:0.583
Epoch 15 finished in 3.59 seconds
[16,448] | tst acc:79.3, f1:63.0, auc:81.7 | trn acc:73.3, f1:57.3, auc:75.5 | loss:0.554
Epoch 16 finished in 3.63 seconds
Epoch 17 finished in 3.37 seconds
[18,120] | tst acc:80.8, f1:65.3, auc:84.3 | trn acc:75.6, f1:59.6, auc:77.8 | loss:0.526
Epoch 18 finished in 3.63 seconds
[19,468] | tst acc:83.9, f1:67.7, auc:84.1 | trn acc:76.9, f1:61.3, auc:79.2 | loss:0.510
Epoch 19 finished in 3.59 seconds
Epoch 20 finished in 3.42 seconds
[21,140] | tst acc:82.0, f1:66.7, auc:88.1 | trn acc:77.9, f1:62.3, auc:79.8 | loss:0.500
Epoch 21 finished in 3.59 seconds
[22,488] | tst acc:84.3, f1:69.2, auc:88.5 | trn acc:78.6, f1:63.4, auc:81.0 | loss:0.487
Epoch 22 finished in 3.63 seconds
Epoch 23 finished in 3.38 seconds
[24,160] | tst acc:84.3, f1:67.7, auc:85.8 | trn acc:79.1, f1:64.2, auc:81.5 | loss:0.481
Epoch 24 finished in 3.63 seconds
[25,508] | tst acc:82.8, f1:66.2, auc:86.3 | trn acc:79.2, f1:64.1, auc:81.8 | loss:0.476
Epoch 25 finished in 3.59 seconds
Epoch 26 finished in 3.41 seconds
[27,180] | tst acc:84.3, f1:68.7, auc:88.9 | trn acc:79.9, f1:65.0, auc:82.7 | loss:0.463
Epoch 27 finished in 3.59 seconds
[28,528] | tst acc:86.6, f1:72.9, auc:89.4 | trn acc:79.8, f1:65.1, auc:82.7 | loss:0.464
Epoch 28 finished in 3.63 seconds
Epoch 29 finished in 3.38 seconds
[30,200] | tst acc:87.0, f1:73.4, auc:89.9 | trn acc:80.4, f1:65.6, auc:83.3 | loss:0.454
Epoch 30 finished in 3.63 seconds
[31,548] | tst acc:87.0, f1:74.2, auc:90.1 | trn acc:80.2, f1:65.9, auc:83.6 | loss:0.454
Epoch 31 finished in 3.59 seconds
Epoch 32 finished in 3.41 seconds
[33,220] | tst acc:84.3, f1:67.2, auc:88.5 | trn acc:80.7, f1:66.2, auc:83.9 | loss:0.447
Epoch 33 finished in 3.59 seconds
[34,568] | tst acc:85.8, f1:71.8, auc:89.4 | trn acc:80.7, f1:66.2, auc:84.0 | loss:0.446
Epoch 34 finished in 3.63 seconds
Epoch 35 finished in 3.38 seconds
[36,240] | tst acc:85.1, f1:68.8, auc:89.5 | trn acc:80.5, f1:66.4, auc:84.0 | loss:0.449
Epoch 36 finished in 3.63 seconds
[37,588] | tst acc:84.7, f1:69.7, auc:90.0 | trn acc:81.0, f1:66.8, auc:84.5 | loss:0.441
Epoch 37 finished in 3.59 seconds
Epoch 38 finished in 3.41 seconds
[39,260] | tst acc:85.4, f1:71.6, auc:90.7 | trn acc:81.1, f1:66.9, auc:84.5 | loss:0.440
Epoch 39 finished in 3.59 seconds
[40,608] | tst acc:85.4, f1:70.8, auc:90.2 | trn acc:81.1, f1:66.8, auc:84.7 | loss:0.438
Epoch 40 finished in 3.63 seconds
Epoch 41 finished in 3.37 seconds
[42,280] | tst acc:86.6, f1:72.4, auc:92.0 | trn acc:81.2, f1:67.2, auc:84.9 | loss:0.436
Epoch 42 finished in 3.63 seconds
[43,628] | tst acc:85.4, f1:70.8, auc:90.6 | trn acc:81.1, f1:67.1, auc:84.8 | loss:0.437
Epoch 43 finished in 3.59 seconds
Epoch 44 finished in 3.41 seconds
[45,300] | tst acc:85.1, f1:69.8, auc:92.1 | trn acc:81.3, f1:67.2, auc:85.1 | loss:0.433
Epoch 45 finished in 3.59 seconds
[46,648] | tst acc:86.6, f1:73.3, auc:92.7 | trn acc:81.5, f1:67.3, auc:85.0 | loss:0.433
Epoch 46 finished in 3.63 seconds
Epoch 47 finished in 3.38 seconds
[48,320] | tst acc:86.2, f1:71.9, auc:92.2 | trn acc:81.5, f1:67.5, auc:85.3 | loss:0.429
Epoch 48 finished in 3.63 seconds
[49,668] | tst acc:86.2, f1:71.9, auc:91.0 | trn acc:81.4, f1:67.5, auc:85.2 | loss:0.432
Epoch 49 finished in 3.59 seconds
Epoch 50 finished in 3.42 seconds
[51,340] | tst acc:86.2, f1:72.3, auc:90.4 | trn acc:81.3, f1:67.3, auc:85.1 | loss:0.432
Epoch 51 finished in 3.59 seconds
Epoch 52 finished in 3.41 seconds
[53,12] | tst acc:86.6, f1:72.9, auc:92.7 | trn acc:81.6, f1:68.0, auc:85.7 | loss:0.426
Epoch 53 finished in 3.60 seconds
[54,360] | tst acc:85.4, f1:71.2, auc:91.7 | trn acc:81.5, f1:67.6, auc:85.5 | loss:0.427
Epoch 54 finished in 3.63 seconds
Epoch 55 finished in 3.37 seconds
[56,32] | tst acc:87.0, f1:73.4, auc:92.6 | trn acc:81.6, f1:67.7, auc:85.5 | loss:0.427
Epoch 56 finished in 3.63 seconds
[57,380] | tst acc:86.2, f1:72.3, auc:92.7 | trn acc:81.6, f1:67.8, auc:85.7 | loss:0.425
Epoch 57 finished in 3.59 seconds
Epoch 58 finished in 3.41 seconds
[59,52] | tst acc:86.6, f1:72.4, auc:91.1 | trn acc:81.8, f1:68.0, auc:85.8 | loss:0.422
Epoch 59 finished in 3.59 seconds
[60,400] | tst acc:85.4, f1:71.2, auc:92.1 | trn acc:81.7, f1:67.9, auc:85.7 | loss:0.423
Epoch 60 finished in 3.63 seconds
Epoch 61 finished in 3.37 seconds
[62,72] | tst acc:86.2, f1:71.9, auc:91.1 | trn acc:81.8, f1:68.1, auc:85.9 | loss:0.422
Epoch 62 finished in 3.63 seconds
[63,420] | tst acc:85.8, f1:71.8, auc:92.3 | trn acc:81.6, f1:67.8, auc:85.8 | loss:0.424
Epoch 63 finished in 3.59 seconds
Epoch 64 finished in 3.42 seconds
[65,92] | tst acc:85.8, f1:71.8, auc:91.9 | trn acc:81.8, f1:68.0, auc:86.0 | loss:0.421
Epoch 65 finished in 3.59 seconds
[66,440] | tst acc:85.4, f1:71.6, auc:90.9 | trn acc:81.8, f1:68.2, auc:86.1 | loss:0.421
Epoch 66 finished in 3.63 seconds
Epoch 67 finished in 3.37 seconds
[68,112] | tst acc:87.4, f1:74.4, auc:91.6 | trn acc:81.7, f1:68.1, auc:86.0 | loss:0.421
Epoch 68 finished in 3.63 seconds
[69,460] | tst acc:86.6, f1:72.4, auc:91.0 | trn acc:82.1, f1:68.5, auc:86.3 | loss:0.416
Epoch 69 finished in 3.59 seconds
Reached final batch of training at iter = 47992
Epoch 70 finished in 3.42 seconds
Reached final batch of training at iter = 48000
Epoch 71 finished in 0.04 seconds
Average epoch runtime: 3.50 seconds
Total training time: 251.73 GPU seconds
Loading drug dataset...
Hyperparameters:
Namespace(is_train=True, input_dir='data/input', output_dir='data/output', repository='gdsc', drug_id=-1, use_cuda=True, use_relu=True, init_gene_emb=True, use_oc=True, shuffle=False, omic='exp', use_attention=True, use_cntx_attn=False, embedding_dim=200, attention_size=128, attention_head=8, hidden_dim_enc=200, use_hid_lyr=True, max_iter=48000, max_fscore=-1, dropout_rate=0.6, learning_rate=0.3, weight_decay=0.0003, batch_size=8, test_batch_size=8, test_inc_size=1024, model_label='cntx-attn-gdsc', exp_size=3000, mut_size=1000, cnv_size=1000, omc_size=3000, drg_size=260, train_size=676, test_size=170)
HIDDEN EMBEDDING SIZE: 200
USING RELU
USING PRETRAING EMBEDDINGS
DROPOUT RATE: 0.6
USING HIDDEN LAYER
USING SELF ATTENTION
Training...
INITIALIZING ONE CYCLE
Batch size: 8
Train dataset size (samples): 676
Batches per epoch: 85
[0,0] | tst acc:53.3, f1:37.6, auc:55.9 | trn acc:51.4, f1:39.7, auc:52.6 | loss:4.117
Epoch 0 finished in 4.14 seconds
[1,348] | tst acc:57.5, f1:42.1, auc:61.3 | trn acc:54.1, f1:41.4, auc:54.0 | loss:2.718
Epoch 1 finished in 3.60 seconds
Epoch 2 finished in 3.42 seconds
[3,20] | tst acc:61.9, f1:47.3, auc:63.1 | trn acc:58.9, f1:45.1, auc:59.8 | loss:0.712
Epoch 3 finished in 3.59 seconds
[4,368] | tst acc:59.1, f1:42.6, auc:60.8 | trn acc:59.3, f1:45.1, auc:60.6 | loss:0.712
Epoch 4 finished in 3.63 seconds
Epoch 5 finished in 3.38 seconds
[6,40] | tst acc:58.3, f1:40.8, auc:61.3 | trn acc:59.5, f1:45.1, auc:60.8 | loss:0.713
Epoch 6 finished in 3.63 seconds
[7,388] | tst acc:57.2, f1:39.7, auc:61.5 | trn acc:60.1, f1:45.5, auc:61.2 | loss:0.709
Epoch 7 finished in 3.59 seconds
Epoch 8 finished in 3.42 seconds
[9,60] | tst acc:56.9, f1:40.9, auc:57.0 | trn acc:60.2, f1:45.7, auc:61.3 | loss:0.709
Epoch 9 finished in 3.59 seconds
[10,408] | tst acc:58.8, f1:40.2, auc:59.0 | trn acc:60.9, f1:45.9, auc:61.2 | loss:0.699
Epoch 10 finished in 3.63 seconds
Epoch 11 finished in 3.38 seconds
[12,80] | tst acc:61.0, f1:40.5, auc:61.7 | trn acc:63.5, f1:48.2, auc:65.0 | loss:0.660
Epoch 12 finished in 3.64 seconds
[13,428] | tst acc:71.0, f1:52.1, auc:70.6 | trn acc:66.7, f1:51.2, auc:68.8 | loss:0.625
Epoch 13 finished in 3.59 seconds
Epoch 14 finished in 3.42 seconds
[15,100] | tst acc:68.8, f1:48.9, auc:69.4 | trn acc:70.3, f1:54.0, auc:72.6 | loss:0.587
Epoch 15 finished in 3.59 seconds
[16,448] | tst acc:69.9, f1:49.3, auc:74.8 | trn acc:73.2, f1:56.9, auc:75.3 | loss:0.557
Epoch 16 finished in 3.63 seconds
Epoch 17 finished in 3.38 seconds
[18,120] | tst acc:72.7, f1:54.0, auc:73.5 | trn acc:75.1, f1:59.2, auc:77.2 | loss:0.534
Epoch 18 finished in 3.63 seconds
[19,468] | tst acc:73.5, f1:52.0, auc:75.5 | trn acc:76.8, f1:60.9, auc:78.9 | loss:0.514
Epoch 19 finished in 3.60 seconds
Epoch 20 finished in 3.42 seconds
[21,140] | tst acc:78.2, f1:59.1, auc:78.8 | trn acc:77.6, f1:62.0, auc:79.9 | loss:0.502
Epoch 21 finished in 3.59 seconds
[22,488] | tst acc:74.6, f1:54.5, auc:76.5 | trn acc:78.5, f1:63.0, auc:80.6 | loss:0.491
Epoch 22 finished in 3.63 seconds
Epoch 23 finished in 3.38 seconds
[24,160] | tst acc:76.2, f1:54.3, auc:76.9 | trn acc:78.8, f1:63.5, auc:81.1 | loss:0.484
Epoch 24 finished in 3.63 seconds
[25,508] | tst acc:75.4, f1:52.4, auc:81.8 | trn acc:79.2, f1:64.2, auc:81.8 | loss:0.477
Epoch 25 finished in 3.59 seconds
Epoch 26 finished in 3.42 seconds
[27,180] | tst acc:75.4, f1:52.9, auc:77.5 | trn acc:79.6, f1:64.4, auc:82.2 | loss:0.469
Epoch 27 finished in 3.59 seconds
[28,528] | tst acc:76.8, f1:55.3, auc:79.9 | trn acc:80.0, f1:65.0, auc:82.8 | loss:0.461
Epoch 28 finished in 3.63 seconds
Epoch 29 finished in 3.38 seconds
[30,200] | tst acc:72.4, f1:48.5, auc:77.2 | trn acc:80.1, f1:65.4, auc:83.2 | loss:0.456
Epoch 30 finished in 3.63 seconds
[31,548] | tst acc:76.2, f1:55.2, auc:80.9 | trn acc:80.0, f1:65.4, auc:83.2 | loss:0.459
Epoch 31 finished in 3.59 seconds
Epoch 32 finished in 3.42 seconds
[33,220] | tst acc:76.8, f1:54.8, auc:81.9 | trn acc:80.4, f1:65.5, auc:83.6 | loss:0.451
Epoch 33 finished in 3.59 seconds
[34,568] | tst acc:77.3, f1:57.3, auc:82.1 | trn acc:80.7, f1:66.0, auc:84.0 | loss:0.446
Epoch 34 finished in 3.63 seconds
Epoch 35 finished in 3.38 seconds
[36,240] | tst acc:75.1, f1:51.6, auc:81.9 | trn acc:80.5, f1:66.2, auc:83.9 | loss:0.450
Epoch 36 finished in 3.63 seconds
[37,588] | tst acc:75.4, f1:52.9, auc:82.3 | trn acc:80.9, f1:66.3, auc:84.2 | loss:0.442
Epoch 37 finished in 3.59 seconds
Epoch 38 finished in 3.42 seconds
[39,260] | tst acc:75.7, f1:53.7, auc:81.4 | trn acc:80.7, f1:66.4, auc:84.2 | loss:0.446
Epoch 39 finished in 3.59 seconds
[40,608] | tst acc:76.2, f1:55.2, auc:82.0 | trn acc:81.4, f1:66.9, auc:84.8 | loss:0.434
Epoch 40 finished in 3.63 seconds
Epoch 41 finished in 3.38 seconds
[42,280] | tst acc:78.2, f1:57.8, auc:82.0 | trn acc:81.1, f1:66.7, auc:84.6 | loss:0.439
Epoch 42 finished in 3.63 seconds
[43,628] | tst acc:75.7, f1:53.2, auc:82.4 | trn acc:81.3, f1:67.0, auc:84.8 | loss:0.436
Epoch 43 finished in 3.58 seconds
Epoch 44 finished in 3.42 seconds
[45,300] | tst acc:77.3, f1:56.4, auc:82.7 | trn acc:81.4, f1:67.0, auc:85.0 | loss:0.433
Epoch 45 finished in 3.59 seconds
[46,648] | tst acc:76.0, f1:54.0, auc:82.4 | trn acc:81.1, f1:66.9, auc:84.9 | loss:0.437
Epoch 46 finished in 3.63 seconds
Epoch 47 finished in 3.38 seconds
[48,320] | tst acc:76.5, f1:54.5, auc:82.5 | trn acc:81.5, f1:67.6, auc:85.2 | loss:0.431
Epoch 48 finished in 3.63 seconds
[49,668] | tst acc:76.2, f1:54.3, auc:83.2 | trn acc:81.4, f1:67.2, auc:85.0 | loss:0.433
Epoch 49 finished in 3.59 seconds
Epoch 50 finished in 3.42 seconds
[51,340] | tst acc:77.1, f1:56.1, auc:83.0 | trn acc:81.5, f1:67.3, auc:85.3 | loss:0.430
Epoch 51 finished in 3.59 seconds
Epoch 52 finished in 3.42 seconds
[53,12] | tst acc:78.2, f1:57.8, auc:83.3 | trn acc:81.5, f1:67.3, auc:85.3 | loss:0.430
Epoch 53 finished in 3.59 seconds
[54,360] | tst acc:77.6, f1:56.2, auc:83.7 | trn acc:81.5, f1:67.5, auc:85.4 | loss:0.429
Epoch 54 finished in 3.63 seconds
Epoch 55 finished in 3.38 seconds
[56,32] | tst acc:76.0, f1:54.0, auc:83.4 | trn acc:81.5, f1:67.2, auc:85.4 | loss:0.428
Epoch 56 finished in 3.63 seconds
[57,380] | tst acc:76.8, f1:55.8, auc:82.5 | trn acc:81.7, f1:67.5, auc:85.6 | loss:0.424
Epoch 57 finished in 3.59 seconds
Epoch 58 finished in 3.42 seconds
[59,52] | tst acc:76.5, f1:54.1, auc:83.8 | trn acc:81.6, f1:67.9, auc:85.7 | loss:0.426
Epoch 59 finished in 3.59 seconds
[60,400] | tst acc:76.8, f1:55.8, auc:83.1 | trn acc:81.5, f1:67.4, auc:85.5 | loss:0.427
Epoch 60 finished in 3.63 seconds
Epoch 61 finished in 3.38 seconds
[62,72] | tst acc:77.1, f1:55.6, auc:83.8 | trn acc:81.7, f1:67.8, auc:85.7 | loss:0.424
Epoch 62 finished in 3.63 seconds
[63,420] | tst acc:76.8, f1:55.8, auc:82.4 | trn acc:81.6, f1:67.7, auc:85.7 | loss:0.424
Epoch 63 finished in 3.58 seconds
Epoch 64 finished in 3.42 seconds
[65,92] | tst acc:76.5, f1:54.5, auc:83.3 | trn acc:81.8, f1:67.8, auc:85.8 | loss:0.422
Epoch 65 finished in 3.59 seconds
[66,440] | tst acc:76.2, f1:54.3, auc:82.6 | trn acc:81.8, f1:68.0, auc:85.9 | loss:0.421
Epoch 66 finished in 3.63 seconds
Epoch 67 finished in 3.38 seconds
[68,112] | tst acc:76.5, f1:54.1, auc:83.7 | trn acc:81.7, f1:68.0, auc:85.9 | loss:0.423
Epoch 68 finished in 3.63 seconds
[69,460] | tst acc:77.1, f1:55.1, auc:82.6 | trn acc:81.7, f1:67.8, auc:85.8 | loss:0.423
Epoch 69 finished in 3.59 seconds
Reached final batch of training at iter = 47992
Epoch 70 finished in 3.42 seconds
Reached final batch of training at iter = 48000
Epoch 71 finished in 0.04 seconds
[71,4] | tst acc:76.5, f1:54.5, auc:82.8 | trn acc:81.9, f1:68.1, auc:86.0 | loss:0.420
Average epoch runtime: 3.50 seconds
Total training time: 251.75 GPU seconds
Loading drug dataset...
Hyperparameters:
Namespace(is_train=True, input_dir='data/input', output_dir='data/output', repository='gdsc', drug_id=-1, use_cuda=True, use_relu=True, init_gene_emb=True, use_oc=True, shuffle=False, omic='exp', use_attention=True, use_cntx_attn=False, embedding_dim=200, attention_size=128, attention_head=8, hidden_dim_enc=200, use_hid_lyr=True, max_iter=48000, max_fscore=-1, dropout_rate=0.6, learning_rate=0.3, weight_decay=0.0003, batch_size=8, test_batch_size=8, test_inc_size=1024, model_label='cntx-attn-gdsc', exp_size=3000, mut_size=1000, cnv_size=1000, omc_size=3000, drg_size=260, train_size=676, test_size=170)
HIDDEN EMBEDDING SIZE: 200
USING RELU
USING PRETRAING EMBEDDINGS
DROPOUT RATE: 0.6
USING HIDDEN LAYER
USING SELF ATTENTION
Training...
INITIALIZING ONE CYCLE
Batch size: 8
Train dataset size (samples): 676
Batches per epoch: 85
[0,0] | tst acc:48.2, f1:43.4, auc:50.3 | trn acc:50.9, f1:39.3, auc:50.7 | loss:4.332
Epoch 0 finished in 3.54 seconds
[1,348] | tst acc:63.6, f1:57.7, auc:65.9 | trn acc:54.1, f1:41.9, auc:54.2 | loss:2.716
Epoch 1 finished in 3.60 seconds
Epoch 2 finished in 3.42 seconds
[3,20] | tst acc:62.1, f1:55.2, auc:63.8 | trn acc:58.9, f1:45.3, auc:59.9 | loss:0.718
Epoch 3 finished in 3.59 seconds
[4,368] | tst acc:58.6, f1:51.4, auc:60.8 | trn acc:59.3, f1:45.4, auc:60.6 | loss:0.712
Epoch 4 finished in 3.63 seconds
Epoch 5 finished in 3.38 seconds
[6,40] | tst acc:58.3, f1:50.5, auc:60.7 | trn acc:59.6, f1:45.6, auc:60.8 | loss:0.710
Epoch 6 finished in 3.63 seconds
[7,388] | tst acc:57.7, f1:51.5, auc:60.5 | trn acc:60.1, f1:45.8, auc:61.0 | loss:0.709
Epoch 7 finished in 3.59 seconds
Epoch 8 finished in 3.42 seconds
[9,60] | tst acc:57.7, f1:51.9, auc:59.9 | trn acc:60.3, f1:45.8, auc:61.2 | loss:0.706
Epoch 9 finished in 3.59 seconds
[10,408] | tst acc:61.8, f1:53.1, auc:63.7 | trn acc:61.0, f1:46.3, auc:60.9 | loss:0.692
Epoch 10 finished in 3.63 seconds
Epoch 11 finished in 3.38 seconds
[12,80] | tst acc:64.5, f1:54.2, auc:70.0 | trn acc:63.6, f1:48.3, auc:65.1 | loss:0.654
Epoch 12 finished in 3.63 seconds
[13,428] | tst acc:70.4, f1:60.6, auc:73.5 | trn acc:67.1, f1:51.3, auc:69.3 | loss:0.619
Epoch 13 finished in 3.59 seconds
Epoch 14 finished in 3.42 seconds
[15,100] | tst acc:67.8, f1:57.6, auc:71.6 | trn acc:70.6, f1:54.4, auc:72.8 | loss:0.585
Epoch 15 finished in 3.59 seconds
[16,448] | tst acc:74.0, f1:63.3, auc:77.3 | trn acc:73.0, f1:57.1, auc:75.1 | loss:0.559
Epoch 16 finished in 3.63 seconds
Epoch 17 finished in 3.38 seconds
[18,120] | tst acc:73.1, f1:61.6, auc:77.8 | trn acc:75.3, f1:59.3, auc:77.4 | loss:0.532
Epoch 18 finished in 3.62 seconds
[19,468] | tst acc:75.1, f1:62.5, auc:80.9 | trn acc:76.7, f1:61.1, auc:78.7 | loss:0.517
Epoch 19 finished in 3.59 seconds
Epoch 20 finished in 3.42 seconds
[21,140] | tst acc:73.7, f1:61.5, auc:81.3 | trn acc:77.7, f1:62.3, auc:80.0 | loss:0.502
Epoch 21 finished in 3.59 seconds
[22,488] | tst acc:76.6, f1:66.1, auc:84.8 | trn acc:78.5, f1:63.0, auc:80.8 | loss:0.490
Epoch 22 finished in 3.62 seconds
Epoch 23 finished in 3.38 seconds
[24,160] | tst acc:77.2, f1:63.8, auc:81.8 | trn acc:78.6, f1:63.7, auc:81.2 | loss:0.487
Epoch 24 finished in 3.63 seconds
[25,508] | tst acc:74.6, f1:61.6, auc:82.5 | trn acc:79.3, f1:64.4, auc:81.9 | loss:0.475
Epoch 25 finished in 3.59 seconds
Epoch 26 finished in 3.42 seconds
[27,180] | tst acc:78.4, f1:67.3, auc:83.1 | trn acc:79.5, f1:64.9, auc:82.4 | loss:0.469
Epoch 27 finished in 3.58 seconds
[28,528] | tst acc:76.9, f1:64.5, auc:83.3 | trn acc:79.7, f1:65.1, auc:82.7 | loss:0.465
Epoch 28 finished in 3.62 seconds
Epoch 29 finished in 3.38 seconds
[30,200] | tst acc:79.0, f1:68.4, auc:84.9 | trn acc:79.9, f1:65.2, auc:83.0 | loss:0.460
Epoch 30 finished in 3.63 seconds
[31,548] | tst acc:76.0, f1:63.7, auc:83.5 | trn acc:80.3, f1:65.7, auc:83.5 | loss:0.453
Epoch 31 finished in 3.59 seconds
Epoch 32 finished in 3.42 seconds
[33,220] | tst acc:78.4, f1:67.0, auc:84.5 | trn acc:80.4, f1:66.1, auc:83.7 | loss:0.453
Epoch 33 finished in 3.58 seconds
[34,568] | tst acc:77.5, f1:66.1, auc:85.1 | trn acc:80.3, f1:66.1, auc:83.7 | loss:0.454
Epoch 34 finished in 3.62 seconds
Epoch 35 finished in 3.38 seconds
[36,240] | tst acc:77.5, f1:65.8, auc:85.6 | trn acc:80.9, f1:66.6, auc:84.2 | loss:0.443
Epoch 36 finished in 3.62 seconds
[37,588] | tst acc:79.0, f1:68.7, auc:86.0 | trn acc:80.6, f1:66.4, auc:84.2 | loss:0.446
Epoch 37 finished in 3.59 seconds
Epoch 38 finished in 3.42 seconds
[39,260] | tst acc:77.5, f1:66.1, auc:84.4 | trn acc:80.8, f1:66.6, auc:84.5 | loss:0.443
Epoch 39 finished in 3.59 seconds
[40,608] | tst acc:78.7, f1:68.4, auc:85.3 | trn acc:81.0, f1:66.9, auc:84.5 | loss:0.441
Epoch 40 finished in 3.63 seconds
Epoch 41 finished in 3.38 seconds
[42,280] | tst acc:77.2, f1:65.5, auc:85.2 | trn acc:81.0, f1:67.0, auc:84.6 | loss:0.440
Epoch 42 finished in 3.62 seconds
[43,628] | tst acc:79.6, f1:69.3, auc:86.4 | trn acc:81.0, f1:67.2, auc:84.8 | loss:0.440
Epoch 43 finished in 3.58 seconds
Epoch 44 finished in 3.42 seconds
[45,300] | tst acc:78.1, f1:67.3, auc:85.7 | trn acc:81.2, f1:67.1, auc:84.9 | loss:0.435
Epoch 45 finished in 3.59 seconds
[46,648] | tst acc:79.0, f1:68.7, auc:85.0 | trn acc:81.1, f1:67.2, auc:85.0 | loss:0.437
Epoch 46 finished in 3.63 seconds
Epoch 47 finished in 3.38 seconds
[48,320] | tst acc:78.4, f1:67.3, auc:84.1 | trn acc:81.3, f1:67.3, auc:85.1 | loss:0.433
Epoch 48 finished in 3.63 seconds
[49,668] | tst acc:78.1, f1:66.7, auc:85.0 | trn acc:81.1, f1:67.5, auc:85.1 | loss:0.435
Epoch 49 finished in 3.58 seconds
Epoch 50 finished in 3.42 seconds
[51,340] | tst acc:79.3, f1:69.0, auc:86.1 | trn acc:81.4, f1:67.5, auc:85.4 | loss:0.429
Epoch 51 finished in 3.58 seconds
Epoch 52 finished in 3.42 seconds
[53,12] | tst acc:79.0, f1:68.4, auc:85.5 | trn acc:81.4, f1:67.7, auc:85.4 | loss:0.432
Epoch 53 finished in 3.58 seconds
[54,360] | tst acc:78.7, f1:67.9, auc:86.0 | trn acc:81.3, f1:67.6, auc:85.3 | loss:0.432
Epoch 54 finished in 3.62 seconds
Epoch 55 finished in 3.38 seconds
[56,32] | tst acc:78.4, f1:67.0, auc:85.8 | trn acc:81.4, f1:67.6, auc:85.4 | loss:0.430
Epoch 56 finished in 3.63 seconds
[57,380] | tst acc:78.7, f1:68.1, auc:85.7 | trn acc:81.4, f1:67.5, auc:85.5 | loss:0.428
Epoch 57 finished in 3.59 seconds
Epoch 58 finished in 3.42 seconds
[59,52] | tst acc:78.7, f1:67.6, auc:85.8 | trn acc:81.6, f1:68.1, auc:85.8 | loss:0.425
Epoch 59 finished in 3.59 seconds
[60,400] | tst acc:79.0, f1:68.7, auc:85.7 | trn acc:81.5, f1:67.8, auc:85.7 | loss:0.425
Epoch 60 finished in 3.63 seconds
Epoch 61 finished in 3.38 seconds
[62,72] | tst acc:79.3, f1:68.7, auc:85.2 | trn acc:81.6, f1:68.1, auc:85.8 | loss:0.425
Epoch 62 finished in 3.63 seconds
[63,420] | tst acc:77.5, f1:66.1, auc:86.8 | trn acc:81.5, f1:67.7, auc:85.7 | loss:0.425
Epoch 63 finished in 3.58 seconds
Epoch 64 finished in 3.42 seconds
[65,92] | tst acc:78.1, f1:67.0, auc:85.6 | trn acc:81.5, f1:68.0, auc:85.8 | loss:0.426
Epoch 65 finished in 3.58 seconds
[66,440] | tst acc:77.5, f1:65.8, auc:86.3 | trn acc:81.9, f1:68.1, auc:86.1 | loss:0.418
Epoch 66 finished in 3.62 seconds
Epoch 67 finished in 3.38 seconds
[68,112] | tst acc:78.7, f1:67.6, auc:85.2 | trn acc:81.4, f1:68.0, auc:85.7 | loss:0.428
Epoch 68 finished in 3.63 seconds
[69,460] | tst acc:76.9, f1:64.5, auc:86.8 | trn acc:81.5, f1:68.0, auc:85.8 | loss:0.425
Epoch 69 finished in 3.58 seconds
Reached final batch of training at iter = 47992
Epoch 70 finished in 3.42 seconds
Reached final batch of training at iter = 48000
Epoch 71 finished in 0.04 seconds
[71,4] | tst acc:77.5, f1:65.8, auc:85.4 | trn acc:81.7, f1:68.2, auc:86.1 | loss:0.421
Average epoch runtime: 3.49 seconds
Total training time: 251.03 GPU seconds