job is starting on gpua073.delta.ncsa.illinois.edu
Loading drug dataset...
Hyperparameters:
Namespace(is_train=True, input_dir='data/input', output_dir='data/output', repository='gdsc', drug_id=-1, use_cuda=True, use_relu=True, init_gene_emb=True, use_oc=True, shuffle=False, omic='exp', use_attention=True, use_cntx_attn=True, embedding_dim=200, attention_size=128, attention_head=8, hidden_dim_enc=200, use_hid_lyr=False, max_iter=48000, max_fscore=-1, dropout_rate=0.6, learning_rate=0.3, weight_decay=0.0003, batch_size=8, test_batch_size=8, test_inc_size=1024, model_label='cntx-attn-gdsc', exp_size=3000, mut_size=1000, cnv_size=1000, omc_size=3000, drg_size=260, train_size=676, test_size=170)
HIDDEN EMBEDDING SIZE: 200
USING RELU
USING PRETRAING EMBEDDINGS
DROPOUT RATE: 0.6
USING SELF ATTENTION
USING CONTEXTUAL ATTENTION
Training...
INITIALIZING ONE CYCLE
Batch size: 8
Train dataset size (samples): 676
Batches per epoch: 85
[0,0] | tst acc:51.0, f1:28.4, auc:50.9 | trn acc:50.4, f1:36.8, auc:48.1 | loss:4.218
Epoch 0 finished in 4.65 seconds
[1,348] | tst acc:59.7, f1:34.2, auc:60.0 | trn acc:54.5, f1:40.5, auc:54.1 | loss:2.963
Epoch 1 finished in 4.12 seconds
Epoch 2 finished in 3.95 seconds
[3,20] | tst acc:65.2, f1:42.9, auc:70.5 | trn acc:63.3, f1:47.0, auc:62.0 | loss:0.969
Epoch 3 finished in 4.12 seconds
[4,368] | tst acc:64.7, f1:41.0, auc:66.2 | trn acc:64.6, f1:48.1, auc:64.4 | loss:0.694
Epoch 4 finished in 4.17 seconds
Epoch 5 finished in 3.90 seconds
[6,40] | tst acc:69.1, f1:45.4, auc:73.6 | trn acc:66.1, f1:49.6, auc:67.3 | loss:0.643
Epoch 6 finished in 4.17 seconds
[7,388] | tst acc:72.8, f1:50.5, auc:80.0 | trn acc:68.4, f1:51.4, auc:70.4 | loss:0.614
Epoch 7 finished in 4.12 seconds
Epoch 8 finished in 3.95 seconds
[9,60] | tst acc:69.6, f1:47.3, auc:77.1 | trn acc:70.4, f1:53.7, auc:72.7 | loss:0.586
Epoch 9 finished in 4.11 seconds
[10,408] | tst acc:70.9, f1:47.4, auc:79.5 | trn acc:72.2, f1:55.5, auc:74.7 | loss:0.566
Epoch 10 finished in 4.16 seconds
Epoch 11 finished in 3.90 seconds
[12,80] | tst acc:75.4, f1:51.0, auc:81.5 | trn acc:73.9, f1:57.6, auc:76.5 | loss:0.547
Epoch 12 finished in 4.16 seconds
[13,428] | tst acc:79.3, f1:59.1, auc:84.1 | trn acc:75.5, f1:59.5, auc:78.1 | loss:0.530
Epoch 13 finished in 4.12 seconds
Epoch 14 finished in 3.94 seconds
[15,100] | tst acc:77.2, f1:53.5, auc:84.6 | trn acc:76.2, f1:60.3, auc:78.7 | loss:0.519
Epoch 15 finished in 4.11 seconds
[16,448] | tst acc:77.7, f1:54.5, auc:82.8 | trn acc:77.2, f1:61.5, auc:79.7 | loss:0.509
Epoch 16 finished in 4.16 seconds
Epoch 17 finished in 3.90 seconds
[18,120] | tst acc:79.6, f1:60.6, auc:86.8 | trn acc:78.2, f1:62.9, auc:80.9 | loss:0.492
Epoch 18 finished in 4.16 seconds
[19,468] | tst acc:80.4, f1:61.1, auc:87.0 | trn acc:78.4, f1:63.2, auc:81.1 | loss:0.491
Epoch 19 finished in 4.11 seconds
Epoch 20 finished in 3.95 seconds
[21,140] | tst acc:79.6, f1:59.4, auc:86.0 | trn acc:79.2, f1:64.3, auc:82.2 | loss:0.476
Epoch 21 finished in 4.12 seconds
[22,488] | tst acc:80.9, f1:60.5, auc:84.5 | trn acc:79.5, f1:64.5, auc:82.3 | loss:0.472
Epoch 22 finished in 4.16 seconds
Epoch 23 finished in 3.90 seconds
[24,160] | tst acc:83.2, f1:64.8, auc:85.8 | trn acc:79.6, f1:65.0, auc:82.6 | loss:0.470
Epoch 24 finished in 4.16 seconds
[25,508] | tst acc:81.9, f1:62.3, auc:88.6 | trn acc:80.0, f1:65.5, auc:83.1 | loss:0.462
Epoch 25 finished in 4.12 seconds
Epoch 26 finished in 3.95 seconds
[27,180] | tst acc:82.2, f1:63.4, auc:89.0 | trn acc:80.3, f1:65.9, auc:83.4 | loss:0.457
Epoch 27 finished in 4.12 seconds
[28,528] | tst acc:80.1, f1:59.1, auc:85.8 | trn acc:80.3, f1:65.9, auc:83.5 | loss:0.455
Epoch 28 finished in 4.15 seconds
Epoch 29 finished in 3.90 seconds
[30,200] | tst acc:81.7, f1:62.0, auc:87.9 | trn acc:80.6, f1:66.5, auc:83.9 | loss:0.451
Epoch 30 finished in 4.16 seconds
[31,548] | tst acc:80.4, f1:59.0, auc:87.6 | trn acc:80.8, f1:66.6, auc:84.2 | loss:0.445
Epoch 31 finished in 4.11 seconds
Epoch 32 finished in 3.94 seconds
[33,220] | tst acc:81.7, f1:62.0, auc:87.8 | trn acc:81.0, f1:67.0, auc:84.3 | loss:0.444
Epoch 33 finished in 4.11 seconds
[34,568] | tst acc:82.7, f1:63.3, auc:87.8 | trn acc:81.1, f1:67.1, auc:84.6 | loss:0.440
Epoch 34 finished in 4.16 seconds
Epoch 35 finished in 3.90 seconds
[36,240] | tst acc:83.5, f1:64.8, auc:88.5 | trn acc:81.4, f1:67.4, auc:84.8 | loss:0.435
Epoch 36 finished in 4.16 seconds
[37,588] | tst acc:82.2, f1:62.6, auc:86.9 | trn acc:81.3, f1:67.5, auc:84.9 | loss:0.437
Epoch 37 finished in 4.11 seconds
Epoch 38 finished in 3.95 seconds
[39,260] | tst acc:83.8, f1:65.6, auc:90.5 | trn acc:81.2, f1:67.1, auc:84.8 | loss:0.436
Epoch 39 finished in 4.11 seconds
[40,608] | tst acc:83.2, f1:64.4, auc:88.3 | trn acc:81.5, f1:67.9, auc:85.2 | loss:0.432
Epoch 40 finished in 4.16 seconds
Epoch 41 finished in 3.90 seconds
[42,280] | tst acc:83.2, f1:64.4, auc:88.9 | trn acc:81.6, f1:67.9, auc:85.3 | loss:0.430
Epoch 42 finished in 4.16 seconds
[43,628] | tst acc:83.8, f1:65.9, auc:88.9 | trn acc:81.7, f1:68.2, auc:85.5 | loss:0.428
Epoch 43 finished in 4.11 seconds
Epoch 44 finished in 3.94 seconds
[45,300] | tst acc:82.2, f1:62.6, auc:89.1 | trn acc:81.6, f1:68.1, auc:85.5 | loss:0.429
Epoch 45 finished in 4.11 seconds
[46,648] | tst acc:83.2, f1:64.4, auc:88.7 | trn acc:81.8, f1:67.9, auc:85.6 | loss:0.425
Epoch 46 finished in 4.16 seconds
Epoch 47 finished in 3.90 seconds
[48,320] | tst acc:83.0, f1:63.3, auc:88.5 | trn acc:81.7, f1:68.1, auc:85.6 | loss:0.427
Epoch 48 finished in 4.16 seconds
[49,668] | tst acc:83.8, f1:65.6, auc:90.0 | trn acc:81.9, f1:68.4, auc:85.8 | loss:0.423
Epoch 49 finished in 4.11 seconds
Epoch 50 finished in 3.95 seconds
[51,340] | tst acc:84.6, f1:67.0, auc:89.8 | trn acc:81.8, f1:68.5, auc:85.8 | loss:0.425
Epoch 51 finished in 4.11 seconds
Epoch 52 finished in 3.95 seconds
[53,12] | tst acc:84.3, f1:65.9, auc:89.5 | trn acc:82.0, f1:68.3, auc:86.0 | loss:0.420
Epoch 53 finished in 4.11 seconds
[54,360] | tst acc:84.0, f1:65.9, auc:90.4 | trn acc:82.0, f1:68.4, auc:85.9 | loss:0.420
Epoch 54 finished in 4.16 seconds
Epoch 55 finished in 3.90 seconds
[56,32] | tst acc:83.2, f1:64.8, auc:89.3 | trn acc:82.0, f1:68.7, auc:86.1 | loss:0.419
Epoch 56 finished in 4.16 seconds
[57,380] | tst acc:83.5, f1:65.2, auc:90.8 | trn acc:82.0, f1:68.6, auc:86.1 | loss:0.419
Epoch 57 finished in 4.12 seconds
Epoch 58 finished in 3.95 seconds
[59,52] | tst acc:84.0, f1:65.1, auc:89.3 | trn acc:81.9, f1:68.5, auc:86.1 | loss:0.421
Epoch 59 finished in 4.11 seconds
[60,400] | tst acc:83.2, f1:64.8, auc:89.3 | trn acc:82.1, f1:69.1, auc:86.4 | loss:0.418
Epoch 60 finished in 4.16 seconds
Epoch 61 finished in 3.90 seconds
[62,72] | tst acc:85.3, f1:68.9, auc:90.1 | trn acc:82.1, f1:68.8, auc:86.3 | loss:0.416
Epoch 62 finished in 4.16 seconds
[63,420] | tst acc:84.3, f1:66.7, auc:90.7 | trn acc:81.8, f1:68.5, auc:86.1 | loss:0.420
Epoch 63 finished in 4.11 seconds
Epoch 64 finished in 3.95 seconds
[65,92] | tst acc:84.6, f1:66.7, auc:90.3 | trn acc:82.3, f1:69.2, auc:86.5 | loss:0.412
Epoch 65 finished in 4.11 seconds
[66,440] | tst acc:82.5, f1:63.0, auc:89.8 | trn acc:82.3, f1:69.1, auc:86.6 | loss:0.411
Epoch 66 finished in 4.16 seconds
Epoch 67 finished in 3.90 seconds
[68,112] | tst acc:84.0, f1:65.1, auc:90.9 | trn acc:82.1, f1:69.2, auc:86.5 | loss:0.415
Epoch 68 finished in 4.15 seconds
[69,460] | tst acc:84.0, f1:65.5, auc:89.8 | trn acc:82.2, f1:69.0, auc:86.4 | loss:0.413
Epoch 69 finished in 4.12 seconds
Reached final batch of training at iter = 47992
Epoch 70 finished in 3.95 seconds
Reached final batch of training at iter = 48000
Epoch 71 finished in 0.05 seconds
Average epoch runtime: 4.02 seconds
Total training time: 289.18 GPU seconds
Loading drug dataset...
Hyperparameters:
Namespace(is_train=True, input_dir='data/input', output_dir='data/output', repository='gdsc', drug_id=-1, use_cuda=True, use_relu=True, init_gene_emb=True, use_oc=True, shuffle=False, omic='exp', use_attention=True, use_cntx_attn=True, embedding_dim=200, attention_size=128, attention_head=8, hidden_dim_enc=200, use_hid_lyr=False, max_iter=48000, max_fscore=-1, dropout_rate=0.6, learning_rate=0.3, weight_decay=0.0003, batch_size=8, test_batch_size=8, test_inc_size=1024, model_label='cntx-attn-gdsc', exp_size=3000, mut_size=1000, cnv_size=1000, omc_size=3000, drg_size=260, train_size=676, test_size=170)
HIDDEN EMBEDDING SIZE: 200
USING RELU
USING PRETRAING EMBEDDINGS
DROPOUT RATE: 0.6
USING SELF ATTENTION
USING CONTEXTUAL ATTENTION
Training...
INITIALIZING ONE CYCLE
Batch size: 8
Train dataset size (samples): 676
Batches per epoch: 85
[0,0] | tst acc:49.8, f1:48.2, auc:50.8 | trn acc:49.9, f1:43.0, auc:49.0 | loss:4.175
Epoch 0 finished in 4.09 seconds
[1,348] | tst acc:55.0, f1:46.3, auc:54.7 | trn acc:54.7, f1:40.4, auc:54.4 | loss:2.945
Epoch 1 finished in 4.12 seconds
Epoch 2 finished in 3.95 seconds
[3,20] | tst acc:65.0, f1:59.1, auc:68.7 | trn acc:63.1, f1:46.7, auc:61.4 | loss:0.939
Epoch 3 finished in 4.12 seconds
[4,368] | tst acc:61.5, f1:57.3, auc:63.0 | trn acc:64.1, f1:47.5, auc:64.3 | loss:0.699
Epoch 4 finished in 4.17 seconds
Epoch 5 finished in 3.90 seconds
[6,40] | tst acc:59.2, f1:50.0, auc:64.8 | trn acc:65.2, f1:48.4, auc:65.5 | loss:0.658
Epoch 6 finished in 4.17 seconds
[7,388] | tst acc:62.1, f1:53.4, auc:68.6 | trn acc:67.3, f1:50.3, auc:68.9 | loss:0.623
Epoch 7 finished in 4.11 seconds
Epoch 8 finished in 3.95 seconds
[9,60] | tst acc:66.0, f1:58.2, auc:71.5 | trn acc:69.5, f1:52.0, auc:71.5 | loss:0.597
Epoch 9 finished in 4.12 seconds
[10,408] | tst acc:68.6, f1:61.0, auc:75.4 | trn acc:71.2, f1:54.4, auc:73.4 | loss:0.579
Epoch 10 finished in 4.16 seconds
Epoch 11 finished in 3.91 seconds
[12,80] | tst acc:67.6, f1:58.3, auc:74.8 | trn acc:73.3, f1:56.4, auc:75.8 | loss:0.553
Epoch 12 finished in 4.17 seconds
[13,428] | tst acc:68.6, f1:59.4, auc:76.0 | trn acc:74.6, f1:58.2, auc:77.1 | loss:0.537
Epoch 13 finished in 4.12 seconds
Epoch 14 finished in 3.95 seconds
[15,100] | tst acc:69.6, f1:59.5, auc:77.4 | trn acc:76.1, f1:59.7, auc:78.6 | loss:0.519
Epoch 15 finished in 4.11 seconds
[16,448] | tst acc:69.6, f1:59.5, auc:77.0 | trn acc:77.0, f1:61.1, auc:79.6 | loss:0.508
Epoch 16 finished in 4.16 seconds
Epoch 17 finished in 3.91 seconds
[18,120] | tst acc:70.6, f1:60.6, auc:79.5 | trn acc:77.7, f1:61.8, auc:80.2 | loss:0.499
Epoch 18 finished in 4.16 seconds
[19,468] | tst acc:71.8, f1:62.7, auc:80.3 | trn acc:78.1, f1:62.7, auc:80.7 | loss:0.495
Epoch 19 finished in 4.11 seconds
Epoch 20 finished in 3.95 seconds
[21,140] | tst acc:73.8, f1:65.2, auc:82.7 | trn acc:79.0, f1:63.7, auc:81.7 | loss:0.481
Epoch 21 finished in 4.11 seconds
[22,488] | tst acc:70.6, f1:59.9, auc:80.5 | trn acc:79.2, f1:63.8, auc:81.8 | loss:0.478
Epoch 22 finished in 4.16 seconds
Epoch 23 finished in 3.90 seconds
[24,160] | tst acc:71.2, f1:60.4, auc:80.7 | trn acc:79.4, f1:64.5, auc:82.3 | loss:0.473
Epoch 24 finished in 4.15 seconds
[25,508] | tst acc:72.5, f1:61.9, auc:84.4 | trn acc:79.9, f1:64.8, auc:82.9 | loss:0.462
Epoch 25 finished in 4.11 seconds
Epoch 26 finished in 3.95 seconds
[27,180] | tst acc:71.8, f1:62.3, auc:81.1 | trn acc:79.9, f1:65.1, auc:82.9 | loss:0.463
Epoch 27 finished in 4.11 seconds
[28,528] | tst acc:70.2, f1:58.9, auc:83.3 | trn acc:80.1, f1:65.5, auc:83.4 | loss:0.456
Epoch 28 finished in 4.16 seconds
Epoch 29 finished in 3.90 seconds
[30,200] | tst acc:70.2, f1:58.9, auc:83.0 | trn acc:80.5, f1:65.9, auc:83.6 | loss:0.452
Epoch 30 finished in 4.15 seconds
[31,548] | tst acc:70.2, f1:58.6, auc:82.5 | trn acc:80.7, f1:66.1, auc:84.0 | loss:0.446
Epoch 31 finished in 4.11 seconds
Epoch 32 finished in 3.95 seconds
[33,220] | tst acc:72.2, f1:61.9, auc:83.9 | trn acc:80.8, f1:66.6, auc:84.1 | loss:0.447
Epoch 33 finished in 4.11 seconds
[34,568] | tst acc:70.6, f1:59.6, auc:82.8 | trn acc:80.9, f1:66.4, auc:84.3 | loss:0.443
Epoch 34 finished in 4.16 seconds
Epoch 35 finished in 3.90 seconds
[36,240] | tst acc:70.9, f1:59.1, auc:82.8 | trn acc:80.9, f1:66.6, auc:84.5 | loss:0.442
Epoch 36 finished in 4.15 seconds
[37,588] | tst acc:72.5, f1:61.9, auc:85.1 | trn acc:80.8, f1:66.5, auc:84.3 | loss:0.443
Epoch 37 finished in 4.11 seconds
Epoch 38 finished in 3.94 seconds
[39,260] | tst acc:73.8, f1:63.3, auc:84.4 | trn acc:81.2, f1:67.0, auc:84.7 | loss:0.438
Epoch 39 finished in 4.11 seconds
[40,608] | tst acc:71.5, f1:60.0, auc:85.6 | trn acc:81.4, f1:67.3, auc:84.8 | loss:0.436
Epoch 40 finished in 4.16 seconds
Epoch 41 finished in 3.90 seconds
[42,280] | tst acc:73.1, f1:63.1, auc:85.1 | trn acc:81.7, f1:67.8, auc:85.4 | loss:0.427
Epoch 42 finished in 4.16 seconds
[43,628] | tst acc:73.5, f1:63.7, auc:86.2 | trn acc:81.2, f1:67.1, auc:84.8 | loss:0.438
Epoch 43 finished in 4.11 seconds
Epoch 44 finished in 3.95 seconds
[45,300] | tst acc:73.1, f1:63.4, auc:85.7 | trn acc:81.5, f1:67.5, auc:85.3 | loss:0.431
Epoch 45 finished in 4.11 seconds
[46,648] | tst acc:72.5, f1:61.5, auc:84.9 | trn acc:81.4, f1:67.3, auc:85.2 | loss:0.431
Epoch 46 finished in 4.16 seconds
Epoch 47 finished in 3.90 seconds
[48,320] | tst acc:72.5, f1:62.2, auc:86.0 | trn acc:81.6, f1:67.8, auc:85.4 | loss:0.429
Epoch 48 finished in 4.16 seconds
[49,668] | tst acc:71.8, f1:60.3, auc:85.0 | trn acc:81.6, f1:67.7, auc:85.4 | loss:0.428
Epoch 49 finished in 4.11 seconds
Epoch 50 finished in 3.95 seconds
[51,340] | tst acc:71.8, f1:61.0, auc:86.2 | trn acc:81.9, f1:68.0, auc:85.7 | loss:0.423
Epoch 51 finished in 4.11 seconds
Epoch 52 finished in 3.95 seconds
[53,12] | tst acc:71.8, f1:59.9, auc:86.4 | trn acc:81.6, f1:67.7, auc:85.5 | loss:0.428
Epoch 53 finished in 4.11 seconds
[54,360] | tst acc:72.5, f1:62.2, auc:86.1 | trn acc:81.4, f1:67.6, auc:85.4 | loss:0.430
Epoch 54 finished in 4.16 seconds
Epoch 55 finished in 3.90 seconds
[56,32] | tst acc:73.8, f1:64.0, auc:86.5 | trn acc:81.9, f1:68.0, auc:85.9 | loss:0.420
Epoch 56 finished in 4.15 seconds
[57,380] | tst acc:71.8, f1:60.3, auc:87.0 | trn acc:81.7, f1:67.9, auc:85.6 | loss:0.425
Epoch 57 finished in 4.11 seconds
Epoch 58 finished in 3.95 seconds
[59,52] | tst acc:71.5, f1:60.0, auc:86.0 | trn acc:82.0, f1:68.5, auc:86.1 | loss:0.419
Epoch 59 finished in 4.12 seconds
[60,400] | tst acc:72.2, f1:61.6, auc:86.8 | trn acc:81.8, f1:68.1, auc:85.8 | loss:0.422
Epoch 60 finished in 4.16 seconds
Epoch 61 finished in 3.90 seconds
[62,72] | tst acc:71.8, f1:60.6, auc:86.1 | trn acc:81.8, f1:68.2, auc:85.9 | loss:0.422
Epoch 62 finished in 4.16 seconds
[63,420] | tst acc:71.5, f1:60.4, auc:86.7 | trn acc:82.0, f1:68.3, auc:86.2 | loss:0.417
Epoch 63 finished in 4.12 seconds
Epoch 64 finished in 3.95 seconds
[65,92] | tst acc:72.8, f1:62.2, auc:87.3 | trn acc:81.9, f1:68.3, auc:86.0 | loss:0.419
Epoch 65 finished in 4.11 seconds
[66,440] | tst acc:72.8, f1:62.8, auc:86.1 | trn acc:82.1, f1:68.7, auc:86.3 | loss:0.417
Epoch 66 finished in 4.16 seconds
Epoch 67 finished in 3.91 seconds
[68,112] | tst acc:72.2, f1:60.9, auc:86.9 | trn acc:82.0, f1:68.4, auc:86.1 | loss:0.417
Epoch 68 finished in 4.16 seconds
[69,460] | tst acc:71.8, f1:61.0, auc:85.0 | trn acc:81.9, f1:68.7, auc:86.2 | loss:0.419
Epoch 69 finished in 4.11 seconds
Reached final batch of training at iter = 47992
Epoch 70 finished in 3.95 seconds
Reached final batch of training at iter = 48000
Epoch 71 finished in 0.05 seconds
Average epoch runtime: 4.01 seconds
Total training time: 288.60 GPU seconds
Loading drug dataset...
Hyperparameters:
Namespace(is_train=True, input_dir='data/input', output_dir='data/output', repository='gdsc', drug_id=-1, use_cuda=True, use_relu=True, init_gene_emb=True, use_oc=True, shuffle=False, omic='exp', use_attention=True, use_cntx_attn=True, embedding_dim=200, attention_size=128, attention_head=8, hidden_dim_enc=200, use_hid_lyr=False, max_iter=48000, max_fscore=-1, dropout_rate=0.6, learning_rate=0.3, weight_decay=0.0003, batch_size=8, test_batch_size=8, test_inc_size=1024, model_label='cntx-attn-gdsc', exp_size=3000, mut_size=1000, cnv_size=1000, omc_size=3000, drg_size=260, train_size=676, test_size=170)
HIDDEN EMBEDDING SIZE: 200
USING RELU
USING PRETRAING EMBEDDINGS
DROPOUT RATE: 0.6
USING SELF ATTENTION
USING CONTEXTUAL ATTENTION
Training...
INITIALIZING ONE CYCLE
Batch size: 8
Train dataset size (samples): 676
Batches per epoch: 85
[0,0] | tst acc:52.6, f1:42.2, auc:52.7 | trn acc:52.0, f1:28.0, auc:50.8 | loss:3.944
Epoch 0 finished in 4.09 seconds
[1,348] | tst acc:58.6, f1:38.2, auc:58.0 | trn acc:54.6, f1:40.3, auc:54.0 | loss:2.974
Epoch 1 finished in 4.13 seconds
Epoch 2 finished in 3.95 seconds
[3,20] | tst acc:62.4, f1:47.9, auc:64.1 | trn acc:63.2, f1:46.6, auc:61.6 | loss:0.977
Epoch 3 finished in 4.11 seconds
[4,368] | tst acc:64.7, f1:53.0, auc:67.4 | trn acc:64.6, f1:47.8, auc:64.4 | loss:0.704
Epoch 4 finished in 4.17 seconds
Epoch 5 finished in 3.90 seconds
[6,40] | tst acc:64.3, f1:43.8, auc:66.8 | trn acc:65.9, f1:48.9, auc:66.7 | loss:0.648
Epoch 6 finished in 4.17 seconds
[7,388] | tst acc:64.3, f1:46.9, auc:67.1 | trn acc:68.2, f1:51.3, auc:69.9 | loss:0.619
Epoch 7 finished in 4.12 seconds
Epoch 8 finished in 3.95 seconds
[9,60] | tst acc:69.2, f1:54.4, auc:72.9 | trn acc:70.3, f1:53.2, auc:72.3 | loss:0.593
Epoch 9 finished in 4.12 seconds
[10,408] | tst acc:73.3, f1:60.8, auc:79.2 | trn acc:72.0, f1:54.8, auc:74.2 | loss:0.572
Epoch 10 finished in 4.16 seconds
Epoch 11 finished in 3.91 seconds
[12,80] | tst acc:75.2, f1:59.3, auc:78.2 | trn acc:73.8, f1:57.1, auc:76.2 | loss:0.549
Epoch 12 finished in 4.17 seconds
[13,428] | tst acc:69.5, f1:49.1, auc:73.7 | trn acc:75.3, f1:58.8, auc:77.6 | loss:0.532
Epoch 13 finished in 4.12 seconds
Epoch 14 finished in 3.95 seconds
[15,100] | tst acc:69.2, f1:48.7, auc:76.2 | trn acc:76.0, f1:59.9, auc:78.6 | loss:0.522
Epoch 15 finished in 4.12 seconds
[16,448] | tst acc:72.2, f1:54.3, auc:76.7 | trn acc:77.1, f1:61.3, auc:79.6 | loss:0.509
Epoch 16 finished in 4.16 seconds
Epoch 17 finished in 3.91 seconds
[18,120] | tst acc:72.2, f1:55.4, auc:73.8 | trn acc:78.1, f1:62.3, auc:80.7 | loss:0.493
Epoch 18 finished in 4.17 seconds
[19,468] | tst acc:74.4, f1:57.0, auc:77.7 | trn acc:78.6, f1:62.9, auc:81.0 | loss:0.490
Epoch 19 finished in 4.11 seconds
Epoch 20 finished in 3.95 seconds
[21,140] | tst acc:76.7, f1:61.2, auc:79.6 | trn acc:78.9, f1:64.0, auc:81.6 | loss:0.483
Epoch 21 finished in 4.12 seconds
[22,488] | tst acc:75.2, f1:57.7, auc:77.6 | trn acc:79.2, f1:63.9, auc:81.8 | loss:0.478
Epoch 22 finished in 4.16 seconds
Epoch 23 finished in 3.90 seconds
[24,160] | tst acc:73.7, f1:56.2, auc:80.8 | trn acc:79.7, f1:64.6, auc:82.6 | loss:0.467
Epoch 24 finished in 4.16 seconds
[25,508] | tst acc:76.7, f1:59.2, auc:83.6 | trn acc:80.0, f1:65.2, auc:83.0 | loss:0.461
Epoch 25 finished in 4.11 seconds
Epoch 26 finished in 3.95 seconds
[27,180] | tst acc:75.2, f1:57.7, auc:80.2 | trn acc:80.0, f1:65.2, auc:83.1 | loss:0.461
Epoch 27 finished in 4.11 seconds
[28,528] | tst acc:78.6, f1:64.2, auc:84.2 | trn acc:80.2, f1:65.6, auc:83.3 | loss:0.456
Epoch 28 finished in 4.16 seconds
Epoch 29 finished in 3.90 seconds
[30,200] | tst acc:78.2, f1:63.7, auc:83.8 | trn acc:80.6, f1:66.0, auc:83.7 | loss:0.450
Epoch 30 finished in 4.16 seconds
[31,548] | tst acc:76.7, f1:59.2, auc:82.0 | trn acc:80.8, f1:66.2, auc:84.1 | loss:0.445
Epoch 31 finished in 4.11 seconds
Epoch 32 finished in 3.95 seconds
[33,220] | tst acc:78.6, f1:62.7, auc:82.2 | trn acc:80.7, f1:66.5, auc:84.2 | loss:0.446
Epoch 33 finished in 4.11 seconds
[34,568] | tst acc:79.3, f1:63.6, auc:83.0 | trn acc:81.0, f1:66.7, auc:84.4 | loss:0.442
Epoch 34 finished in 4.16 seconds
Epoch 35 finished in 3.90 seconds
[36,240] | tst acc:76.3, f1:58.3, auc:81.5 | trn acc:81.4, f1:67.2, auc:84.9 | loss:0.434
Epoch 36 finished in 4.16 seconds
[37,588] | tst acc:77.1, f1:61.1, auc:80.2 | trn acc:81.0, f1:66.9, auc:84.5 | loss:0.441
Epoch 37 finished in 4.11 seconds
Epoch 38 finished in 3.95 seconds
[39,260] | tst acc:75.2, f1:56.0, auc:82.4 | trn acc:81.3, f1:67.0, auc:84.8 | loss:0.434
Epoch 39 finished in 4.11 seconds
[40,608] | tst acc:77.8, f1:61.9, auc:82.6 | trn acc:81.4, f1:67.4, auc:85.0 | loss:0.433
Epoch 40 finished in 4.16 seconds
Epoch 41 finished in 3.90 seconds
[42,280] | tst acc:76.7, f1:60.3, auc:81.4 | trn acc:81.5, f1:67.3, auc:85.1 | loss:0.431
Epoch 42 finished in 4.16 seconds
[43,628] | tst acc:77.4, f1:62.0, auc:82.8 | trn acc:81.6, f1:67.8, auc:85.3 | loss:0.429
Epoch 43 finished in 4.11 seconds
Epoch 44 finished in 3.95 seconds
[45,300] | tst acc:78.2, f1:61.8, auc:82.9 | trn acc:81.6, f1:67.6, auc:85.3 | loss:0.428
Epoch 45 finished in 4.11 seconds
[46,648] | tst acc:77.4, f1:61.5, auc:82.0 | trn acc:81.5, f1:67.7, auc:85.3 | loss:0.430
Epoch 46 finished in 4.16 seconds
Epoch 47 finished in 3.90 seconds
[48,320] | tst acc:78.2, f1:62.3, auc:82.5 | trn acc:81.7, f1:67.8, auc:85.5 | loss:0.426
Epoch 48 finished in 4.16 seconds
[49,668] | tst acc:77.1, f1:60.1, auc:81.6 | trn acc:81.7, f1:67.9, auc:85.5 | loss:0.427
Epoch 49 finished in 4.12 seconds
Epoch 50 finished in 3.95 seconds
[51,340] | tst acc:77.8, f1:60.9, auc:81.5 | trn acc:82.0, f1:68.2, auc:85.8 | loss:0.421
Epoch 51 finished in 4.12 seconds
Epoch 52 finished in 3.95 seconds
[53,12] | tst acc:77.8, f1:60.4, auc:83.1 | trn acc:81.7, f1:68.1, auc:85.7 | loss:0.425
Epoch 53 finished in 4.11 seconds
[54,360] | tst acc:78.9, f1:63.2, auc:84.2 | trn acc:81.8, f1:68.0, auc:85.8 | loss:0.422
Epoch 54 finished in 4.16 seconds
Epoch 55 finished in 3.90 seconds
[56,32] | tst acc:78.2, f1:62.8, auc:83.1 | trn acc:82.0, f1:68.4, auc:85.9 | loss:0.422
Epoch 56 finished in 4.16 seconds
[57,380] | tst acc:78.6, f1:62.7, auc:83.3 | trn acc:82.0, f1:68.3, auc:86.0 | loss:0.419
Epoch 57 finished in 4.11 seconds
Epoch 58 finished in 3.95 seconds
[59,52] | tst acc:78.6, f1:62.7, auc:84.6 | trn acc:81.9, f1:68.4, auc:86.1 | loss:0.420
Epoch 59 finished in 4.11 seconds
[60,400] | tst acc:78.2, f1:62.3, auc:81.9 | trn acc:82.1, f1:68.5, auc:86.2 | loss:0.416
Epoch 60 finished in 4.16 seconds
Epoch 61 finished in 3.90 seconds
[62,72] | tst acc:78.9, f1:62.7, auc:83.9 | trn acc:82.1, f1:68.7, auc:86.4 | loss:0.415
Epoch 62 finished in 4.16 seconds
[63,420] | tst acc:79.7, f1:64.5, auc:85.2 | trn acc:82.1, f1:68.7, auc:86.3 | loss:0.416
Epoch 63 finished in 4.12 seconds
Epoch 64 finished in 3.95 seconds
[65,92] | tst acc:78.9, f1:63.2, auc:85.0 | trn acc:82.3, f1:68.9, auc:86.5 | loss:0.412
Epoch 65 finished in 4.11 seconds
[66,440] | tst acc:79.3, f1:64.1, auc:85.2 | trn acc:82.2, f1:68.9, auc:86.5 | loss:0.413
Epoch 66 finished in 4.16 seconds
Epoch 67 finished in 3.90 seconds
[68,112] | tst acc:77.8, f1:61.4, auc:84.4 | trn acc:82.2, f1:69.0, auc:86.5 | loss:0.414
Epoch 68 finished in 4.16 seconds
[69,460] | tst acc:79.7, f1:64.5, auc:84.4 | trn acc:82.1, f1:68.9, auc:86.4 | loss:0.414
Epoch 69 finished in 4.11 seconds
Reached final batch of training at iter = 47992
Epoch 70 finished in 3.95 seconds
Reached final batch of training at iter = 48000
Epoch 71 finished in 0.05 seconds
Average epoch runtime: 4.01 seconds
Total training time: 288.68 GPU seconds
