job is starting on gpua082.delta.ncsa.illinois.edu
Using fixed seeds: 5497 58475 94707
SEED: 5497
Loading drug dataset...
Hyperparameters:
Namespace(seed=5497, is_train=True, input_dir='data/input', output_dir='data/output', repository='gdsc', drug_id=-1, use_cuda=True, use_relu=True, init_gene_emb=True, scheduler='onecycle', shuffle=False, omic='exp', use_attention=True, use_cntx_attn=True, embedding_dim=200, attention_size=128, attention_head=8, hidden_dim_enc=200, use_hid_lyr=False, max_iter=48000, max_fscore=-1, dropout_rate=0.6, learning_rate=0.3, weight_decay=0.0003, batch_size=8, test_batch_size=8, test_inc_size=1024, model_label='cntx-attn-gdsc', focal=False, alpha=0.6, gamma=2.0, adam=False, exp_size=3000, mut_size=1000, cnv_size=1000, omc_size=3000, drg_size=260, train_size=676, test_size=170)
HIDDEN EMBEDDING SIZE: 200
USING RELU
USING PRETRAING EMBEDDINGS
DROPOUT RATE: 0.6
USING SELF ATTENTION
USING CONTEXTUAL ATTENTION
INITIALIZING SGD OPTIMIZER
Training...
INITIALIZING ONE CYCLE
Batch size: 8
Train dataset size (samples): 676
Batches per epoch: 85
[0,0] | tst acc:48.7, f1:14.5, auc:48.2 | trn acc:49.8, f1:36.3, auc:49.9 | loss:4.480
[1,348] | tst acc:56.3, f1:20.0, auc:57.8 | trn acc:54.7, f1:42.4, auc:55.8 | loss:3.117
[3,20] | tst acc:59.6, f1:23.2, auc:62.4 | trn acc:63.1, f1:49.3, auc:62.5 | loss:0.997
[4,368] | tst acc:60.3, f1:20.9, auc:62.6 | trn acc:63.9, f1:49.9, auc:65.2 | loss:0.705
[6,40] | tst acc:64.0, f1:26.0, auc:65.1 | trn acc:65.1, f1:50.5, auc:66.1 | loss:0.667
[7,388] | tst acc:66.6, f1:28.8, auc:70.5 | trn acc:67.1, f1:52.5, auc:69.7 | loss:0.627
[9,60] | tst acc:69.2, f1:29.1, auc:75.1 | trn acc:69.2, f1:54.3, auc:72.2 | loss:0.602
[10,408] | tst acc:69.7, f1:28.0, auc:72.7 | trn acc:71.4, f1:56.5, auc:74.4 | loss:0.577
[12,80] | tst acc:70.1, f1:31.8, auc:75.1 | trn acc:73.1, f1:58.2, auc:76.2 | loss:0.559
[13,428] | tst acc:72.5, f1:30.0, auc:74.4 | trn acc:74.5, f1:59.8, auc:77.5 | loss:0.542
[15,100] | tst acc:72.9, f1:34.0, auc:78.6 | trn acc:75.6, f1:60.7, auc:78.6 | loss:0.526
[16,448] | tst acc:73.4, f1:33.7, auc:79.9 | trn acc:76.9, f1:62.4, auc:79.9 | loss:0.511
[18,120] | tst acc:75.1, f1:36.7, auc:78.9 | trn acc:77.3, f1:63.1, auc:80.6 | loss:0.504
[19,468] | tst acc:73.8, f1:36.2, auc:79.5 | trn acc:78.0, f1:63.7, auc:81.0 | loss:0.497
[21,140] | tst acc:77.3, f1:38.1, auc:79.3 | trn acc:78.4, f1:64.3, auc:81.6 | loss:0.488
[22,488] | tst acc:74.0, f1:36.4, auc:80.5 | trn acc:78.9, f1:64.7, auc:82.0 | loss:0.482
[24,160] | tst acc:77.3, f1:40.2, auc:79.3 | trn acc:79.2, f1:65.3, auc:82.5 | loss:0.475
[25,508] | tst acc:77.1, f1:38.6, auc:80.7 | trn acc:79.4, f1:65.8, auc:82.9 | loss:0.470
[27,180] | tst acc:76.6, f1:37.4, auc:80.3 | trn acc:79.6, f1:65.8, auc:82.9 | loss:0.468
[28,528] | tst acc:76.0, f1:39.6, auc:81.8 | trn acc:79.9, f1:66.4, auc:83.5 | loss:0.461
[30,200] | tst acc:76.2, f1:39.8, auc:83.0 | trn acc:79.9, f1:66.3, auc:83.5 | loss:0.461
[31,548] | tst acc:77.9, f1:41.6, auc:82.1 | trn acc:80.1, f1:66.5, auc:83.8 | loss:0.457
[33,220] | tst acc:78.2, f1:40.5, auc:82.8 | trn acc:80.3, f1:67.0, auc:84.0 | loss:0.454
[34,568] | tst acc:78.4, f1:43.4, auc:82.7 | trn acc:80.5, f1:67.4, auc:84.3 | loss:0.451
[36,240] | tst acc:77.9, f1:42.3, auc:82.5 | trn acc:80.8, f1:67.3, auc:84.5 | loss:0.444
[37,588] | tst acc:77.7, f1:41.4, auc:83.2 | trn acc:80.6, f1:67.4, auc:84.4 | loss:0.449
[39,260] | tst acc:76.6, f1:38.1, auc:82.0 | trn acc:81.0, f1:67.9, auc:84.8 | loss:0.442
[40,608] | tst acc:78.2, f1:42.5, auc:82.9 | trn acc:80.9, f1:67.9, auc:84.9 | loss:0.443
[42,280] | tst acc:79.5, f1:44.0, auc:84.1 | trn acc:80.9, f1:67.9, auc:84.9 | loss:0.442
[43,628] | tst acc:77.9, f1:41.6, auc:83.7 | trn acc:81.0, f1:68.1, auc:85.0 | loss:0.439
[45,300] | tst acc:77.5, f1:41.8, auc:83.8 | trn acc:81.2, f1:68.3, auc:85.1 | loss:0.439
[46,648] | tst acc:78.4, f1:42.8, auc:83.9 | trn acc:81.2, f1:68.4, auc:85.4 | loss:0.435
[48,320] | tst acc:77.7, f1:42.7, auc:81.7 | trn acc:81.5, f1:68.7, auc:85.5 | loss:0.431
[49,668] | tst acc:78.2, f1:41.9, auc:83.0 | trn acc:81.1, f1:68.3, auc:85.3 | loss:0.436
[51,340] | tst acc:77.5, f1:41.8, auc:84.2 | trn acc:81.5, f1:69.0, auc:85.8 | loss:0.429
[53,12] | tst acc:77.9, f1:41.6, auc:83.8 | trn acc:81.3, f1:68.4, auc:85.5 | loss:0.433
[54,360] | tst acc:77.9, f1:41.6, auc:84.4 | trn acc:81.6, f1:68.9, auc:85.9 | loss:0.426
[56,32] | tst acc:78.6, f1:43.7, auc:84.0 | trn acc:81.5, f1:69.1, auc:85.9 | loss:0.428
[57,380] | tst acc:77.9, f1:42.3, auc:83.3 | trn acc:81.4, f1:68.9, auc:85.9 | loss:0.429
[59,52] | tst acc:77.3, f1:41.6, auc:82.6 | trn acc:81.6, f1:69.2, auc:86.2 | loss:0.424
[60,400] | tst acc:77.7, f1:41.4, auc:83.8 | trn acc:81.7, f1:69.3, auc:86.3 | loss:0.422
[62,72] | tst acc:78.8, f1:43.3, auc:83.8 | trn acc:81.9, f1:69.6, auc:86.3 | loss:0.421
[63,420] | tst acc:77.7, f1:41.4, auc:83.0 | trn acc:81.5, f1:69.3, auc:86.2 | loss:0.425
[65,92] | tst acc:78.2, f1:41.9, auc:83.9 | trn acc:81.8, f1:69.5, auc:86.4 | loss:0.419
[66,440] | tst acc:79.3, f1:43.1, auc:84.9 | trn acc:81.7, f1:69.4, auc:86.3 | loss:0.421
[68,112] | tst acc:79.3, f1:44.4, auc:84.9 | trn acc:81.8, f1:69.8, auc:86.6 | loss:0.418
[69,460] | tst acc:79.0, f1:44.2, auc:83.7 | trn acc:81.7, f1:69.4, auc:86.4 | loss:0.419
Reached final batch of training at iter = 47992
Reached final batch of training at iter = 48000
Epoch 71 finished in 0.05 seconds
[71,4] | tst acc:79.5, f1:43.4, auc:82.8 | trn acc:81.6, f1:69.5, auc:86.3 | loss:0.423
Average epoch runtime: 3.99 seconds
Total training time: 287.50 GPU seconds
SEED: 58475
Loading drug dataset...
Hyperparameters:
Namespace(seed=58475, is_train=True, input_dir='data/input', output_dir='data/output', repository='gdsc', drug_id=-1, use_cuda=True, use_relu=True, init_gene_emb=True, scheduler='onecycle', shuffle=False, omic='exp', use_attention=True, use_cntx_attn=True, embedding_dim=200, attention_size=128, attention_head=8, hidden_dim_enc=200, use_hid_lyr=False, max_iter=48000, max_fscore=-1, dropout_rate=0.6, learning_rate=0.3, weight_decay=0.0003, batch_size=8, test_batch_size=8, test_inc_size=1024, model_label='cntx-attn-gdsc', focal=False, alpha=0.6, gamma=2.0, adam=False, exp_size=3000, mut_size=1000, cnv_size=1000, omc_size=3000, drg_size=260, train_size=676, test_size=170)
HIDDEN EMBEDDING SIZE: 200
USING RELU
USING PRETRAING EMBEDDINGS
DROPOUT RATE: 0.6
USING SELF ATTENTION
USING CONTEXTUAL ATTENTION
INITIALIZING SGD OPTIMIZER
Training...
INITIALIZING ONE CYCLE
Batch size: 8
Train dataset size (samples): 676
Batches per epoch: 85
[0,0] | tst acc:47.1, f1:36.4, auc:50.8 | trn acc:49.9, f1:43.8, auc:51.1 | loss:4.348
[1,348] | tst acc:57.0, f1:41.7, auc:59.8 | trn acc:53.9, f1:42.2, auc:55.2 | loss:3.174
[3,20] | tst acc:63.0, f1:49.7, auc:66.2 | trn acc:62.1, f1:47.9, auc:61.8 | loss:0.906
[4,368] | tst acc:61.8, f1:46.1, auc:63.8 | trn acc:62.9, f1:48.3, auc:64.6 | loss:0.709
[6,40] | tst acc:68.3, f1:53.5, auc:66.1 | trn acc:63.4, f1:48.8, auc:64.3 | loss:0.698
[7,388] | tst acc:66.3, f1:49.6, auc:70.2 | trn acc:65.3, f1:50.5, auc:67.9 | loss:0.643
[9,60] | tst acc:65.6, f1:49.1, auc:70.0 | trn acc:67.7, f1:52.4, auc:70.6 | loss:0.618
[10,408] | tst acc:67.5, f1:46.6, auc:71.1 | trn acc:69.9, f1:54.3, auc:73.0 | loss:0.592
[12,80] | tst acc:68.5, f1:49.4, auc:72.2 | trn acc:71.7, f1:56.2, auc:74.8 | loss:0.570
[13,428] | tst acc:72.1, f1:53.2, auc:73.6 | trn acc:73.7, f1:57.9, auc:76.6 | loss:0.548
[15,100] | tst acc:76.9, f1:60.7, auc:80.9 | trn acc:75.2, f1:59.6, auc:78.1 | loss:0.532
[16,448] | tst acc:75.2, f1:57.6, auc:77.8 | trn acc:76.3, f1:60.7, auc:79.2 | loss:0.517
[18,120] | tst acc:73.1, f1:55.6, auc:77.9 | trn acc:77.2, f1:61.7, auc:79.9 | loss:0.506
[19,468] | tst acc:77.4, f1:60.2, auc:81.5 | trn acc:77.9, f1:62.7, auc:80.8 | loss:0.496
[21,140] | tst acc:77.6, f1:62.0, auc:82.9 | trn acc:78.5, f1:63.2, auc:81.2 | loss:0.489
[22,488] | tst acc:76.7, f1:58.4, auc:83.1 | trn acc:78.8, f1:63.8, auc:81.8 | loss:0.482
[24,160] | tst acc:79.8, f1:65.0, auc:82.3 | trn acc:79.1, f1:64.1, auc:82.0 | loss:0.477
[25,508] | tst acc:79.6, f1:63.8, auc:85.0 | trn acc:79.4, f1:64.6, auc:82.6 | loss:0.470
[27,180] | tst acc:79.8, f1:64.7, auc:83.6 | trn acc:79.9, f1:65.0, auc:83.0 | loss:0.462
[28,528] | tst acc:80.8, f1:65.5, auc:84.4 | trn acc:79.7, f1:65.1, auc:83.0 | loss:0.463
[30,200] | tst acc:79.6, f1:62.9, auc:83.7 | trn acc:80.2, f1:65.5, auc:83.4 | loss:0.457
[31,548] | tst acc:80.0, f1:63.4, auc:84.1 | trn acc:80.3, f1:65.9, auc:83.9 | loss:0.451
[33,220] | tst acc:79.6, f1:64.1, auc:84.2 | trn acc:80.4, f1:66.1, auc:83.9 | loss:0.452
[34,568] | tst acc:79.8, f1:64.4, auc:84.7 | trn acc:80.7, f1:66.3, auc:84.1 | loss:0.447
[36,240] | tst acc:77.9, f1:61.7, auc:84.2 | trn acc:80.8, f1:66.4, auc:84.3 | loss:0.445
[37,588] | tst acc:80.0, f1:64.4, auc:85.0 | trn acc:80.8, f1:66.5, auc:84.5 | loss:0.443
[39,260] | tst acc:81.2, f1:66.1, auc:85.1 | trn acc:81.0, f1:66.9, auc:84.6 | loss:0.442
[40,608] | tst acc:80.5, f1:65.5, auc:86.0 | trn acc:81.1, f1:67.0, auc:84.7 | loss:0.440
[42,280] | tst acc:79.3, f1:62.6, auc:86.9 | trn acc:81.4, f1:67.4, auc:85.2 | loss:0.433
[43,628] | tst acc:81.5, f1:67.2, auc:85.5 | trn acc:80.9, f1:66.7, auc:84.7 | loss:0.440
[45,300] | tst acc:80.0, f1:64.1, auc:85.0 | trn acc:81.4, f1:67.5, auc:85.2 | loss:0.432
[46,648] | tst acc:80.8, f1:64.9, auc:85.7 | trn acc:81.1, f1:67.1, auc:85.0 | loss:0.437
[48,320] | tst acc:80.8, f1:65.8, auc:85.6 | trn acc:81.3, f1:67.3, auc:85.2 | loss:0.433
[49,668] | tst acc:82.2, f1:68.6, auc:86.1 | trn acc:81.4, f1:67.7, auc:85.4 | loss:0.431
[51,340] | tst acc:81.7, f1:67.8, auc:86.1 | trn acc:81.6, f1:67.6, auc:85.6 | loss:0.426
[53,12] | tst acc:81.0, f1:65.8, auc:86.5 | trn acc:81.4, f1:67.7, auc:85.5 | loss:0.429
[54,360] | tst acc:82.5, f1:69.5, auc:86.9 | trn acc:81.6, f1:67.9, auc:85.8 | loss:0.424
[56,32] | tst acc:81.5, f1:67.5, auc:87.4 | trn acc:81.3, f1:67.5, auc:85.4 | loss:0.431
[57,380] | tst acc:81.7, f1:67.8, auc:88.2 | trn acc:81.8, f1:68.3, auc:85.9 | loss:0.423
[59,52] | tst acc:82.9, f1:69.8, auc:86.9 | trn acc:81.5, f1:67.7, auc:85.7 | loss:0.425
[60,400] | tst acc:82.9, f1:69.8, auc:87.5 | trn acc:81.7, f1:68.1, auc:86.0 | loss:0.421
[62,72] | tst acc:82.2, f1:68.6, auc:87.4 | trn acc:81.8, f1:68.1, auc:86.0 | loss:0.420
[63,420] | tst acc:82.5, f1:70.0, auc:87.5 | trn acc:81.7, f1:68.3, auc:86.1 | loss:0.421
[65,92] | tst acc:83.2, f1:71.1, auc:87.7 | trn acc:81.7, f1:68.1, auc:86.0 | loss:0.421
[66,440] | tst acc:82.2, f1:69.2, auc:87.5 | trn acc:81.6, f1:68.1, auc:86.0 | loss:0.422
[68,112] | tst acc:83.2, f1:70.8, auc:87.7 | trn acc:81.9, f1:68.5, auc:86.3 | loss:0.418
[69,460] | tst acc:82.9, f1:71.0, auc:88.1 | trn acc:81.6, f1:68.3, auc:86.0 | loss:0.423
Reached final batch of training at iter = 47992
Reached final batch of training at iter = 48000
Epoch 71 finished in 0.05 seconds
[71,4] | tst acc:82.0, f1:69.1, auc:87.8 | trn acc:82.1, f1:68.7, auc:86.4 | loss:0.415
Average epoch runtime: 3.99 seconds
Total training time: 287.59 GPU seconds
SEED: 94707
Loading drug dataset...
Hyperparameters:
Namespace(seed=94707, is_train=True, input_dir='data/input', output_dir='data/output', repository='gdsc', drug_id=-1, use_cuda=True, use_relu=True, init_gene_emb=True, scheduler='onecycle', shuffle=False, omic='exp', use_attention=True, use_cntx_attn=True, embedding_dim=200, attention_size=128, attention_head=8, hidden_dim_enc=200, use_hid_lyr=False, max_iter=48000, max_fscore=-1, dropout_rate=0.6, learning_rate=0.3, weight_decay=0.0003, batch_size=8, test_batch_size=8, test_inc_size=1024, model_label='cntx-attn-gdsc', focal=False, alpha=0.6, gamma=2.0, adam=False, exp_size=3000, mut_size=1000, cnv_size=1000, omc_size=3000, drg_size=260, train_size=676, test_size=170)
HIDDEN EMBEDDING SIZE: 200
USING RELU
USING PRETRAING EMBEDDINGS
DROPOUT RATE: 0.6
USING SELF ATTENTION
USING CONTEXTUAL ATTENTION
INITIALIZING SGD OPTIMIZER
Training...
INITIALIZING ONE CYCLE
Batch size: 8
Train dataset size (samples): 676
Batches per epoch: 85
[0,0] | tst acc:50.8, f1:51.1, auc:51.3 | trn acc:47.5, f1:38.3, auc:47.7 | loss:4.546
[1,348] | tst acc:55.9, f1:53.6, auc:58.3 | trn acc:54.2, f1:40.0, auc:53.8 | loss:3.033
[3,20] | tst acc:55.6, f1:50.5, auc:57.6 | trn acc:62.0, f1:46.2, auc:60.9 | loss:0.913
[4,368] | tst acc:57.9, f1:51.8, auc:61.1 | trn acc:62.8, f1:46.7, auc:63.1 | loss:0.707
[6,40] | tst acc:56.5, f1:50.6, auc:62.1 | trn acc:63.5, f1:46.8, auc:63.0 | loss:0.693
[7,388] | tst acc:55.4, f1:48.0, auc:62.1 | trn acc:65.2, f1:48.7, auc:66.8 | loss:0.647
[9,60] | tst acc:61.0, f1:54.3, auc:67.5 | trn acc:67.9, f1:51.2, auc:70.0 | loss:0.615
[10,408] | tst acc:61.9, f1:51.6, auc:69.2 | trn acc:70.0, f1:53.3, auc:72.3 | loss:0.594
[12,80] | tst acc:59.6, f1:51.5, auc:66.8 | trn acc:72.1, f1:55.4, auc:74.6 | loss:0.567
[13,428] | tst acc:62.4, f1:52.0, auc:69.1 | trn acc:73.7, f1:57.3, auc:76.3 | loss:0.549
[15,100] | tst acc:57.3, f1:43.4, auc:67.2 | trn acc:75.2, f1:59.0, auc:77.9 | loss:0.529
[16,448] | tst acc:61.0, f1:50.0, auc:72.2 | trn acc:76.2, f1:60.1, auc:78.7 | loss:0.520
[18,120] | tst acc:61.6, f1:50.7, auc:68.6 | trn acc:77.3, f1:61.5, auc:80.0 | loss:0.504
[19,468] | tst acc:60.7, f1:49.8, auc:71.8 | trn acc:78.2, f1:62.6, auc:80.8 | loss:0.492
[21,140] | tst acc:62.1, f1:48.5, auc:72.9 | trn acc:78.2, f1:62.7, auc:80.9 | loss:0.491
[22,488] | tst acc:63.6, f1:51.0, auc:72.3 | trn acc:78.7, f1:63.5, auc:81.5 | loss:0.482
[24,160] | tst acc:65.0, f1:55.1, auc:74.4 | trn acc:79.4, f1:64.4, auc:82.2 | loss:0.472
[25,508] | tst acc:65.3, f1:54.3, auc:74.2 | trn acc:79.6, f1:64.4, auc:82.4 | loss:0.469
[27,180] | tst acc:62.7, f1:50.7, auc:74.4 | trn acc:79.8, f1:64.8, auc:82.8 | loss:0.464
[28,528] | tst acc:62.4, f1:50.9, auc:71.6 | trn acc:80.1, f1:65.3, auc:83.2 | loss:0.459
[30,200] | tst acc:62.1, f1:50.0, auc:73.5 | trn acc:80.4, f1:65.9, auc:83.6 | loss:0.453
[31,548] | tst acc:63.3, f1:51.9, auc:73.7 | trn acc:80.4, f1:65.9, auc:83.6 | loss:0.454
[33,220] | tst acc:62.7, f1:50.7, auc:74.9 | trn acc:80.6, f1:66.2, auc:83.9 | loss:0.450
[34,568] | tst acc:62.4, f1:49.8, auc:75.0 | trn acc:80.8, f1:66.3, auc:84.0 | loss:0.446
[36,240] | tst acc:61.9, f1:48.7, auc:75.3 | trn acc:81.0, f1:66.8, auc:84.4 | loss:0.442
[37,588] | tst acc:62.1, f1:48.9, auc:73.9 | trn acc:80.9, f1:66.6, auc:84.3 | loss:0.444
[39,260] | tst acc:63.0, f1:50.6, auc:75.3 | trn acc:81.1, f1:66.8, auc:84.6 | loss:0.439
[40,608] | tst acc:61.9, f1:49.1, auc:74.7 | trn acc:81.1, f1:67.0, auc:84.6 | loss:0.440
[42,280] | tst acc:63.6, f1:52.0, auc:74.3 | trn acc:81.4, f1:67.5, auc:85.0 | loss:0.434
[43,628] | tst acc:62.4, f1:49.4, auc:75.5 | trn acc:81.2, f1:67.2, auc:84.8 | loss:0.437
[45,300] | tst acc:63.0, f1:50.6, auc:76.1 | trn acc:81.4, f1:67.4, auc:85.1 | loss:0.433
[46,648] | tst acc:63.3, f1:51.5, auc:76.8 | trn acc:81.4, f1:67.5, auc:85.1 | loss:0.433
[48,320] | tst acc:63.0, f1:50.9, auc:76.7 | trn acc:81.5, f1:67.5, auc:85.3 | loss:0.430
[49,668] | tst acc:64.1, f1:52.4, auc:75.4 | trn acc:81.6, f1:67.6, auc:85.3 | loss:0.430
[51,340] | tst acc:63.8, f1:52.6, auc:77.2 | trn acc:81.3, f1:67.5, auc:85.3 | loss:0.431
[53,12] | tst acc:63.8, f1:51.9, auc:77.6 | trn acc:81.9, f1:68.1, auc:85.7 | loss:0.424
[54,360] | tst acc:63.6, f1:52.4, auc:76.9 | trn acc:81.5, f1:67.8, auc:85.6 | loss:0.427
[56,32] | tst acc:63.8, f1:52.2, auc:78.1 | trn acc:81.7, f1:68.1, auc:85.7 | loss:0.425
[57,380] | tst acc:64.7, f1:54.2, auc:79.1 | trn acc:81.5, f1:68.0, auc:85.7 | loss:0.427
[59,52] | tst acc:65.3, f1:54.9, auc:79.2 | trn acc:81.9, f1:68.1, auc:86.0 | loss:0.418
[60,400] | tst acc:64.1, f1:52.1, auc:79.4 | trn acc:81.9, f1:68.5, auc:86.0 | loss:0.420
[62,72] | tst acc:66.7, f1:57.6, auc:80.1 | trn acc:81.8, f1:68.4, auc:86.1 | loss:0.420
[63,420] | tst acc:64.7, f1:54.2, auc:80.6 | trn acc:82.0, f1:68.2, auc:86.2 | loss:0.415
[65,92] | tst acc:65.5, f1:55.8, auc:80.7 | trn acc:81.9, f1:68.9, auc:86.2 | loss:0.419
[66,440] | tst acc:66.7, f1:57.6, auc:79.4 | trn acc:82.0, f1:68.9, auc:86.4 | loss:0.417
[68,112] | tst acc:66.7, f1:57.6, auc:80.7 | trn acc:81.9, f1:68.6, auc:86.2 | loss:0.418
[69,460] | tst acc:67.8, f1:59.6, auc:81.1 | trn acc:82.0, f1:68.7, auc:86.3 | loss:0.417
Reached final batch of training at iter = 47992
Reached final batch of training at iter = 48000
Epoch 71 finished in 0.05 seconds
[71,4] | tst acc:68.4, f1:60.6, auc:80.3 | trn acc:82.3, f1:69.1, auc:86.7 | loss:0.411
Average epoch runtime: 4.01 seconds
Total training time: 288.53 GPU seconds
