job is starting on gpua030.delta.ncsa.illinois.edu
Loading drug dataset...
Hyperparameters:
Namespace(is_train=True, input_dir='data/input', output_dir='data/output', repository='gdsc', drug_id=-1, use_cuda=True, use_relu=True, init_gene_emb=True, omic='exp', use_attention=True, use_cntx_attn=True, embedding_dim=200, attention_size=128, attention_head=8, hidden_dim_enc=200, use_hid_lyr=False, max_iter=48000, max_fscore=0.0, dropout_rate=0.6, learning_rate=0.3, weight_decay=0.0003, batch_size=8, test_batch_size=8, test_inc_size=1024, model_label='cntx-attn-gdsc', exp_size=3000, mut_size=1000, cnv_size=1000, omc_size=3000, drg_size=260, train_size=676, test_size=170)
Training...
Batch size: 8
Train dataset size (samples): 676
Batches per epoch: 85
[0,0] | tst acc:49.9, f1:42.8, auc:49.2 | trn acc:50.2, f1:42.2, auc:49.7 | loss:3.861
Epoch 0 finished in 4.65 seconds
[1,348] | tst acc:56.7, f1:42.7, auc:56.3 | trn acc:54.5, f1:40.5, auc:54.2 | loss:2.854
Epoch 1 finished in 4.12 seconds
Epoch 2 finished in 3.94 seconds
[3,20] | tst acc:63.1, f1:51.4, auc:66.1 | trn acc:61.6, f1:45.8, auc:60.9 | loss:0.738
Epoch 3 finished in 4.10 seconds
[4,368] | tst acc:60.7, f1:50.8, auc:62.7 | trn acc:61.9, f1:46.0, auc:62.4 | loss:0.691
Epoch 4 finished in 4.15 seconds
Epoch 5 finished in 3.89 seconds
[6,40] | tst acc:61.2, f1:51.5, auc:64.1 | trn acc:62.4, f1:46.4, auc:62.4 | loss:0.665
Epoch 6 finished in 4.15 seconds
[7,388] | tst acc:63.6, f1:53.4, auc:64.6 | trn acc:64.6, f1:48.2, auc:66.2 | loss:0.631
Epoch 7 finished in 4.11 seconds
Epoch 8 finished in 3.94 seconds
[9,60] | tst acc:67.8, f1:57.3, auc:70.4 | trn acc:67.3, f1:50.6, auc:69.3 | loss:0.607
Epoch 9 finished in 4.10 seconds
[10,408] | tst acc:71.8, f1:62.2, auc:76.0 | trn acc:70.0, f1:53.5, auc:72.6 | loss:0.578
Epoch 10 finished in 4.15 seconds
Epoch 11 finished in 3.89 seconds
[12,80] | tst acc:67.5, f1:53.6, auc:72.3 | trn acc:72.3, f1:56.0, auc:75.0 | loss:0.556
Epoch 12 finished in 4.15 seconds
[13,428] | tst acc:72.0, f1:59.8, auc:74.9 | trn acc:74.0, f1:57.9, auc:76.8 | loss:0.538
Epoch 13 finished in 4.10 seconds
Epoch 14 finished in 3.93 seconds
[15,100] | tst acc:71.5, f1:58.1, auc:72.9 | trn acc:75.4, f1:59.7, auc:78.3 | loss:0.522
Epoch 15 finished in 4.10 seconds
[16,448] | tst acc:73.9, f1:61.5, auc:78.7 | trn acc:76.8, f1:61.5, auc:79.6 | loss:0.506
Epoch 16 finished in 4.15 seconds
Epoch 17 finished in 3.89 seconds
[18,120] | tst acc:73.4, f1:61.0, auc:76.8 | trn acc:77.7, f1:62.5, auc:80.6 | loss:0.494
Epoch 18 finished in 4.14 seconds
[19,468] | tst acc:72.3, f1:58.5, auc:76.4 | trn acc:78.2, f1:63.2, auc:81.1 | loss:0.487
Epoch 19 finished in 4.11 seconds
Epoch 20 finished in 3.93 seconds
[21,140] | tst acc:73.9, f1:61.5, auc:78.9 | trn acc:79.1, f1:64.6, auc:81.9 | loss:0.477
Epoch 21 finished in 4.10 seconds
[22,488] | tst acc:75.5, f1:63.2, auc:78.5 | trn acc:79.4, f1:64.9, auc:82.3 | loss:0.472
Epoch 22 finished in 4.14 seconds
Epoch 23 finished in 3.89 seconds
[24,160] | tst acc:75.5, f1:62.7, auc:79.7 | trn acc:79.7, f1:65.4, auc:82.7 | loss:0.466
Epoch 24 finished in 4.15 seconds
[25,508] | tst acc:74.7, f1:62.2, auc:80.2 | trn acc:80.0, f1:65.7, auc:83.0 | loss:0.461
Epoch 25 finished in 4.10 seconds
Epoch 26 finished in 3.93 seconds
[27,180] | tst acc:77.0, f1:64.8, auc:81.9 | trn acc:80.6, f1:66.6, auc:83.8 | loss:0.452
Epoch 27 finished in 4.10 seconds
[28,528] | tst acc:75.7, f1:64.1, auc:79.3 | trn acc:80.5, f1:66.5, auc:83.7 | loss:0.452
Epoch 28 finished in 4.15 seconds
Epoch 29 finished in 3.89 seconds
[30,200] | tst acc:75.7, f1:63.2, auc:79.7 | trn acc:80.6, f1:66.9, auc:83.9 | loss:0.451
Epoch 30 finished in 4.15 seconds
[31,548] | tst acc:76.0, f1:63.5, auc:79.6 | trn acc:80.8, f1:67.0, auc:84.3 | loss:0.445
Epoch 31 finished in 4.10 seconds
Epoch 32 finished in 3.93 seconds
[33,220] | tst acc:74.1, f1:61.1, auc:80.6 | trn acc:81.0, f1:67.4, auc:84.3 | loss:0.445
Epoch 33 finished in 4.10 seconds
[34,568] | tst acc:74.7, f1:61.6, auc:81.5 | trn acc:81.0, f1:67.4, auc:84.4 | loss:0.444
Epoch 34 finished in 4.15 seconds
Epoch 35 finished in 3.89 seconds
[36,240] | tst acc:76.8, f1:64.5, auc:82.6 | trn acc:81.3, f1:67.8, auc:84.9 | loss:0.437
Epoch 36 finished in 4.15 seconds
[37,588] | tst acc:78.1, f1:66.4, auc:83.6 | trn acc:81.4, f1:67.7, auc:84.8 | loss:0.436
Epoch 37 finished in 4.10 seconds
Epoch 38 finished in 3.93 seconds
[39,260] | tst acc:77.8, f1:66.4, auc:81.6 | trn acc:81.4, f1:68.3, auc:85.1 | loss:0.437
Epoch 39 finished in 4.10 seconds
[40,608] | tst acc:77.3, f1:65.3, auc:82.6 | trn acc:81.5, f1:67.9, auc:85.0 | loss:0.433
Epoch 40 finished in 4.14 seconds
Epoch 41 finished in 3.89 seconds
[42,280] | tst acc:78.1, f1:66.7, auc:82.8 | trn acc:81.4, f1:68.0, auc:85.1 | loss:0.434
Epoch 42 finished in 4.14 seconds
[43,628] | tst acc:77.3, f1:65.3, auc:81.3 | trn acc:81.8, f1:68.4, auc:85.4 | loss:0.429
Epoch 43 finished in 4.10 seconds
Epoch 44 finished in 3.93 seconds
[45,300] | tst acc:77.6, f1:66.4, auc:84.1 | trn acc:81.5, f1:68.0, auc:85.2 | loss:0.432
Epoch 45 finished in 4.10 seconds
[46,648] | tst acc:77.8, f1:66.4, auc:83.1 | trn acc:81.8, f1:68.6, auc:85.6 | loss:0.428
Epoch 46 finished in 4.14 seconds
Epoch 47 finished in 3.89 seconds
[48,320] | tst acc:76.5, f1:64.3, auc:83.0 | trn acc:81.7, f1:68.5, auc:85.5 | loss:0.428
Epoch 48 finished in 4.14 seconds
[49,668] | tst acc:77.8, f1:66.4, auc:83.4 | trn acc:81.9, f1:68.8, auc:85.7 | loss:0.425
Epoch 49 finished in 4.10 seconds
Epoch 50 finished in 3.93 seconds
[51,340] | tst acc:77.0, f1:65.1, auc:84.2 | trn acc:81.9, f1:68.8, auc:85.9 | loss:0.424
Epoch 51 finished in 4.10 seconds
Epoch 52 finished in 3.93 seconds
[53,12] | tst acc:77.3, f1:64.8, auc:82.4 | trn acc:81.7, f1:68.5, auc:85.6 | loss:0.427
Epoch 53 finished in 4.10 seconds
[54,360] | tst acc:77.0, f1:65.3, auc:83.0 | trn acc:81.9, f1:68.9, auc:85.9 | loss:0.423
Epoch 54 finished in 4.14 seconds
Epoch 55 finished in 3.88 seconds
[56,32] | tst acc:78.4, f1:67.5, auc:84.3 | trn acc:81.8, f1:68.7, auc:85.8 | loss:0.425
Epoch 56 finished in 4.14 seconds
[57,380] | tst acc:77.6, f1:65.9, auc:83.3 | trn acc:81.9, f1:68.9, auc:85.8 | loss:0.425
Epoch 57 finished in 4.09 seconds
Epoch 58 finished in 3.93 seconds
[59,52] | tst acc:77.6, f1:65.6, auc:84.1 | trn acc:81.9, f1:68.8, auc:85.9 | loss:0.422
Epoch 59 finished in 4.10 seconds
[60,400] | tst acc:77.3, f1:65.6, auc:82.8 | trn acc:81.9, f1:68.7, auc:85.7 | loss:0.424
Epoch 60 finished in 4.14 seconds
Epoch 61 finished in 3.89 seconds
[62,72] | tst acc:77.0, f1:65.1, auc:84.8 | trn acc:81.9, f1:68.8, auc:85.9 | loss:0.422
Epoch 62 finished in 4.14 seconds
[63,420] | tst acc:77.6, f1:66.1, auc:84.9 | trn acc:81.9, f1:69.0, auc:86.0 | loss:0.422
Epoch 63 finished in 4.10 seconds
Epoch 64 finished in 3.93 seconds
[65,92] | tst acc:77.0, f1:65.3, auc:84.0 | trn acc:82.1, f1:69.2, auc:86.0 | loss:0.420
Epoch 65 finished in 4.10 seconds
[66,440] | tst acc:78.4, f1:67.5, auc:83.9 | trn acc:81.8, f1:68.8, auc:85.9 | loss:0.423
Epoch 66 finished in 4.14 seconds
Epoch 67 finished in 3.88 seconds
[68,112] | tst acc:77.8, f1:65.9, auc:84.3 | trn acc:81.9, f1:68.8, auc:85.9 | loss:0.423
Epoch 68 finished in 4.14 seconds
[69,460] | tst acc:77.8, f1:66.4, auc:83.8 | trn acc:82.2, f1:69.2, auc:86.2 | loss:0.416
Epoch 69 finished in 4.09 seconds
Reached final batch of training at iter = 47992
Epoch 70 finished in 3.93 seconds
Reached final batch of training at iter = 48000
Epoch 71 finished in 0.05 seconds
Average epoch runtime: 4.00 seconds
Total training time: 288.18 GPU seconds
0
Loading drug dataset...
Hyperparameters:
Namespace(is_train=True, input_dir='data/input', output_dir='data/output', repository='gdsc', drug_id=-1, use_cuda=True, use_relu=True, init_gene_emb=True, omic='exp', use_attention=True, use_cntx_attn=True, embedding_dim=200, attention_size=128, attention_head=8, hidden_dim_enc=200, use_hid_lyr=False, max_iter=48000, max_fscore=0.0, dropout_rate=0.6, learning_rate=0.3, weight_decay=0.0003, batch_size=8, test_batch_size=8, test_inc_size=1024, model_label='cntx-attn-gdsc', exp_size=3000, mut_size=1000, cnv_size=1000, omc_size=3000, drg_size=260, train_size=676, test_size=170)
Training...
Batch size: 8
Train dataset size (samples): 676
Batches per epoch: 85
[0,0] | tst acc:52.4, f1:43.0, auc:53.0 | trn acc:48.9, f1:37.2, auc:48.2 | loss:3.944
Epoch 0 finished in 4.08 seconds
[1,348] | tst acc:58.2, f1:41.9, auc:56.7 | trn acc:54.3, f1:40.9, auc:54.1 | loss:2.838
Epoch 1 finished in 4.11 seconds
Epoch 2 finished in 3.93 seconds
[3,20] | tst acc:64.0, f1:51.1, auc:67.8 | trn acc:60.4, f1:45.2, auc:59.8 | loss:0.711
Epoch 3 finished in 4.10 seconds
[4,368] | tst acc:60.6, f1:49.1, auc:62.9 | trn acc:60.7, f1:45.7, auc:61.0 | loss:0.692
Epoch 4 finished in 4.15 seconds
Epoch 5 finished in 3.89 seconds
[6,40] | tst acc:61.6, f1:49.8, auc:64.7 | trn acc:60.8, f1:46.0, auc:61.1 | loss:0.687
Epoch 6 finished in 4.15 seconds
[7,388] | tst acc:58.5, f1:45.7, auc:64.7 | trn acc:62.1, f1:46.8, auc:63.4 | loss:0.653
Epoch 7 finished in 4.10 seconds
Epoch 8 finished in 3.93 seconds
[9,60] | tst acc:63.8, f1:51.2, auc:65.8 | trn acc:64.9, f1:49.0, auc:67.0 | loss:0.626
Epoch 9 finished in 4.10 seconds
[10,408] | tst acc:73.0, f1:61.1, auc:77.1 | trn acc:67.8, f1:51.7, auc:70.2 | loss:0.600
Epoch 10 finished in 4.14 seconds
Epoch 11 finished in 3.89 seconds
[12,80] | tst acc:70.1, f1:54.3, auc:73.9 | trn acc:70.3, f1:54.4, auc:73.2 | loss:0.575
Epoch 12 finished in 4.14 seconds
[13,428] | tst acc:71.2, f1:55.9, auc:73.2 | trn acc:72.4, f1:56.5, auc:75.2 | loss:0.556
Epoch 13 finished in 4.10 seconds
Epoch 14 finished in 3.93 seconds
[15,100] | tst acc:74.6, f1:60.0, auc:78.2 | trn acc:74.5, f1:58.9, auc:77.5 | loss:0.531
Epoch 15 finished in 4.10 seconds
[16,448] | tst acc:73.3, f1:58.1, auc:78.6 | trn acc:75.5, f1:60.1, auc:78.4 | loss:0.521
Epoch 16 finished in 4.15 seconds
Epoch 17 finished in 3.89 seconds
[18,120] | tst acc:75.7, f1:61.7, auc:80.1 | trn acc:76.9, f1:61.9, auc:79.8 | loss:0.505
Epoch 18 finished in 4.14 seconds
[19,468] | tst acc:77.0, f1:63.6, auc:80.0 | trn acc:77.7, f1:62.7, auc:80.7 | loss:0.493
Epoch 19 finished in 4.10 seconds
Epoch 20 finished in 3.93 seconds
[21,140] | tst acc:74.6, f1:60.0, auc:78.6 | trn acc:78.3, f1:63.5, auc:81.0 | loss:0.489
Epoch 21 finished in 4.10 seconds
[22,488] | tst acc:77.5, f1:64.4, auc:82.2 | trn acc:78.7, f1:64.5, auc:81.7 | loss:0.482
Epoch 22 finished in 4.14 seconds
Epoch 23 finished in 3.89 seconds
[24,160] | tst acc:76.7, f1:61.7, auc:82.1 | trn acc:79.2, f1:64.7, auc:82.2 | loss:0.474
Epoch 24 finished in 4.14 seconds
[25,508] | tst acc:75.9, f1:61.6, auc:81.3 | trn acc:79.8, f1:65.5, auc:82.7 | loss:0.465
Epoch 25 finished in 4.10 seconds
Epoch 26 finished in 3.93 seconds
[27,180] | tst acc:78.8, f1:65.8, auc:83.1 | trn acc:79.7, f1:65.6, auc:82.8 | loss:0.467
Epoch 27 finished in 4.09 seconds
[28,528] | tst acc:77.8, f1:65.6, auc:81.2 | trn acc:80.0, f1:66.0, auc:83.2 | loss:0.462
Epoch 28 finished in 4.14 seconds
Epoch 29 finished in 3.89 seconds
[30,200] | tst acc:76.5, f1:62.4, auc:83.0 | trn acc:80.1, f1:66.2, auc:83.3 | loss:0.460
Epoch 30 finished in 4.15 seconds
[31,548] | tst acc:77.2, f1:63.2, auc:82.1 | trn acc:80.5, f1:66.6, auc:83.8 | loss:0.452
Epoch 31 finished in 4.10 seconds
Epoch 32 finished in 3.93 seconds
[33,220] | tst acc:78.0, f1:65.6, auc:83.6 | trn acc:80.5, f1:67.0, auc:84.0 | loss:0.451
Epoch 33 finished in 4.10 seconds
[34,568] | tst acc:78.3, f1:64.7, auc:81.8 | trn acc:80.6, f1:66.9, auc:84.0 | loss:0.450
Epoch 34 finished in 4.15 seconds
Epoch 35 finished in 3.89 seconds
[36,240] | tst acc:78.6, f1:65.5, auc:84.0 | trn acc:81.0, f1:67.3, auc:84.4 | loss:0.444
Epoch 36 finished in 4.14 seconds
[37,588] | tst acc:78.8, f1:65.8, auc:83.5 | trn acc:80.8, f1:67.3, auc:84.4 | loss:0.446
Epoch 37 finished in 4.10 seconds
Epoch 38 finished in 3.93 seconds
[39,260] | tst acc:79.4, f1:66.9, auc:83.3 | trn acc:81.0, f1:67.8, auc:84.7 | loss:0.442
Epoch 39 finished in 4.10 seconds
[40,608] | tst acc:80.4, f1:68.6, auc:84.1 | trn acc:81.2, f1:67.5, auc:84.6 | loss:0.439
Epoch 40 finished in 4.14 seconds
Epoch 41 finished in 3.89 seconds
[42,280] | tst acc:79.4, f1:67.5, auc:83.1 | trn acc:81.1, f1:67.7, auc:84.8 | loss:0.440
Epoch 42 finished in 4.14 seconds
[43,628] | tst acc:80.2, f1:68.1, auc:83.9 | trn acc:81.1, f1:67.7, auc:84.7 | loss:0.440
Epoch 43 finished in 4.10 seconds
Epoch 44 finished in 3.93 seconds
[45,300] | tst acc:78.6, f1:65.5, auc:84.9 | trn acc:81.3, f1:67.8, auc:85.0 | loss:0.436
Epoch 45 finished in 4.10 seconds
[46,648] | tst acc:79.6, f1:67.2, auc:84.2 | trn acc:81.2, f1:67.9, auc:85.0 | loss:0.438
Epoch 46 finished in 4.14 seconds
Epoch 47 finished in 3.89 seconds
[48,320] | tst acc:78.6, f1:64.9, auc:84.6 | trn acc:81.5, f1:68.4, auc:85.3 | loss:0.433
Epoch 48 finished in 4.15 seconds
[49,668] | tst acc:80.2, f1:67.8, auc:84.9 | trn acc:81.2, f1:68.1, auc:85.1 | loss:0.436
Epoch 49 finished in 4.10 seconds
Epoch 50 finished in 3.93 seconds
[51,340] | tst acc:78.6, f1:65.5, auc:85.0 | trn acc:81.4, f1:68.1, auc:85.2 | loss:0.433
Epoch 51 finished in 4.10 seconds
Epoch 52 finished in 3.93 seconds
[53,12] | tst acc:79.6, f1:66.1, auc:84.6 | trn acc:81.4, f1:68.3, auc:85.3 | loss:0.432
Epoch 53 finished in 4.10 seconds
[54,360] | tst acc:79.1, f1:66.7, auc:84.3 | trn acc:81.5, f1:68.4, auc:85.4 | loss:0.431
Epoch 54 finished in 4.14 seconds
Epoch 55 finished in 3.89 seconds
[56,32] | tst acc:78.8, f1:66.7, auc:83.8 | trn acc:81.3, f1:68.3, auc:85.3 | loss:0.433
Epoch 56 finished in 4.14 seconds
[57,380] | tst acc:79.1, f1:66.1, auc:84.5 | trn acc:81.5, f1:68.4, auc:85.4 | loss:0.431
Epoch 57 finished in 4.10 seconds
Epoch 58 finished in 3.93 seconds
[59,52] | tst acc:78.8, f1:65.5, auc:83.7 | trn acc:81.5, f1:68.2, auc:85.4 | loss:0.431
Epoch 59 finished in 4.10 seconds
[60,400] | tst acc:79.6, f1:67.5, auc:84.6 | trn acc:81.4, f1:68.3, auc:85.4 | loss:0.432
Epoch 60 finished in 4.15 seconds
Epoch 61 finished in 3.89 seconds
[62,72] | tst acc:79.4, f1:66.7, auc:85.1 | trn acc:81.6, f1:68.5, auc:85.6 | loss:0.429
Epoch 62 finished in 4.14 seconds
[63,420] | tst acc:79.4, f1:66.7, auc:85.0 | trn acc:81.7, f1:68.5, auc:85.6 | loss:0.427
Epoch 63 finished in 4.10 seconds
Epoch 64 finished in 3.93 seconds
[65,92] | tst acc:79.1, f1:66.4, auc:84.5 | trn acc:81.5, f1:68.4, auc:85.5 | loss:0.429
Epoch 65 finished in 4.10 seconds
[66,440] | tst acc:79.9, f1:68.1, auc:85.0 | trn acc:81.5, f1:68.5, auc:85.6 | loss:0.429
Epoch 66 finished in 4.14 seconds
Epoch 67 finished in 3.89 seconds
[68,112] | tst acc:79.4, f1:66.4, auc:84.4 | trn acc:81.4, f1:68.6, auc:85.5 | loss:0.431
Epoch 68 finished in 4.14 seconds
[69,460] | tst acc:79.6, f1:67.2, auc:84.5 | trn acc:81.4, f1:68.3, auc:85.5 | loss:0.431
Epoch 69 finished in 4.10 seconds
Reached final batch of training at iter = 47992
Epoch 70 finished in 3.93 seconds
Reached final batch of training at iter = 48000
Epoch 71 finished in 0.05 seconds
Average epoch runtime: 3.99 seconds
Total training time: 287.56 GPU seconds
3
Loading drug dataset...
Hyperparameters:
Namespace(is_train=True, input_dir='data/input', output_dir='data/output', repository='gdsc', drug_id=-1, use_cuda=True, use_relu=True, init_gene_emb=True, omic='exp', use_attention=True, use_cntx_attn=True, embedding_dim=200, attention_size=128, attention_head=8, hidden_dim_enc=200, use_hid_lyr=False, max_iter=48000, max_fscore=0.0, dropout_rate=0.6, learning_rate=0.3, weight_decay=0.0003, batch_size=8, test_batch_size=8, test_inc_size=1024, model_label='cntx-attn-gdsc', exp_size=3000, mut_size=1000, cnv_size=1000, omc_size=3000, drg_size=260, train_size=676, test_size=170)
Training...
Batch size: 8
Train dataset size (samples): 676
Batches per epoch: 85
[0,0] | tst acc:47.0, f1:24.1, auc:44.9 | trn acc:50.2, f1:36.1, auc:48.9 | loss:3.881
Epoch 0 finished in 4.06 seconds
[1,348] | tst acc:65.8, f1:36.3, auc:66.5 | trn acc:54.5, f1:40.3, auc:54.1 | loss:2.864
Epoch 1 finished in 4.11 seconds
Epoch 2 finished in 3.94 seconds
[3,20] | tst acc:65.6, f1:42.2, auc:69.1 | trn acc:61.6, f1:45.5, auc:60.3 | loss:0.745
Epoch 3 finished in 4.10 seconds
[4,368] | tst acc:59.1, f1:34.6, auc:60.2 | trn acc:61.8, f1:45.8, auc:61.9 | loss:0.693
Epoch 4 finished in 4.14 seconds
Epoch 5 finished in 3.89 seconds
[6,40] | tst acc:66.5, f1:43.6, auc:71.8 | trn acc:62.4, f1:45.9, auc:61.8 | loss:0.675
Epoch 6 finished in 4.14 seconds
[7,388] | tst acc:66.2, f1:42.2, auc:72.9 | trn acc:64.3, f1:47.8, auc:65.6 | loss:0.636
Epoch 7 finished in 4.10 seconds
Epoch 8 finished in 3.93 seconds
[9,60] | tst acc:68.2, f1:44.9, auc:73.5 | trn acc:66.9, f1:49.8, auc:68.8 | loss:0.611
Epoch 9 finished in 4.10 seconds
[10,408] | tst acc:72.1, f1:47.8, auc:78.2 | trn acc:69.2, f1:52.2, auc:71.5 | loss:0.587
Epoch 10 finished in 4.14 seconds
Epoch 11 finished in 3.89 seconds
[12,80] | tst acc:78.1, f1:55.5, auc:82.8 | trn acc:71.2, f1:54.7, auc:73.7 | loss:0.568
Epoch 12 finished in 4.15 seconds
[13,428] | tst acc:75.8, f1:52.5, auc:82.4 | trn acc:73.2, f1:56.5, auc:75.7 | loss:0.547
Epoch 13 finished in 4.10 seconds
Epoch 14 finished in 3.93 seconds
[15,100] | tst acc:79.7, f1:57.3, auc:84.4 | trn acc:74.7, f1:58.5, auc:77.1 | loss:0.535
Epoch 15 finished in 4.10 seconds
[16,448] | tst acc:79.9, f1:57.1, auc:84.5 | trn acc:75.9, f1:59.8, auc:78.4 | loss:0.518
Epoch 16 finished in 4.14 seconds
Epoch 17 finished in 3.89 seconds
[18,120] | tst acc:82.0, f1:63.1, auc:87.9 | trn acc:76.8, f1:60.8, auc:79.3 | loss:0.506
Epoch 18 finished in 4.14 seconds
[19,468] | tst acc:81.2, f1:60.6, auc:86.2 | trn acc:77.8, f1:62.4, auc:80.3 | loss:0.497
Epoch 19 finished in 4.10 seconds
Epoch 20 finished in 3.93 seconds
[21,140] | tst acc:80.7, f1:59.0, auc:87.2 | trn acc:78.4, f1:62.8, auc:80.7 | loss:0.489
Epoch 21 finished in 4.09 seconds
[22,488] | tst acc:83.5, f1:64.8, auc:88.6 | trn acc:78.6, f1:63.6, auc:81.2 | loss:0.485
Epoch 22 finished in 4.15 seconds
Epoch 23 finished in 3.89 seconds
[24,160] | tst acc:85.7, f1:68.3, auc:91.3 | trn acc:79.2, f1:63.7, auc:81.8 | loss:0.474
Epoch 24 finished in 4.14 seconds
[25,508] | tst acc:84.0, f1:65.7, auc:90.0 | trn acc:79.4, f1:64.5, auc:82.1 | loss:0.473
Epoch 25 finished in 4.10 seconds
Epoch 26 finished in 3.93 seconds
[27,180] | tst acc:85.1, f1:67.9, auc:90.2 | trn acc:79.8, f1:65.0, auc:82.4 | loss:0.468
Epoch 27 finished in 4.10 seconds
[28,528] | tst acc:83.3, f1:64.8, auc:88.3 | trn acc:80.2, f1:65.6, auc:83.0 | loss:0.459
Epoch 28 finished in 4.15 seconds
Epoch 29 finished in 3.89 seconds
[30,200] | tst acc:84.8, f1:66.7, auc:90.5 | trn acc:80.0, f1:65.3, auc:82.7 | loss:0.463
Epoch 30 finished in 4.14 seconds
[31,548] | tst acc:84.0, f1:65.1, auc:90.6 | trn acc:80.4, f1:65.7, auc:83.3 | loss:0.455
Epoch 31 finished in 4.10 seconds
Epoch 32 finished in 3.93 seconds
[33,220] | tst acc:85.3, f1:69.1, auc:91.6 | trn acc:80.6, f1:66.4, auc:83.7 | loss:0.451
Epoch 33 finished in 4.10 seconds
[34,568] | tst acc:85.3, f1:67.3, auc:90.2 | trn acc:80.9, f1:66.3, auc:83.9 | loss:0.445
Epoch 34 finished in 4.15 seconds
Epoch 35 finished in 3.89 seconds
[36,240] | tst acc:86.8, f1:70.8, auc:91.7 | trn acc:80.4, f1:66.1, auc:83.7 | loss:0.453
Epoch 36 finished in 4.14 seconds
[37,588] | tst acc:86.4, f1:70.1, auc:90.7 | trn acc:81.0, f1:66.7, auc:84.1 | loss:0.445
Epoch 37 finished in 4.10 seconds
Epoch 38 finished in 3.93 seconds
[39,260] | tst acc:85.9, f1:69.2, auc:91.5 | trn acc:80.8, f1:66.6, auc:84.1 | loss:0.446
Epoch 39 finished in 4.10 seconds
[40,608] | tst acc:87.2, f1:72.6, auc:91.6 | trn acc:81.1, f1:66.9, auc:84.3 | loss:0.441
Epoch 40 finished in 4.14 seconds
Epoch 41 finished in 3.89 seconds
[42,280] | tst acc:86.1, f1:69.8, auc:91.8 | trn acc:81.0, f1:66.7, auc:84.3 | loss:0.441
Epoch 42 finished in 4.14 seconds
[43,628] | tst acc:86.1, f1:69.8, auc:91.3 | trn acc:81.1, f1:67.2, auc:84.5 | loss:0.441
Epoch 43 finished in 4.10 seconds
Epoch 44 finished in 3.93 seconds
[45,300] | tst acc:85.9, f1:69.2, auc:90.9 | trn acc:81.3, f1:67.0, auc:84.5 | loss:0.437
Epoch 45 finished in 4.10 seconds
[46,648] | tst acc:87.7, f1:72.7, auc:90.9 | trn acc:81.2, f1:67.2, auc:84.6 | loss:0.439
Epoch 46 finished in 4.15 seconds
Epoch 47 finished in 3.89 seconds
[48,320] | tst acc:87.7, f1:72.7, auc:92.7 | trn acc:81.2, f1:67.4, auc:84.7 | loss:0.438
Epoch 48 finished in 4.14 seconds
[49,668] | tst acc:87.4, f1:72.1, auc:92.3 | trn acc:81.3, f1:67.2, auc:84.8 | loss:0.436
Epoch 49 finished in 4.10 seconds
Epoch 50 finished in 3.93 seconds
[51,340] | tst acc:87.0, f1:71.2, auc:91.9 | trn acc:81.4, f1:67.4, auc:84.9 | loss:0.434
Epoch 51 finished in 4.10 seconds
Epoch 52 finished in 3.93 seconds
[53,12] | tst acc:86.6, f1:69.3, auc:92.2 | trn acc:81.3, f1:67.5, auc:84.9 | loss:0.435
Epoch 53 finished in 4.10 seconds
[54,360] | tst acc:87.0, f1:70.9, auc:91.5 | trn acc:81.1, f1:67.0, auc:84.7 | loss:0.437
Epoch 54 finished in 4.14 seconds
Epoch 55 finished in 3.89 seconds
[56,32] | tst acc:87.0, f1:72.2, auc:91.7 | trn acc:81.5, f1:67.9, auc:85.2 | loss:0.431
Epoch 56 finished in 4.14 seconds
[57,380] | tst acc:86.6, f1:69.9, auc:92.0 | trn acc:81.6, f1:67.5, auc:85.1 | loss:0.429
Epoch 57 finished in 4.10 seconds
Epoch 58 finished in 3.93 seconds
[59,52] | tst acc:86.8, f1:71.1, auc:91.4 | trn acc:81.3, f1:67.7, auc:85.0 | loss:0.435
Epoch 59 finished in 4.10 seconds
[60,400] | tst acc:87.0, f1:71.7, auc:91.6 | trn acc:81.6, f1:67.8, auc:85.4 | loss:0.428
Epoch 60 finished in 4.14 seconds
Epoch 61 finished in 3.89 seconds
[62,72] | tst acc:86.6, f1:70.8, auc:91.7 | trn acc:81.4, f1:67.3, auc:85.1 | loss:0.431
Epoch 62 finished in 4.15 seconds
[63,420] | tst acc:87.2, f1:72.0, auc:91.2 | trn acc:81.2, f1:67.4, auc:85.0 | loss:0.435
Epoch 63 finished in 4.10 seconds
Epoch 64 finished in 3.93 seconds
[65,92] | tst acc:87.2, f1:72.0, auc:92.1 | trn acc:81.8, f1:67.9, auc:85.5 | loss:0.425
Epoch 65 finished in 4.09 seconds
[66,440] | tst acc:86.4, f1:70.4, auc:92.2 | trn acc:81.5, f1:67.9, auc:85.3 | loss:0.431
Epoch 66 finished in 4.14 seconds
Epoch 67 finished in 3.88 seconds
[68,112] | tst acc:86.8, f1:70.5, auc:91.7 | trn acc:81.4, f1:67.5, auc:85.2 | loss:0.431
Epoch 68 finished in 4.14 seconds
[69,460] | tst acc:87.2, f1:71.8, auc:91.9 | trn acc:81.5, f1:67.6, auc:85.2 | loss:0.430
Epoch 69 finished in 4.09 seconds
Reached final batch of training at iter = 47992
Epoch 70 finished in 3.93 seconds
Reached final batch of training at iter = 48000
Epoch 71 finished in 0.05 seconds
Average epoch runtime: 3.99 seconds
Total training time: 287.50 GPU seconds
5
