job is starting on gpua009.delta.ncsa.illinois.edu
Loading drug dataset...
Hyperparameters:
Namespace(is_train=True, input_dir='data/input', output_dir='data/output', repository='gdsc', drug_id=-1, use_cuda=True, use_relu=True, init_gene_emb=True, use_oc=True, shuffle=False, omic='exp', use_attention=False, use_cntx_attn=False, embedding_dim=200, attention_size=128, attention_head=8, hidden_dim_enc=200, use_hid_lyr=True, max_iter=48000, max_fscore=-1, dropout_rate=0.6, learning_rate=0.3, weight_decay=0.0003, batch_size=8, test_batch_size=8, test_inc_size=1024, model_label='cntx-attn-gdsc', exp_size=3000, mut_size=1000, cnv_size=1000, omc_size=3000, drg_size=260, train_size=676, test_size=170)
HIDDEN EMBEDDING SIZE: 200
USING RELU
USING PRETRAING EMBEDDINGS
DROPOUT RATE: 0.6
USING HIDDEN LAYER
Training...
INITIALIZING ONE CYCLE
Batch size: 8
Train dataset size (samples): 676
Batches per epoch: 85
[0,0] | tst acc:50.9, f1:46.9, auc:52.9 | trn acc:48.8, f1:30.7, auc:48.3 | loss:0.911
Epoch 0 finished in 0.26 seconds
[1,348] | tst acc:50.0, f1:44.8, auc:46.3 | trn acc:49.6, f1:38.1, auc:49.6 | loss:0.881
Epoch 1 finished in 0.33 seconds
Epoch 2 finished in 0.13 seconds
[3,20] | tst acc:54.8, f1:51.9, auc:56.5 | trn acc:51.7, f1:39.4, auc:52.1 | loss:0.831
Epoch 3 finished in 0.33 seconds
[4,368] | tst acc:54.8, f1:49.0, auc:55.8 | trn acc:54.3, f1:41.0, auc:54.9 | loss:0.781
Epoch 4 finished in 0.33 seconds
Epoch 5 finished in 0.13 seconds
[6,40] | tst acc:56.2, f1:47.5, auc:58.2 | trn acc:56.8, f1:42.7, auc:58.0 | loss:0.734
Epoch 6 finished in 0.33 seconds
[7,388] | tst acc:62.3, f1:54.8, auc:64.8 | trn acc:60.1, f1:45.3, auc:61.7 | loss:0.688
Epoch 7 finished in 0.33 seconds
Epoch 8 finished in 0.13 seconds
[9,60] | tst acc:59.1, f1:49.0, auc:61.0 | trn acc:63.1, f1:47.8, auc:64.9 | loss:0.652
Epoch 9 finished in 0.33 seconds
[10,408] | tst acc:61.2, f1:52.2, auc:66.3 | trn acc:66.2, f1:50.6, auc:68.3 | loss:0.618
Epoch 10 finished in 0.33 seconds
Epoch 11 finished in 0.13 seconds
[12,80] | tst acc:67.1, f1:58.9, auc:69.9 | trn acc:69.3, f1:53.4, auc:71.5 | loss:0.590
Epoch 12 finished in 0.33 seconds
[13,428] | tst acc:67.6, f1:57.5, auc:71.7 | trn acc:71.5, f1:55.9, auc:73.7 | loss:0.570
Epoch 13 finished in 0.33 seconds
Epoch 14 finished in 0.13 seconds
[15,100] | tst acc:70.5, f1:60.3, auc:73.7 | trn acc:73.6, f1:58.1, auc:75.8 | loss:0.552
Epoch 15 finished in 0.33 seconds
[16,448] | tst acc:70.3, f1:60.4, auc:75.5 | trn acc:75.3, f1:60.0, auc:77.6 | loss:0.537
Epoch 16 finished in 0.33 seconds
Epoch 17 finished in 0.13 seconds
[18,120] | tst acc:71.9, f1:61.9, auc:77.7 | trn acc:76.8, f1:61.7, auc:78.9 | loss:0.524
Epoch 18 finished in 0.33 seconds
[19,468] | tst acc:72.1, f1:61.9, auc:78.1 | trn acc:77.7, f1:63.1, auc:79.9 | loss:0.516
Epoch 19 finished in 0.33 seconds
Epoch 20 finished in 0.13 seconds
[21,140] | tst acc:71.7, f1:61.2, auc:80.8 | trn acc:78.7, f1:64.3, auc:80.9 | loss:0.507
Epoch 21 finished in 0.33 seconds
[22,488] | tst acc:69.9, f1:58.2, auc:80.5 | trn acc:79.3, f1:65.2, auc:81.7 | loss:0.500
Epoch 22 finished in 0.34 seconds
Epoch 23 finished in 0.13 seconds
[24,160] | tst acc:74.2, f1:64.4, auc:80.1 | trn acc:80.2, f1:66.0, auc:82.4 | loss:0.492
Epoch 24 finished in 0.33 seconds
[25,508] | tst acc:74.4, f1:64.8, auc:81.7 | trn acc:80.2, f1:66.4, auc:82.6 | loss:0.492
Epoch 25 finished in 0.33 seconds
Epoch 26 finished in 0.13 seconds
[27,180] | tst acc:71.5, f1:59.3, auc:82.5 | trn acc:80.7, f1:66.9, auc:83.2 | loss:0.486
Epoch 27 finished in 0.33 seconds
[28,528] | tst acc:73.7, f1:63.3, auc:82.5 | trn acc:80.9, f1:67.2, auc:83.5 | loss:0.482
Epoch 28 finished in 0.33 seconds
Epoch 29 finished in 0.12 seconds
[30,200] | tst acc:72.6, f1:61.8, auc:81.3 | trn acc:81.1, f1:67.9, auc:83.8 | loss:0.481
Epoch 30 finished in 0.33 seconds
[31,548] | tst acc:71.0, f1:58.6, auc:82.0 | trn acc:81.3, f1:67.9, auc:84.1 | loss:0.477
Epoch 31 finished in 0.33 seconds
Epoch 32 finished in 0.13 seconds
[33,220] | tst acc:73.5, f1:63.3, auc:81.8 | trn acc:81.4, f1:68.1, auc:84.1 | loss:0.478
Epoch 33 finished in 0.33 seconds
[34,568] | tst acc:72.4, f1:60.8, auc:82.1 | trn acc:81.5, f1:68.5, auc:84.5 | loss:0.476
Epoch 34 finished in 0.33 seconds
Epoch 35 finished in 0.13 seconds
[36,240] | tst acc:72.4, f1:60.8, auc:83.4 | trn acc:81.7, f1:68.4, auc:84.5 | loss:0.474
Epoch 36 finished in 0.33 seconds
[37,588] | tst acc:72.4, f1:61.1, auc:83.5 | trn acc:81.7, f1:68.6, auc:84.7 | loss:0.474
Epoch 37 finished in 0.33 seconds
Epoch 38 finished in 0.13 seconds
[39,260] | tst acc:72.6, f1:61.5, auc:81.9 | trn acc:81.7, f1:68.6, auc:84.8 | loss:0.473
Epoch 39 finished in 0.33 seconds
[40,608] | tst acc:72.6, f1:61.5, auc:83.8 | trn acc:81.9, f1:68.9, auc:85.0 | loss:0.471
Epoch 40 finished in 0.33 seconds
Epoch 41 finished in 0.13 seconds
[42,280] | tst acc:72.4, f1:61.1, auc:83.7 | trn acc:81.9, f1:69.0, auc:85.1 | loss:0.470
Epoch 42 finished in 0.33 seconds
[43,628] | tst acc:72.8, f1:61.7, auc:83.1 | trn acc:81.7, f1:68.8, auc:84.9 | loss:0.473
Epoch 43 finished in 0.33 seconds
Epoch 44 finished in 0.13 seconds
[45,300] | tst acc:72.6, f1:61.5, auc:84.9 | trn acc:81.7, f1:68.9, auc:85.0 | loss:0.472
Epoch 45 finished in 0.33 seconds
[46,648] | tst acc:72.8, f1:62.0, auc:85.0 | trn acc:82.0, f1:69.1, auc:85.3 | loss:0.469
Epoch 46 finished in 0.33 seconds
Epoch 47 finished in 0.13 seconds
[48,320] | tst acc:72.4, f1:61.1, auc:85.2 | trn acc:81.9, f1:69.1, auc:85.3 | loss:0.470
Epoch 48 finished in 0.34 seconds
[49,668] | tst acc:72.6, f1:61.5, auc:83.7 | trn acc:81.9, f1:69.1, auc:85.2 | loss:0.471
Epoch 49 finished in 0.33 seconds
Epoch 50 finished in 0.13 seconds
[51,340] | tst acc:72.6, f1:61.3, auc:85.2 | trn acc:81.9, f1:69.0, auc:85.2 | loss:0.470
Epoch 51 finished in 0.33 seconds
Epoch 52 finished in 0.13 seconds
[53,12] | tst acc:73.1, f1:62.4, auc:83.8 | trn acc:81.9, f1:69.2, auc:85.3 | loss:0.470
Epoch 53 finished in 0.33 seconds
[54,360] | tst acc:72.8, f1:62.0, auc:84.0 | trn acc:81.9, f1:69.1, auc:85.2 | loss:0.471
Epoch 54 finished in 0.33 seconds
Epoch 55 finished in 0.13 seconds
[56,32] | tst acc:72.4, f1:61.1, auc:84.4 | trn acc:82.0, f1:69.2, auc:85.4 | loss:0.469
Epoch 56 finished in 0.33 seconds
[57,380] | tst acc:72.4, f1:61.1, auc:84.3 | trn acc:82.0, f1:69.3, auc:85.5 | loss:0.469
Epoch 57 finished in 0.33 seconds
Epoch 58 finished in 0.13 seconds
[59,52] | tst acc:72.8, f1:62.0, auc:84.9 | trn acc:81.8, f1:69.0, auc:85.3 | loss:0.471
Epoch 59 finished in 0.33 seconds
[60,400] | tst acc:73.1, f1:62.2, auc:85.1 | trn acc:82.0, f1:69.3, auc:85.4 | loss:0.469
Epoch 60 finished in 0.33 seconds
Epoch 61 finished in 0.13 seconds
[62,72] | tst acc:72.6, f1:61.5, auc:84.5 | trn acc:81.8, f1:69.0, auc:85.2 | loss:0.471
Epoch 62 finished in 0.33 seconds
[63,420] | tst acc:72.8, f1:62.0, auc:83.5 | trn acc:82.1, f1:69.2, auc:85.6 | loss:0.468
Epoch 63 finished in 0.33 seconds
Epoch 64 finished in 0.13 seconds
[65,92] | tst acc:72.8, f1:62.0, auc:84.5 | trn acc:81.7, f1:69.2, auc:85.1 | loss:0.472
Epoch 65 finished in 0.33 seconds
[66,440] | tst acc:72.8, f1:62.0, auc:84.5 | trn acc:82.0, f1:69.1, auc:85.4 | loss:0.469
Epoch 66 finished in 0.33 seconds
Epoch 67 finished in 0.13 seconds
[68,112] | tst acc:72.8, f1:62.0, auc:84.5 | trn acc:82.0, f1:69.2, auc:85.5 | loss:0.469
Epoch 68 finished in 0.33 seconds
[69,460] | tst acc:72.8, f1:62.0, auc:84.3 | trn acc:81.9, f1:69.3, auc:85.4 | loss:0.470
Epoch 69 finished in 0.33 seconds
Reached final batch of training at iter = 47992
Epoch 70 finished in 0.13 seconds
Reached final batch of training at iter = 48000
Epoch 71 finished in 0.00 seconds
[71,4] | tst acc:72.8, f1:62.0, auc:84.9 | trn acc:82.0, f1:69.1, auc:85.4 | loss:0.469
Average epoch runtime: 0.26 seconds
Total training time: 18.51 GPU seconds
Loading drug dataset...
Hyperparameters:
Namespace(is_train=True, input_dir='data/input', output_dir='data/output', repository='gdsc', drug_id=-1, use_cuda=True, use_relu=True, init_gene_emb=True, use_oc=True, shuffle=False, omic='exp', use_attention=False, use_cntx_attn=False, embedding_dim=200, attention_size=128, attention_head=8, hidden_dim_enc=200, use_hid_lyr=True, max_iter=48000, max_fscore=-1, dropout_rate=0.6, learning_rate=0.3, weight_decay=0.0003, batch_size=8, test_batch_size=8, test_inc_size=1024, model_label='cntx-attn-gdsc', exp_size=3000, mut_size=1000, cnv_size=1000, omc_size=3000, drg_size=260, train_size=676, test_size=170)
HIDDEN EMBEDDING SIZE: 200
USING RELU
USING PRETRAING EMBEDDINGS
DROPOUT RATE: 0.6
USING HIDDEN LAYER
Training...
INITIALIZING ONE CYCLE
Batch size: 8
Train dataset size (samples): 676
Batches per epoch: 85
[0,0] | tst acc:48.2, f1:46.8, auc:47.8 | trn acc:49.2, f1:37.5, auc:50.3 | loss:0.883
Epoch 0 finished in 0.25 seconds
[1,348] | tst acc:51.8, f1:50.0, auc:47.8 | trn acc:49.5, f1:37.8, auc:49.5 | loss:0.881
Epoch 1 finished in 0.34 seconds
Epoch 2 finished in 0.13 seconds
[3,20] | tst acc:55.1, f1:54.7, auc:55.9 | trn acc:51.5, f1:39.5, auc:51.8 | loss:0.834
Epoch 3 finished in 0.34 seconds
[4,368] | tst acc:51.0, f1:48.2, auc:51.7 | trn acc:54.1, f1:41.0, auc:54.6 | loss:0.783
Epoch 4 finished in 0.33 seconds
Epoch 5 finished in 0.13 seconds
[6,40] | tst acc:55.3, f1:49.3, auc:58.0 | trn acc:56.8, f1:42.6, auc:57.8 | loss:0.735
Epoch 6 finished in 0.34 seconds
[7,388] | tst acc:63.7, f1:58.5, auc:64.7 | trn acc:60.0, f1:44.9, auc:61.4 | loss:0.690
Epoch 7 finished in 0.33 seconds
Epoch 8 finished in 0.13 seconds
[9,60] | tst acc:58.7, f1:51.8, auc:60.1 | trn acc:62.8, f1:47.8, auc:64.4 | loss:0.655
Epoch 9 finished in 0.33 seconds
[10,408] | tst acc:63.9, f1:57.8, auc:67.8 | trn acc:65.9, f1:50.1, auc:67.7 | loss:0.623
Epoch 10 finished in 0.33 seconds
Epoch 11 finished in 0.13 seconds
[12,80] | tst acc:65.6, f1:59.0, auc:70.5 | trn acc:68.9, f1:53.0, auc:70.9 | loss:0.594
Epoch 12 finished in 0.33 seconds
[13,428] | tst acc:68.0, f1:60.9, auc:75.1 | trn acc:71.0, f1:55.1, auc:73.1 | loss:0.574
Epoch 13 finished in 0.33 seconds
Epoch 14 finished in 0.13 seconds
[15,100] | tst acc:70.5, f1:62.0, auc:77.4 | trn acc:73.3, f1:57.5, auc:75.5 | loss:0.554
Epoch 15 finished in 0.33 seconds
[16,448] | tst acc:68.8, f1:60.1, auc:76.4 | trn acc:74.9, f1:59.2, auc:77.0 | loss:0.541
Epoch 16 finished in 0.34 seconds
Epoch 17 finished in 0.13 seconds
[18,120] | tst acc:70.8, f1:62.8, auc:77.9 | trn acc:76.1, f1:60.9, auc:78.3 | loss:0.530
Epoch 18 finished in 0.33 seconds
[19,468] | tst acc:72.7, f1:64.4, auc:80.9 | trn acc:77.3, f1:62.4, auc:79.4 | loss:0.520
Epoch 19 finished in 0.33 seconds
Epoch 20 finished in 0.13 seconds
[21,140] | tst acc:72.5, f1:64.4, auc:84.2 | trn acc:78.5, f1:63.6, auc:80.6 | loss:0.509
Epoch 21 finished in 0.33 seconds
[22,488] | tst acc:69.5, f1:58.7, auc:82.4 | trn acc:78.8, f1:64.2, auc:81.0 | loss:0.506
Epoch 22 finished in 0.33 seconds
Epoch 23 finished in 0.13 seconds
[24,160] | tst acc:72.3, f1:63.9, auc:82.2 | trn acc:79.4, f1:65.0, auc:81.7 | loss:0.500
Epoch 24 finished in 0.34 seconds
[25,508] | tst acc:72.3, f1:63.5, auc:83.5 | trn acc:79.9, f1:65.8, auc:82.3 | loss:0.494
Epoch 25 finished in 0.34 seconds
Epoch 26 finished in 0.13 seconds
[27,180] | tst acc:72.0, f1:62.2, auc:86.1 | trn acc:80.2, f1:66.3, auc:82.8 | loss:0.490
Epoch 27 finished in 0.33 seconds
[28,528] | tst acc:71.0, f1:61.5, auc:84.0 | trn acc:80.2, f1:66.3, auc:82.7 | loss:0.490
Epoch 28 finished in 0.33 seconds
Epoch 29 finished in 0.13 seconds
[30,200] | tst acc:71.8, f1:62.7, auc:85.0 | trn acc:80.6, f1:66.9, auc:83.3 | loss:0.485
Epoch 30 finished in 0.34 seconds
[31,548] | tst acc:71.4, f1:61.4, auc:85.7 | trn acc:80.7, f1:67.0, auc:83.5 | loss:0.484
Epoch 31 finished in 0.33 seconds
Epoch 32 finished in 0.13 seconds
[33,220] | tst acc:73.1, f1:64.4, auc:84.0 | trn acc:81.0, f1:67.5, auc:83.9 | loss:0.481
Epoch 33 finished in 0.33 seconds
[34,568] | tst acc:71.8, f1:62.5, auc:86.2 | trn acc:81.1, f1:67.6, auc:83.9 | loss:0.481
Epoch 34 finished in 0.33 seconds
Epoch 35 finished in 0.12 seconds
[36,240] | tst acc:71.2, f1:61.0, auc:86.3 | trn acc:81.0, f1:67.4, auc:83.9 | loss:0.481
Epoch 36 finished in 0.33 seconds
[37,588] | tst acc:71.6, f1:61.8, auc:85.8 | trn acc:81.2, f1:67.8, auc:84.3 | loss:0.479
Epoch 37 finished in 0.33 seconds
Epoch 38 finished in 0.13 seconds
[39,260] | tst acc:72.7, f1:63.6, auc:86.5 | trn acc:81.3, f1:67.9, auc:84.4 | loss:0.478
Epoch 39 finished in 0.33 seconds
[40,608] | tst acc:71.8, f1:62.5, auc:85.9 | trn acc:81.3, f1:68.0, auc:84.5 | loss:0.477
Epoch 40 finished in 0.33 seconds
Epoch 41 finished in 0.12 seconds
[42,280] | tst acc:72.5, f1:63.4, auc:86.6 | trn acc:81.5, f1:68.2, auc:84.7 | loss:0.475
Epoch 42 finished in 0.33 seconds
[43,628] | tst acc:72.3, f1:62.8, auc:86.3 | trn acc:81.2, f1:67.9, auc:84.5 | loss:0.477
Epoch 43 finished in 0.33 seconds
Epoch 44 finished in 0.13 seconds
[45,300] | tst acc:71.8, f1:62.5, auc:85.8 | trn acc:81.4, f1:68.2, auc:84.7 | loss:0.476
Epoch 45 finished in 0.33 seconds
[46,648] | tst acc:72.3, f1:63.0, auc:86.3 | trn acc:81.4, f1:68.2, auc:84.7 | loss:0.476
Epoch 46 finished in 0.33 seconds
Epoch 47 finished in 0.12 seconds
[48,320] | tst acc:72.5, f1:63.4, auc:86.4 | trn acc:81.2, f1:68.1, auc:84.7 | loss:0.477
Epoch 48 finished in 0.33 seconds
[49,668] | tst acc:72.5, f1:63.2, auc:86.0 | trn acc:81.5, f1:68.3, auc:84.9 | loss:0.474
Epoch 49 finished in 0.33 seconds
Epoch 50 finished in 0.13 seconds
[51,340] | tst acc:72.3, f1:62.8, auc:87.1 | trn acc:81.3, f1:68.1, auc:84.7 | loss:0.476
Epoch 51 finished in 0.33 seconds
Epoch 52 finished in 0.13 seconds
[53,12] | tst acc:72.7, f1:63.8, auc:86.8 | trn acc:81.6, f1:68.5, auc:85.0 | loss:0.474
Epoch 53 finished in 0.33 seconds
[54,360] | tst acc:72.3, f1:63.0, auc:86.3 | trn acc:81.3, f1:68.1, auc:84.7 | loss:0.476
Epoch 54 finished in 0.33 seconds
Epoch 55 finished in 0.13 seconds
[56,32] | tst acc:71.8, f1:62.2, auc:86.5 | trn acc:81.6, f1:68.6, auc:85.0 | loss:0.474
Epoch 56 finished in 0.33 seconds
[57,380] | tst acc:72.0, f1:62.6, auc:86.8 | trn acc:81.4, f1:68.2, auc:84.8 | loss:0.476
Epoch 57 finished in 0.33 seconds
Epoch 58 finished in 0.13 seconds
[59,52] | tst acc:72.5, f1:63.4, auc:87.1 | trn acc:81.5, f1:68.6, auc:85.1 | loss:0.474
Epoch 59 finished in 0.32 seconds
[60,400] | tst acc:72.0, f1:62.6, auc:86.3 | trn acc:81.6, f1:68.4, auc:85.0 | loss:0.473
Epoch 60 finished in 0.33 seconds
Epoch 61 finished in 0.12 seconds
[62,72] | tst acc:72.5, f1:63.4, auc:87.2 | trn acc:81.3, f1:68.3, auc:84.8 | loss:0.476
Epoch 62 finished in 0.33 seconds
[63,420] | tst acc:72.5, f1:63.4, auc:87.5 | trn acc:81.5, f1:68.5, auc:85.1 | loss:0.474
Epoch 63 finished in 0.33 seconds
Epoch 64 finished in 0.13 seconds
[65,92] | tst acc:72.5, f1:63.4, auc:87.9 | trn acc:81.5, f1:68.3, auc:84.9 | loss:0.475
Epoch 65 finished in 0.33 seconds
[66,440] | tst acc:72.5, f1:63.4, auc:88.2 | trn acc:81.3, f1:68.2, auc:84.8 | loss:0.476
Epoch 66 finished in 0.33 seconds
Epoch 67 finished in 0.12 seconds
[68,112] | tst acc:72.5, f1:63.4, auc:87.6 | trn acc:81.7, f1:68.8, auc:85.2 | loss:0.473
Epoch 68 finished in 0.33 seconds
[69,460] | tst acc:72.7, f1:63.6, auc:86.8 | trn acc:81.2, f1:68.0, auc:84.7 | loss:0.477
Epoch 69 finished in 0.33 seconds
Reached final batch of training at iter = 47992
Epoch 70 finished in 0.12 seconds
Reached final batch of training at iter = 48000
Epoch 71 finished in 0.00 seconds
[71,4] | tst acc:72.5, f1:63.4, auc:88.2 | trn acc:81.6, f1:68.5, auc:85.1 | loss:0.473
Average epoch runtime: 0.26 seconds
Total training time: 18.55 GPU seconds
Loading drug dataset...
Hyperparameters:
Namespace(is_train=True, input_dir='data/input', output_dir='data/output', repository='gdsc', drug_id=-1, use_cuda=True, use_relu=True, init_gene_emb=True, use_oc=True, shuffle=False, omic='exp', use_attention=False, use_cntx_attn=False, embedding_dim=200, attention_size=128, attention_head=8, hidden_dim_enc=200, use_hid_lyr=True, max_iter=48000, max_fscore=-1, dropout_rate=0.6, learning_rate=0.3, weight_decay=0.0003, batch_size=8, test_batch_size=8, test_inc_size=1024, model_label='cntx-attn-gdsc', exp_size=3000, mut_size=1000, cnv_size=1000, omc_size=3000, drg_size=260, train_size=676, test_size=170)
HIDDEN EMBEDDING SIZE: 200
USING RELU
USING PRETRAING EMBEDDINGS
DROPOUT RATE: 0.6
USING HIDDEN LAYER
Training...
INITIALIZING ONE CYCLE
Batch size: 8
Train dataset size (samples): 676
Batches per epoch: 85
[0,0] | tst acc:50.0, f1:43.9, auc:48.7 | trn acc:48.7, f1:35.2, auc:48.7 | loss:0.901
Epoch 0 finished in 0.25 seconds
[1,348] | tst acc:54.0, f1:47.3, auc:50.6 | trn acc:49.8, f1:37.8, auc:49.9 | loss:0.877
Epoch 1 finished in 0.34 seconds
Epoch 2 finished in 0.13 seconds
[3,20] | tst acc:54.2, f1:49.4, auc:54.7 | trn acc:51.9, f1:39.4, auc:52.2 | loss:0.830
Epoch 3 finished in 0.34 seconds
[4,368] | tst acc:52.3, f1:44.4, auc:54.1 | trn acc:54.3, f1:40.5, auc:54.9 | loss:0.779
Epoch 4 finished in 0.33 seconds
Epoch 5 finished in 0.12 seconds
[6,40] | tst acc:55.1, f1:43.1, auc:57.7 | trn acc:57.2, f1:43.0, auc:58.3 | loss:0.731
Epoch 6 finished in 0.33 seconds
[7,388] | tst acc:63.5, f1:54.2, auc:64.2 | trn acc:60.2, f1:45.0, auc:61.7 | loss:0.688
Epoch 7 finished in 0.33 seconds
Epoch 8 finished in 0.13 seconds
[9,60] | tst acc:62.1, f1:51.1, auc:62.3 | trn acc:63.3, f1:47.5, auc:64.9 | loss:0.650
Epoch 9 finished in 0.33 seconds
[10,408] | tst acc:63.7, f1:53.6, auc:66.5 | trn acc:66.3, f1:50.1, auc:68.2 | loss:0.617
Epoch 10 finished in 0.33 seconds
Epoch 11 finished in 0.12 seconds
[12,80] | tst acc:70.0, f1:60.8, auc:71.9 | trn acc:69.2, f1:52.9, auc:71.2 | loss:0.590
Epoch 12 finished in 0.33 seconds
[13,428] | tst acc:69.1, f1:58.0, auc:71.8 | trn acc:71.5, f1:55.2, auc:73.5 | loss:0.570
Epoch 13 finished in 0.33 seconds
Epoch 14 finished in 0.13 seconds
[15,100] | tst acc:70.5, f1:58.6, auc:74.7 | trn acc:73.5, f1:57.4, auc:75.4 | loss:0.553
Epoch 15 finished in 0.33 seconds
[16,448] | tst acc:72.6, f1:60.9, auc:75.7 | trn acc:75.7, f1:59.7, auc:77.7 | loss:0.534
Epoch 16 finished in 0.34 seconds
Epoch 17 finished in 0.12 seconds
[18,120] | tst acc:74.4, f1:63.8, auc:77.4 | trn acc:76.7, f1:61.0, auc:78.6 | loss:0.525
Epoch 18 finished in 0.33 seconds
[19,468] | tst acc:76.5, f1:66.2, auc:78.9 | trn acc:77.8, f1:62.3, auc:79.7 | loss:0.515
Epoch 19 finished in 0.33 seconds
Epoch 20 finished in 0.13 seconds
[21,140] | tst acc:76.0, f1:65.3, auc:81.2 | trn acc:78.8, f1:64.0, auc:80.9 | loss:0.506
Epoch 21 finished in 0.33 seconds
[22,488] | tst acc:76.0, f1:65.1, auc:81.6 | trn acc:79.2, f1:64.5, auc:81.2 | loss:0.502
Epoch 22 finished in 0.33 seconds
Epoch 23 finished in 0.12 seconds
[24,160] | tst acc:76.3, f1:65.5, auc:81.6 | trn acc:80.2, f1:65.6, auc:82.3 | loss:0.492
Epoch 24 finished in 0.33 seconds
[25,508] | tst acc:76.5, f1:66.4, auc:81.3 | trn acc:80.2, f1:65.9, auc:82.4 | loss:0.491
Epoch 25 finished in 0.33 seconds
Epoch 26 finished in 0.13 seconds
[27,180] | tst acc:76.7, f1:65.8, auc:83.1 | trn acc:80.6, f1:66.6, auc:83.0 | loss:0.487
Epoch 27 finished in 0.33 seconds
[28,528] | tst acc:75.6, f1:64.2, auc:83.1 | trn acc:81.0, f1:66.7, auc:83.3 | loss:0.482
Epoch 28 finished in 0.33 seconds
Epoch 29 finished in 0.13 seconds
[30,200] | tst acc:77.4, f1:66.9, auc:82.3 | trn acc:81.0, f1:67.3, auc:83.5 | loss:0.482
Epoch 30 finished in 0.33 seconds
[31,548] | tst acc:77.0, f1:66.0, auc:82.9 | trn acc:81.3, f1:67.5, auc:83.9 | loss:0.478
Epoch 31 finished in 0.33 seconds
Epoch 32 finished in 0.13 seconds
[33,220] | tst acc:76.7, f1:66.4, auc:82.8 | trn acc:81.5, f1:67.9, auc:84.1 | loss:0.477
Epoch 33 finished in 0.32 seconds
[34,568] | tst acc:77.4, f1:66.4, auc:83.2 | trn acc:81.3, f1:67.5, auc:84.0 | loss:0.477
Epoch 34 finished in 0.33 seconds
Epoch 35 finished in 0.12 seconds
[36,240] | tst acc:77.7, f1:66.9, auc:85.1 | trn acc:81.4, f1:67.7, auc:84.3 | loss:0.475
Epoch 36 finished in 0.33 seconds
[37,588] | tst acc:77.7, f1:67.1, auc:85.0 | trn acc:81.9, f1:68.4, auc:84.7 | loss:0.473
Epoch 37 finished in 0.33 seconds
Epoch 38 finished in 0.13 seconds
[39,260] | tst acc:77.4, f1:66.7, auc:84.9 | trn acc:81.7, f1:68.3, auc:84.7 | loss:0.473
Epoch 39 finished in 0.33 seconds
[40,608] | tst acc:77.0, f1:66.0, auc:84.0 | trn acc:81.5, f1:67.8, auc:84.4 | loss:0.475
Epoch 40 finished in 0.33 seconds
Epoch 41 finished in 0.12 seconds
[42,280] | tst acc:76.7, f1:65.8, auc:84.9 | trn acc:81.8, f1:68.6, auc:84.9 | loss:0.471
Epoch 42 finished in 0.33 seconds
[43,628] | tst acc:76.5, f1:65.3, auc:83.8 | trn acc:81.8, f1:68.4, auc:84.7 | loss:0.472
Epoch 43 finished in 0.33 seconds
Epoch 44 finished in 0.13 seconds
[45,300] | tst acc:77.0, f1:66.2, auc:83.9 | trn acc:81.8, f1:68.4, auc:85.0 | loss:0.471
Epoch 45 finished in 0.33 seconds
[46,648] | tst acc:77.4, f1:66.9, auc:85.4 | trn acc:81.8, f1:68.5, auc:84.9 | loss:0.472
Epoch 46 finished in 0.33 seconds
Epoch 47 finished in 0.12 seconds
[48,320] | tst acc:77.9, f1:67.4, auc:84.2 | trn acc:81.7, f1:68.3, auc:84.8 | loss:0.472
Epoch 48 finished in 0.33 seconds
[49,668] | tst acc:77.2, f1:66.4, auc:85.3 | trn acc:82.1, f1:68.9, auc:85.3 | loss:0.468
Epoch 49 finished in 0.33 seconds
Epoch 50 finished in 0.13 seconds
[51,340] | tst acc:77.0, f1:66.0, auc:84.7 | trn acc:81.7, f1:68.5, auc:84.9 | loss:0.472
Epoch 51 finished in 0.32 seconds
Epoch 52 finished in 0.13 seconds
[53,12] | tst acc:77.9, f1:67.8, auc:84.5 | trn acc:82.0, f1:68.8, auc:85.2 | loss:0.469
Epoch 53 finished in 0.33 seconds
[54,360] | tst acc:77.4, f1:66.9, auc:84.7 | trn acc:81.7, f1:68.3, auc:84.9 | loss:0.471
Epoch 54 finished in 0.33 seconds
Epoch 55 finished in 0.12 seconds
[56,32] | tst acc:77.7, f1:67.1, auc:84.6 | trn acc:81.9, f1:68.9, auc:85.2 | loss:0.470
Epoch 56 finished in 0.33 seconds
[57,380] | tst acc:77.0, f1:66.0, auc:84.0 | trn acc:81.6, f1:68.3, auc:84.9 | loss:0.472
Epoch 57 finished in 0.33 seconds
Epoch 58 finished in 0.13 seconds
[59,52] | tst acc:77.4, f1:66.9, auc:85.0 | trn acc:82.0, f1:68.9, auc:85.3 | loss:0.469
Epoch 59 finished in 0.32 seconds
[60,400] | tst acc:77.2, f1:66.4, auc:85.1 | trn acc:81.8, f1:68.5, auc:85.1 | loss:0.471
Epoch 60 finished in 0.33 seconds
Epoch 61 finished in 0.12 seconds
[62,72] | tst acc:77.2, f1:66.4, auc:84.0 | trn acc:82.0, f1:68.8, auc:85.3 | loss:0.469
Epoch 62 finished in 0.33 seconds
[63,420] | tst acc:77.4, f1:66.9, auc:84.4 | trn acc:81.8, f1:68.6, auc:85.2 | loss:0.471
Epoch 63 finished in 0.33 seconds
Epoch 64 finished in 0.13 seconds
[65,92] | tst acc:77.4, f1:66.9, auc:85.2 | trn acc:82.0, f1:68.8, auc:85.2 | loss:0.469
Epoch 65 finished in 0.33 seconds
[66,440] | tst acc:77.4, f1:66.9, auc:85.3 | trn acc:81.9, f1:68.7, auc:85.2 | loss:0.469
Epoch 66 finished in 0.33 seconds
Epoch 67 finished in 0.12 seconds
[68,112] | tst acc:77.4, f1:66.9, auc:85.5 | trn acc:81.9, f1:68.6, auc:85.2 | loss:0.470
Epoch 68 finished in 0.33 seconds
[69,460] | tst acc:77.4, f1:66.9, auc:84.9 | trn acc:82.0, f1:68.9, auc:85.4 | loss:0.468
Epoch 69 finished in 0.33 seconds
Reached final batch of training at iter = 47992
Epoch 70 finished in 0.12 seconds
Reached final batch of training at iter = 48000
Epoch 71 finished in 0.00 seconds
[71,4] | tst acc:77.4, f1:66.9, auc:85.2 | trn acc:81.7, f1:68.5, auc:85.0 | loss:0.472
Average epoch runtime: 0.26 seconds
Total training time: 18.41 GPU seconds
