job is starting on gpua018.delta.ncsa.illinois.edu
Loading drug dataset...
Hyperparameters:
Namespace(is_train=True, input_dir='data/input', output_dir='data/output', repository='gdsc', drug_id=-1, use_cuda=True, use_relu=True, init_gene_emb=True, omic='exp', use_attention=False, use_cntx_attn=False, embedding_dim=200, attention_size=128, attention_head=8, hidden_dim_enc=200, use_hid_lyr=True, max_iter=48000, max_fscore=0.6452, dropout_rate=0.6, learning_rate=0.3, weight_decay=0.0003, batch_size=8, test_batch_size=8, test_inc_size=1024, model_label='cntx-attn-gdsc', exp_size=3000, mut_size=1000, cnv_size=1000, omc_size=3000, drg_size=260, train_size=676, test_size=170)
Training...
Batch size: 8
Train dataset size (samples): 676
Batches per epoch: 85
[0,0] | tst acc:48.6, f1:39.1, auc:48.1 | trn acc:49.1, f1:28.2, auc:49.0 | loss:0.878
Epoch 0 finished in 0.75 seconds
[1,348] | tst acc:51.4, f1:43.9, auc:48.7 | trn acc:49.5, f1:37.3, auc:49.6 | loss:0.858
Epoch 1 finished in 0.34 seconds
Epoch 2 finished in 0.13 seconds
[3,20] | tst acc:51.4, f1:43.6, auc:53.0 | trn acc:51.5, f1:38.6, auc:51.8 | loss:0.817
Epoch 3 finished in 0.33 seconds
[4,368] | tst acc:56.0, f1:46.0, auc:57.4 | trn acc:54.0, f1:39.9, auc:54.6 | loss:0.770
Epoch 4 finished in 0.33 seconds
Epoch 5 finished in 0.13 seconds
[6,40] | tst acc:59.4, f1:46.4, auc:59.5 | trn acc:56.5, f1:41.9, auc:57.4 | loss:0.729
Epoch 6 finished in 0.34 seconds
[7,388] | tst acc:65.6, f1:55.7, auc:66.0 | trn acc:59.6, f1:44.0, auc:60.8 | loss:0.689
Epoch 7 finished in 0.34 seconds
Epoch 8 finished in 0.13 seconds
[9,60] | tst acc:62.2, f1:48.6, auc:60.8 | trn acc:62.6, f1:46.4, auc:64.0 | loss:0.653
Epoch 9 finished in 0.33 seconds
[10,408] | tst acc:62.8, f1:49.4, auc:65.5 | trn acc:65.7, f1:49.2, auc:67.2 | loss:0.623
Epoch 10 finished in 0.33 seconds
Epoch 11 finished in 0.13 seconds
[12,80] | tst acc:64.2, f1:51.2, auc:65.2 | trn acc:68.5, f1:51.7, auc:70.1 | loss:0.598
Epoch 12 finished in 0.33 seconds
[13,428] | tst acc:69.3, f1:58.1, auc:69.8 | trn acc:71.1, f1:53.9, auc:72.9 | loss:0.574
Epoch 13 finished in 0.33 seconds
Epoch 14 finished in 0.13 seconds
[15,100] | tst acc:71.6, f1:58.7, auc:72.3 | trn acc:73.2, f1:56.7, auc:74.9 | loss:0.558
Epoch 15 finished in 0.34 seconds
[16,448] | tst acc:73.9, f1:62.0, auc:74.8 | trn acc:75.0, f1:58.6, auc:76.7 | loss:0.543
Epoch 16 finished in 0.33 seconds
Epoch 17 finished in 0.13 seconds
[18,120] | tst acc:68.5, f1:54.7, auc:69.9 | trn acc:76.3, f1:60.0, auc:78.0 | loss:0.533
Epoch 18 finished in 0.33 seconds
[19,468] | tst acc:73.0, f1:59.2, auc:75.4 | trn acc:77.8, f1:61.9, auc:79.4 | loss:0.521
Epoch 19 finished in 0.33 seconds
Epoch 20 finished in 0.13 seconds
[21,140] | tst acc:73.0, f1:59.2, auc:74.9 | trn acc:78.6, f1:62.8, auc:80.3 | loss:0.513
Epoch 21 finished in 0.33 seconds
[22,488] | tst acc:70.5, f1:54.0, auc:75.0 | trn acc:79.4, f1:64.0, auc:81.2 | loss:0.506
Epoch 22 finished in 0.33 seconds
Epoch 23 finished in 0.13 seconds
[24,160] | tst acc:75.6, f1:63.2, auc:76.1 | trn acc:79.7, f1:64.5, auc:81.6 | loss:0.502
Epoch 24 finished in 0.33 seconds
[25,508] | tst acc:75.0, f1:62.7, auc:76.5 | trn acc:80.3, f1:65.4, auc:82.3 | loss:0.496
Epoch 25 finished in 0.33 seconds
Epoch 26 finished in 0.13 seconds
[27,180] | tst acc:75.0, f1:61.4, auc:77.5 | trn acc:80.6, f1:65.8, auc:82.7 | loss:0.493
Epoch 27 finished in 0.33 seconds
[28,528] | tst acc:73.6, f1:59.4, auc:78.8 | trn acc:80.8, f1:66.0, auc:82.9 | loss:0.490
Epoch 28 finished in 0.33 seconds
Epoch 29 finished in 0.13 seconds
[30,200] | tst acc:74.1, f1:59.9, auc:77.7 | trn acc:81.3, f1:66.7, auc:83.6 | loss:0.485
Epoch 30 finished in 0.33 seconds
[31,548] | tst acc:75.6, f1:61.9, auc:77.1 | trn acc:81.2, f1:66.8, auc:83.6 | loss:0.486
Epoch 31 finished in 0.33 seconds
Epoch 32 finished in 0.13 seconds
[33,220] | tst acc:75.6, f1:63.2, auc:78.6 | trn acc:81.3, f1:66.9, auc:83.8 | loss:0.484
Epoch 33 finished in 0.33 seconds
[34,568] | tst acc:74.7, f1:61.1, auc:78.2 | trn acc:81.5, f1:67.2, auc:84.0 | loss:0.481
Epoch 34 finished in 0.33 seconds
Epoch 35 finished in 0.13 seconds
[36,240] | tst acc:75.6, f1:61.9, auc:75.8 | trn acc:81.6, f1:67.3, auc:84.2 | loss:0.480
Epoch 36 finished in 0.33 seconds
[37,588] | tst acc:75.6, f1:62.6, auc:78.0 | trn acc:81.6, f1:67.4, auc:84.4 | loss:0.480
Epoch 37 finished in 0.33 seconds
Epoch 38 finished in 0.13 seconds
[39,260] | tst acc:75.6, f1:62.3, auc:78.3 | trn acc:81.7, f1:67.4, auc:84.4 | loss:0.479
Epoch 39 finished in 0.33 seconds
[40,608] | tst acc:75.6, f1:61.9, auc:79.6 | trn acc:81.8, f1:67.5, auc:84.7 | loss:0.476
Epoch 40 finished in 0.33 seconds
Epoch 41 finished in 0.13 seconds
[42,280] | tst acc:75.9, f1:62.6, auc:79.4 | trn acc:81.5, f1:67.4, auc:84.4 | loss:0.480
Epoch 42 finished in 0.33 seconds
[43,628] | tst acc:75.3, f1:62.0, auc:79.1 | trn acc:81.7, f1:67.8, auc:84.7 | loss:0.477
Epoch 43 finished in 0.33 seconds
Epoch 44 finished in 0.13 seconds
[45,300] | tst acc:75.6, f1:62.3, auc:79.9 | trn acc:81.6, f1:67.5, auc:84.6 | loss:0.478
Epoch 45 finished in 0.33 seconds
[46,648] | tst acc:75.6, f1:62.6, auc:78.7 | trn acc:82.1, f1:68.1, auc:85.0 | loss:0.475
Epoch 46 finished in 0.33 seconds
Epoch 47 finished in 0.13 seconds
[48,320] | tst acc:74.7, f1:61.1, auc:78.8 | trn acc:82.0, f1:68.0, auc:85.1 | loss:0.474
Epoch 48 finished in 0.34 seconds
[49,668] | tst acc:75.3, f1:62.0, auc:78.5 | trn acc:81.6, f1:67.7, auc:84.7 | loss:0.478
Epoch 49 finished in 0.34 seconds
Epoch 50 finished in 0.13 seconds
[51,340] | tst acc:75.6, f1:62.3, auc:78.8 | trn acc:81.9, f1:67.8, auc:85.0 | loss:0.475
Epoch 51 finished in 0.33 seconds
Epoch 52 finished in 0.13 seconds
[53,12] | tst acc:76.1, f1:63.8, auc:80.4 | trn acc:81.8, f1:67.9, auc:84.9 | loss:0.477
Epoch 53 finished in 0.33 seconds
[54,360] | tst acc:75.6, f1:62.6, auc:79.3 | trn acc:81.7, f1:67.8, auc:84.7 | loss:0.478
Epoch 54 finished in 0.33 seconds
Epoch 55 finished in 0.13 seconds
[56,32] | tst acc:75.3, f1:62.0, auc:78.7 | trn acc:82.0, f1:68.0, auc:85.2 | loss:0.474
Epoch 56 finished in 0.33 seconds
[57,380] | tst acc:76.1, f1:63.2, auc:78.7 | trn acc:82.2, f1:68.3, auc:85.3 | loss:0.472
Epoch 57 finished in 0.33 seconds
Epoch 58 finished in 0.13 seconds
[59,52] | tst acc:75.6, f1:62.6, auc:79.6 | trn acc:81.6, f1:67.6, auc:84.8 | loss:0.477
Epoch 59 finished in 0.33 seconds
[60,400] | tst acc:76.1, f1:63.2, auc:79.7 | trn acc:81.8, f1:67.9, auc:85.0 | loss:0.476
Epoch 60 finished in 0.33 seconds
Epoch 61 finished in 0.13 seconds
[62,72] | tst acc:75.6, f1:62.6, auc:79.3 | trn acc:81.9, f1:68.0, auc:85.1 | loss:0.475
Epoch 62 finished in 0.33 seconds
[63,420] | tst acc:75.3, f1:62.0, auc:79.0 | trn acc:81.9, f1:68.0, auc:85.1 | loss:0.475
Epoch 63 finished in 0.33 seconds
Epoch 64 finished in 0.13 seconds
[65,92] | tst acc:75.6, f1:62.6, auc:78.8 | trn acc:81.8, f1:67.9, auc:85.0 | loss:0.476
Epoch 65 finished in 0.33 seconds
[66,440] | tst acc:75.3, f1:62.0, auc:78.3 | trn acc:82.0, f1:68.2, auc:85.2 | loss:0.474
Epoch 66 finished in 0.33 seconds
Epoch 67 finished in 0.13 seconds
[68,112] | tst acc:75.6, f1:62.6, auc:79.2 | trn acc:81.8, f1:67.9, auc:85.0 | loss:0.476
Epoch 68 finished in 0.33 seconds
[69,460] | tst acc:75.6, f1:62.6, auc:78.2 | trn acc:81.9, f1:68.0, auc:85.0 | loss:0.475
Epoch 69 finished in 0.33 seconds
Epoch 70 finished in 0.13 seconds
Epoch 71 finished in 0.00 seconds
Average epoch runtime: 0.27 seconds
Total training time: 19.14 GPU seconds

real	0m37.799s
user	0m25.267s
sys	0m2.458s
