job is starting on gpua078.delta.ncsa.illinois.edu
Loading drug dataset...
Hyperparameters:
Namespace(is_train=True, input_dir='data/input', output_dir='data/output', repository='gdsc', drug_id=-1, use_cuda=True, use_relu=True, init_gene_emb=True, omic='exp', use_attention=True, use_cntx_attn=False, embedding_dim=200, attention_size=128, attention_head=8, hidden_dim_enc=200, use_hid_lyr=True, max_iter=48000, max_fscore=0.6452, dropout_rate=0.6, learning_rate=0.3, weight_decay=0.0003, batch_size=8, test_batch_size=8, test_inc_size=1024, model_label='cntx-attn-gdsc', exp_size=3000, mut_size=1000, cnv_size=1000, omc_size=3000, drg_size=260, train_size=676, test_size=170)
Training...
Batch size: 8
Train dataset size (samples): 676
Batches per epoch: 85
[0,0] | tst acc:44.8, f1:39.5, auc:47.0 | trn acc:51.2, f1:38.7, auc:51.6 | loss:4.075
Epoch 0 finished in 4.14 seconds
[1,348] | tst acc:57.6, f1:53.8, auc:58.9 | trn acc:53.6, f1:40.5, auc:53.0 | loss:2.410
Epoch 1 finished in 3.60 seconds
Epoch 2 finished in 3.42 seconds
[3,20] | tst acc:58.4, f1:52.2, auc:56.6 | trn acc:56.6, f1:42.3, auc:57.5 | loss:0.693
Epoch 3 finished in 3.58 seconds
[4,368] | tst acc:54.7, f1:46.2, auc:54.0 | trn acc:56.8, f1:42.4, auc:57.7 | loss:0.693
Epoch 4 finished in 3.62 seconds
Epoch 5 finished in 3.38 seconds
[6,40] | tst acc:52.3, f1:46.1, auc:50.5 | trn acc:56.8, f1:42.4, auc:57.8 | loss:0.693
Epoch 6 finished in 3.63 seconds
[7,388] | tst acc:55.2, f1:47.6, auc:56.8 | trn acc:56.9, f1:42.8, auc:57.9 | loss:0.693
Epoch 7 finished in 3.59 seconds
Epoch 8 finished in 3.42 seconds
[9,60] | tst acc:57.6, f1:51.7, auc:58.2 | trn acc:56.9, f1:42.5, auc:57.9 | loss:0.693
Epoch 9 finished in 3.59 seconds
[10,408] | tst acc:56.4, f1:47.9, auc:53.2 | trn acc:57.1, f1:43.1, auc:58.0 | loss:0.693
Epoch 10 finished in 3.63 seconds
Epoch 11 finished in 3.38 seconds
[12,80] | tst acc:58.1, f1:52.0, auc:60.1 | trn acc:57.8, f1:43.1, auc:57.9 | loss:0.685
Epoch 12 finished in 3.63 seconds
[13,428] | tst acc:55.5, f1:46.7, auc:58.4 | trn acc:60.6, f1:45.4, auc:62.0 | loss:0.662
Epoch 13 finished in 3.59 seconds
Epoch 14 finished in 3.42 seconds
[15,100] | tst acc:61.3, f1:53.0, auc:62.6 | trn acc:64.5, f1:48.6, auc:66.4 | loss:0.635
Epoch 15 finished in 3.59 seconds
[16,448] | tst acc:67.4, f1:56.6, auc:69.0 | trn acc:68.6, f1:52.4, auc:70.8 | loss:0.598
Epoch 16 finished in 3.63 seconds
Epoch 17 finished in 3.38 seconds
[18,120] | tst acc:67.4, f1:57.9, auc:68.9 | trn acc:72.4, f1:56.0, auc:74.6 | loss:0.559
Epoch 18 finished in 3.63 seconds
[19,468] | tst acc:73.5, f1:63.2, auc:72.8 | trn acc:75.3, f1:58.9, auc:77.4 | loss:0.527
Epoch 19 finished in 3.59 seconds
Epoch 20 finished in 3.42 seconds
[21,140] | tst acc:67.2, f1:55.0, auc:71.4 | trn acc:77.0, f1:60.9, auc:79.0 | loss:0.507
Epoch 21 finished in 3.59 seconds
[22,488] | tst acc:70.6, f1:60.1, auc:74.9 | trn acc:78.2, f1:62.5, auc:80.4 | loss:0.490
Epoch 22 finished in 3.63 seconds
Epoch 23 finished in 3.38 seconds
[24,160] | tst acc:72.4, f1:60.3, auc:74.1 | trn acc:78.8, f1:63.4, auc:81.0 | loss:0.483
Epoch 24 finished in 3.63 seconds
[25,508] | tst acc:68.3, f1:55.1, auc:72.7 | trn acc:79.5, f1:64.1, auc:81.7 | loss:0.472
Epoch 25 finished in 3.58 seconds
Epoch 26 finished in 3.42 seconds
[27,180] | tst acc:71.5, f1:59.8, auc:75.1 | trn acc:80.0, f1:64.7, auc:82.5 | loss:0.462
Epoch 27 finished in 3.58 seconds
[28,528] | tst acc:70.9, f1:57.6, auc:74.5 | trn acc:80.2, f1:65.1, auc:82.8 | loss:0.460
Epoch 28 finished in 3.63 seconds
Epoch 29 finished in 3.38 seconds
[30,200] | tst acc:71.2, f1:60.2, auc:76.2 | trn acc:80.2, f1:65.2, auc:83.1 | loss:0.455
Epoch 30 finished in 3.62 seconds
[31,548] | tst acc:71.2, f1:59.3, auc:75.4 | trn acc:80.4, f1:65.4, auc:83.3 | loss:0.451
Epoch 31 finished in 3.58 seconds
Epoch 32 finished in 3.42 seconds
[33,220] | tst acc:69.8, f1:55.6, auc:76.2 | trn acc:80.5, f1:65.8, auc:83.6 | loss:0.449
Epoch 33 finished in 3.58 seconds
[34,568] | tst acc:69.8, f1:57.7, auc:74.9 | trn acc:81.0, f1:66.4, auc:84.2 | loss:0.440
Epoch 34 finished in 3.63 seconds
Epoch 35 finished in 3.38 seconds
[36,240] | tst acc:70.1, f1:56.9, auc:76.4 | trn acc:80.9, f1:66.2, auc:84.1 | loss:0.442
Epoch 36 finished in 3.63 seconds
[37,588] | tst acc:70.6, f1:58.4, auc:78.5 | trn acc:81.3, f1:66.8, auc:84.7 | loss:0.434
Epoch 37 finished in 3.58 seconds
Epoch 38 finished in 3.42 seconds
[39,260] | tst acc:70.6, f1:57.7, auc:76.6 | trn acc:81.2, f1:66.5, auc:84.5 | loss:0.437
Epoch 39 finished in 3.59 seconds
[40,608] | tst acc:71.8, f1:60.1, auc:77.9 | trn acc:81.3, f1:66.8, auc:84.7 | loss:0.434
Epoch 40 finished in 3.63 seconds
Epoch 41 finished in 3.38 seconds
[42,280] | tst acc:70.3, f1:56.8, auc:79.0 | trn acc:81.3, f1:66.7, auc:84.6 | loss:0.435
Epoch 42 finished in 3.62 seconds
[43,628] | tst acc:70.3, f1:58.2, auc:75.8 | trn acc:81.5, f1:67.3, auc:85.0 | loss:0.432
Epoch 43 finished in 3.58 seconds
Epoch 44 finished in 3.42 seconds
[45,300] | tst acc:70.9, f1:58.3, auc:77.6 | trn acc:81.5, f1:67.1, auc:84.9 | loss:0.431
Epoch 45 finished in 3.58 seconds
[46,648] | tst acc:71.2, f1:59.3, auc:76.7 | trn acc:81.6, f1:67.2, auc:85.1 | loss:0.429
Epoch 46 finished in 3.62 seconds
Epoch 47 finished in 3.38 seconds
[48,320] | tst acc:69.8, f1:57.0, auc:76.1 | trn acc:81.6, f1:67.4, auc:85.1 | loss:0.429
Epoch 48 finished in 3.62 seconds
[49,668] | tst acc:70.6, f1:57.7, auc:76.5 | trn acc:81.8, f1:67.5, auc:85.3 | loss:0.426
Epoch 49 finished in 3.59 seconds
Epoch 50 finished in 3.42 seconds
[51,340] | tst acc:70.9, f1:58.3, auc:77.3 | trn acc:81.5, f1:67.2, auc:85.1 | loss:0.431
Epoch 51 finished in 3.58 seconds
Epoch 52 finished in 3.42 seconds
[53,12] | tst acc:71.8, f1:60.1, auc:79.1 | trn acc:82.0, f1:67.8, auc:85.6 | loss:0.421
Epoch 53 finished in 3.58 seconds
[54,360] | tst acc:70.6, f1:57.7, auc:78.1 | trn acc:81.9, f1:67.7, auc:85.5 | loss:0.423
Epoch 54 finished in 3.62 seconds
Epoch 55 finished in 3.38 seconds
[56,32] | tst acc:70.9, f1:58.3, auc:78.7 | trn acc:81.7, f1:67.4, auc:85.3 | loss:0.427
Epoch 56 finished in 3.62 seconds
[57,380] | tst acc:70.9, f1:58.7, auc:79.1 | trn acc:81.7, f1:67.6, auc:85.5 | loss:0.425
Epoch 57 finished in 3.59 seconds
Epoch 58 finished in 3.42 seconds
[59,52] | tst acc:70.6, f1:57.4, auc:78.7 | trn acc:81.8, f1:67.7, auc:85.6 | loss:0.424
Epoch 59 finished in 3.58 seconds
[60,400] | tst acc:70.9, f1:58.3, auc:77.7 | trn acc:82.1, f1:67.9, auc:85.7 | loss:0.418
Epoch 60 finished in 3.63 seconds
Epoch 61 finished in 3.38 seconds
[62,72] | tst acc:70.3, f1:57.9, auc:78.8 | trn acc:81.4, f1:67.3, auc:85.3 | loss:0.430
Epoch 62 finished in 3.62 seconds
[63,420] | tst acc:70.6, f1:58.1, auc:78.1 | trn acc:82.1, f1:68.0, auc:85.7 | loss:0.419
Epoch 63 finished in 3.58 seconds
Epoch 64 finished in 3.42 seconds
[65,92] | tst acc:70.6, f1:58.1, auc:77.2 | trn acc:81.6, f1:67.3, auc:85.5 | loss:0.425
Epoch 65 finished in 3.58 seconds
[66,440] | tst acc:70.6, f1:57.4, auc:78.5 | trn acc:81.8, f1:67.8, auc:85.6 | loss:0.425
Epoch 66 finished in 3.62 seconds
Epoch 67 finished in 3.38 seconds
[68,112] | tst acc:70.6, f1:58.1, auc:77.7 | trn acc:82.0, f1:67.9, auc:85.8 | loss:0.420
Epoch 68 finished in 3.62 seconds
[69,460] | tst acc:71.2, f1:58.9, auc:77.1 | trn acc:81.6, f1:67.5, auc:85.5 | loss:0.425
Epoch 69 finished in 3.59 seconds
Reached final batch of training at iter = 47992
Epoch 70 finished in 3.42 seconds
Reached final batch of training at iter = 48000
Epoch 71 finished in 0.04 seconds
Average epoch runtime: 3.49 seconds
Total training time: 251.58 GPU seconds

real	4m34.871s
user	4m20.619s
sys	0m4.412s
