job is starting on gpua002.delta.ncsa.illinois.edu
Loading drug dataset...
Hyperparameters:
Namespace(is_train=True, input_dir='data/input', output_dir='data/output', repository='gdsc', drug_id=-1, use_cuda=True, use_relu=True, init_gene_emb=True, omic='exp', use_attention=True, use_cntx_attn=True, embedding_dim=200, attention_size=128, attention_head=8, hidden_dim_enc=200, use_hid_lyr=True, max_iter=48000, max_fscore=0.0, dropout_rate=0.0, learning_rate=0.3, weight_decay=0.0003, batch_size=8, test_batch_size=8, test_inc_size=1024, model_label='cntx-attn-gdsc', exp_size=3000, mut_size=1000, cnv_size=1000, omc_size=3000, drg_size=260, train_size=676, test_size=170)
Training...
Batch size: 8
Train dataset size (samples): 676
Batches per epoch: 85
[0,0] | tst acc:48.2, f1:18.8, auc:51.7 | trn acc:49.0, f1:41.8, auc:51.1 | loss:2.729
Epoch 0 finished in 4.06 seconds
[1,348] | tst acc:76.0, f1:39.8, auc:80.7 | trn acc:62.3, f1:48.3, auc:61.5 | loss:1.528
Epoch 1 finished in 4.11 seconds
Epoch 2 finished in 3.94 seconds
[3,20] | tst acc:79.4, f1:45.5, auc:86.2 | trn acc:81.1, f1:67.3, auc:83.0 | loss:0.525
Epoch 3 finished in 4.10 seconds
[4,368] | tst acc:80.1, f1:46.2, auc:86.5 | trn acc:81.5, f1:68.1, auc:85.5 | loss:0.445
Epoch 4 finished in 4.15 seconds
Epoch 5 finished in 3.89 seconds
[6,40] | tst acc:80.5, f1:47.4, auc:86.9 | trn acc:81.3, f1:67.6, auc:85.4 | loss:0.435
Epoch 6 finished in 4.15 seconds
[7,388] | tst acc:80.1, f1:47.5, auc:87.0 | trn acc:81.6, f1:68.2, auc:85.9 | loss:0.427
Epoch 7 finished in 4.10 seconds
Epoch 8 finished in 3.93 seconds
[9,60] | tst acc:80.3, f1:47.7, auc:86.7 | trn acc:81.3, f1:67.4, auc:85.5 | loss:0.429
Epoch 9 finished in 4.10 seconds
[10,408] | tst acc:79.4, f1:45.5, auc:86.7 | trn acc:81.5, f1:68.1, auc:85.7 | loss:0.427
Epoch 10 finished in 4.15 seconds
Epoch 11 finished in 3.89 seconds
[12,80] | tst acc:80.5, f1:47.4, auc:87.2 | trn acc:81.6, f1:67.9, auc:85.9 | loss:0.422
Epoch 12 finished in 4.14 seconds
[13,428] | tst acc:80.1, f1:46.9, auc:86.7 | trn acc:81.5, f1:67.9, auc:85.7 | loss:0.425
Epoch 13 finished in 4.10 seconds
Epoch 14 finished in 3.93 seconds
[15,100] | tst acc:80.7, f1:48.3, auc:86.8 | trn acc:81.7, f1:68.3, auc:86.1 | loss:0.421
Epoch 15 finished in 4.10 seconds
[16,448] | tst acc:80.7, f1:48.3, auc:86.8 | trn acc:81.9, f1:68.4, auc:86.2 | loss:0.417
Epoch 16 finished in 4.14 seconds
Epoch 17 finished in 3.89 seconds
[18,120] | tst acc:80.9, f1:48.6, auc:86.9 | trn acc:81.5, f1:68.0, auc:85.8 | loss:0.424
Epoch 18 finished in 4.14 seconds
[19,468] | tst acc:80.9, f1:49.1, auc:86.8 | trn acc:81.4, f1:68.0, auc:85.8 | loss:0.425
Epoch 19 finished in 4.10 seconds
Epoch 20 finished in 3.94 seconds
[21,140] | tst acc:80.5, f1:47.4, auc:86.7 | trn acc:81.7, f1:68.2, auc:86.1 | loss:0.419
Epoch 21 finished in 4.10 seconds
[22,488] | tst acc:80.5, f1:47.4, auc:86.7 | trn acc:81.7, f1:68.2, auc:86.0 | loss:0.420
Epoch 22 finished in 4.14 seconds
Epoch 23 finished in 3.89 seconds
[24,160] | tst acc:80.5, f1:48.0, auc:87.2 | trn acc:81.6, f1:68.3, auc:86.0 | loss:0.421
Epoch 24 finished in 4.15 seconds
[25,508] | tst acc:80.9, f1:49.1, auc:86.9 | trn acc:81.4, f1:68.0, auc:85.8 | loss:0.425
Epoch 25 finished in 4.10 seconds
Epoch 26 finished in 3.93 seconds
[27,180] | tst acc:80.9, f1:49.1, auc:86.6 | trn acc:81.9, f1:68.6, auc:86.2 | loss:0.417
Epoch 27 finished in 4.10 seconds
[28,528] | tst acc:80.7, f1:48.3, auc:86.4 | trn acc:81.6, f1:68.2, auc:85.9 | loss:0.422
Epoch 28 finished in 4.14 seconds
Epoch 29 finished in 3.89 seconds
[30,200] | tst acc:80.9, f1:49.1, auc:86.8 | trn acc:81.7, f1:68.3, auc:86.1 | loss:0.420
Epoch 30 finished in 4.14 seconds
[31,548] | tst acc:80.9, f1:48.0, auc:86.6 | trn acc:81.8, f1:68.4, auc:86.1 | loss:0.418
Epoch 31 finished in 4.10 seconds
Epoch 32 finished in 3.93 seconds
[33,220] | tst acc:80.9, f1:49.1, auc:86.6 | trn acc:81.5, f1:68.2, auc:85.9 | loss:0.423
Epoch 33 finished in 4.09 seconds
[34,568] | tst acc:80.9, f1:49.1, auc:86.7 | trn acc:81.8, f1:68.5, auc:86.2 | loss:0.417
Epoch 34 finished in 4.14 seconds
Epoch 35 finished in 3.89 seconds
[36,240] | tst acc:80.9, f1:49.1, auc:86.8 | trn acc:81.4, f1:68.1, auc:85.8 | loss:0.424
Epoch 36 finished in 4.14 seconds
[37,588] | tst acc:80.9, f1:49.1, auc:86.8 | trn acc:81.7, f1:68.2, auc:86.1 | loss:0.419
Epoch 37 finished in 4.09 seconds
Epoch 38 finished in 3.93 seconds
[39,260] | tst acc:80.9, f1:49.1, auc:86.8 | trn acc:81.6, f1:68.3, auc:86.0 | loss:0.421
Epoch 39 finished in 4.10 seconds
[40,608] | tst acc:80.9, f1:49.1, auc:86.4 | trn acc:81.8, f1:68.5, auc:86.1 | loss:0.418
Epoch 40 finished in 4.14 seconds
Epoch 41 finished in 3.89 seconds
[42,280] | tst acc:80.9, f1:49.1, auc:86.5 | trn acc:81.6, f1:68.3, auc:86.1 | loss:0.420
Epoch 42 finished in 4.14 seconds
[43,628] | tst acc:80.9, f1:49.1, auc:86.9 | trn acc:81.7, f1:68.5, auc:86.0 | loss:0.420
Epoch 43 finished in 4.10 seconds
Epoch 44 finished in 3.93 seconds
[45,300] | tst acc:80.7, f1:48.3, auc:86.9 | trn acc:81.7, f1:68.2, auc:86.1 | loss:0.418
Epoch 45 finished in 4.09 seconds
[46,648] | tst acc:80.9, f1:49.1, auc:86.5 | trn acc:81.6, f1:68.5, auc:86.0 | loss:0.422
Epoch 46 finished in 4.14 seconds
Epoch 47 finished in 3.89 seconds
[48,320] | tst acc:80.9, f1:49.1, auc:86.3 | trn acc:81.6, f1:68.3, auc:85.9 | loss:0.421
Epoch 48 finished in 4.14 seconds
[49,668] | tst acc:80.9, f1:49.1, auc:86.3 | trn acc:81.7, f1:68.4, auc:86.1 | loss:0.419
Epoch 49 finished in 4.10 seconds
Epoch 50 finished in 3.93 seconds
[51,340] | tst acc:80.9, f1:49.1, auc:86.4 | trn acc:81.6, f1:68.3, auc:86.0 | loss:0.421
Epoch 51 finished in 4.10 seconds
Epoch 52 finished in 3.93 seconds
[53,12] | tst acc:80.9, f1:49.1, auc:86.7 | trn acc:81.8, f1:68.5, auc:86.1 | loss:0.419
Epoch 53 finished in 4.10 seconds
[54,360] | tst acc:80.9, f1:49.1, auc:86.7 | trn acc:81.8, f1:68.5, auc:86.1 | loss:0.419
Epoch 54 finished in 4.14 seconds
Epoch 55 finished in 3.89 seconds
[56,32] | tst acc:80.9, f1:49.1, auc:86.6 | trn acc:81.6, f1:68.3, auc:86.1 | loss:0.421
Epoch 56 finished in 4.14 seconds
[57,380] | tst acc:80.9, f1:49.1, auc:86.7 | trn acc:81.6, f1:68.2, auc:86.0 | loss:0.420
Epoch 57 finished in 4.10 seconds
Epoch 58 finished in 3.93 seconds
[59,52] | tst acc:80.9, f1:49.1, auc:86.5 | trn acc:81.7, f1:68.5, auc:86.1 | loss:0.420
Epoch 59 finished in 4.09 seconds
[60,400] | tst acc:80.9, f1:49.1, auc:86.2 | trn acc:81.7, f1:68.5, auc:86.1 | loss:0.420
Epoch 60 finished in 4.14 seconds
Epoch 61 finished in 3.89 seconds
[62,72] | tst acc:80.9, f1:49.1, auc:86.7 | trn acc:81.6, f1:68.1, auc:85.9 | loss:0.421
Epoch 62 finished in 4.15 seconds
[63,420] | tst acc:80.9, f1:49.1, auc:86.7 | trn acc:81.9, f1:68.4, auc:86.2 | loss:0.416
Epoch 63 finished in 4.10 seconds
Epoch 64 finished in 3.93 seconds
[65,92] | tst acc:80.9, f1:49.1, auc:86.5 | trn acc:81.7, f1:68.7, auc:86.3 | loss:0.418
Epoch 65 finished in 4.10 seconds
[66,440] | tst acc:80.9, f1:49.1, auc:86.8 | trn acc:81.4, f1:68.1, auc:85.9 | loss:0.424
Epoch 66 finished in 4.15 seconds
Epoch 67 finished in 3.89 seconds
[68,112] | tst acc:80.9, f1:49.1, auc:86.6 | trn acc:81.9, f1:68.5, auc:86.3 | loss:0.416
Epoch 68 finished in 4.14 seconds
[69,460] | tst acc:80.9, f1:49.1, auc:86.6 | trn acc:81.6, f1:68.4, auc:86.2 | loss:0.419
Epoch 69 finished in 4.09 seconds
Reached final batch of training at iter = 47992
Epoch 70 finished in 3.93 seconds
Reached final batch of training at iter = 48000
Epoch 71 finished in 0.05 seconds
Average epoch runtime: 3.99 seconds
Total training time: 287.51 GPU seconds
1
Loading drug dataset...
Hyperparameters:
Namespace(is_train=True, input_dir='data/input', output_dir='data/output', repository='gdsc', drug_id=-1, use_cuda=True, use_relu=True, init_gene_emb=True, omic='exp', use_attention=True, use_cntx_attn=True, embedding_dim=200, attention_size=128, attention_head=8, hidden_dim_enc=200, use_hid_lyr=True, max_iter=48000, max_fscore=0.0, dropout_rate=0.0, learning_rate=0.3, weight_decay=0.0003, batch_size=8, test_batch_size=8, test_inc_size=1024, model_label='cntx-attn-gdsc', exp_size=3000, mut_size=1000, cnv_size=1000, omc_size=3000, drg_size=260, train_size=676, test_size=170)
Training...
Batch size: 8
Train dataset size (samples): 676
Batches per epoch: 85
[0,0] | tst acc:48.9, f1:39.2, auc:51.6 | trn acc:49.1, f1:40.3, auc:51.3 | loss:2.720
Epoch 0 finished in 4.07 seconds
[1,348] | tst acc:78.3, f1:63.4, auc:78.1 | trn acc:62.3, f1:48.3, auc:61.5 | loss:1.530
Epoch 1 finished in 4.11 seconds
Epoch 2 finished in 3.93 seconds
[3,20] | tst acc:80.0, f1:65.8, auc:81.9 | trn acc:80.9, f1:67.9, auc:83.0 | loss:0.531
Epoch 3 finished in 4.09 seconds
[4,368] | tst acc:80.6, f1:66.9, auc:83.2 | trn acc:81.1, f1:67.7, auc:85.0 | loss:0.455
Epoch 4 finished in 4.14 seconds
Epoch 5 finished in 3.89 seconds
[6,40] | tst acc:80.4, f1:66.4, auc:83.2 | trn acc:81.6, f1:68.5, auc:85.8 | loss:0.431
Epoch 6 finished in 4.15 seconds
[7,388] | tst acc:80.6, f1:66.7, auc:83.0 | trn acc:81.5, f1:68.4, auc:85.8 | loss:0.429
Epoch 7 finished in 4.10 seconds
Epoch 8 finished in 3.93 seconds
[9,60] | tst acc:80.8, f1:67.1, auc:83.2 | trn acc:81.4, f1:68.3, auc:85.7 | loss:0.429
Epoch 9 finished in 4.09 seconds
[10,408] | tst acc:81.2, f1:67.3, auc:82.9 | trn acc:81.5, f1:68.2, auc:85.7 | loss:0.427
Epoch 10 finished in 4.14 seconds
Epoch 11 finished in 3.89 seconds
[12,80] | tst acc:80.2, f1:65.3, auc:82.8 | trn acc:81.5, f1:68.5, auc:85.9 | loss:0.425
Epoch 12 finished in 4.14 seconds
[13,428] | tst acc:80.4, f1:66.7, auc:82.9 | trn acc:81.5, f1:68.7, auc:85.9 | loss:0.426
Epoch 13 finished in 4.10 seconds
Epoch 14 finished in 3.93 seconds
[15,100] | tst acc:80.6, f1:66.9, auc:83.3 | trn acc:81.5, f1:68.3, auc:85.8 | loss:0.424
Epoch 15 finished in 4.09 seconds
[16,448] | tst acc:80.2, f1:66.4, auc:83.3 | trn acc:81.6, f1:68.7, auc:86.0 | loss:0.422
Epoch 16 finished in 4.14 seconds
Epoch 17 finished in 3.89 seconds
[18,120] | tst acc:80.6, f1:66.9, auc:83.4 | trn acc:81.5, f1:68.4, auc:85.8 | loss:0.425
Epoch 18 finished in 4.14 seconds
[19,468] | tst acc:80.0, f1:65.8, auc:83.2 | trn acc:81.6, f1:68.5, auc:85.9 | loss:0.423
Epoch 19 finished in 4.09 seconds
Epoch 20 finished in 3.93 seconds
[21,140] | tst acc:80.6, f1:66.9, auc:82.8 | trn acc:81.5, f1:68.6, auc:86.0 | loss:0.423
Epoch 21 finished in 4.09 seconds
[22,488] | tst acc:80.4, f1:66.2, auc:83.4 | trn acc:81.6, f1:68.5, auc:86.0 | loss:0.422
Epoch 22 finished in 4.14 seconds
Epoch 23 finished in 3.89 seconds
[24,160] | tst acc:80.4, f1:66.4, auc:83.0 | trn acc:81.4, f1:68.5, auc:85.8 | loss:0.426
Epoch 24 finished in 4.14 seconds
[25,508] | tst acc:80.6, f1:66.9, auc:83.2 | trn acc:81.6, f1:68.6, auc:86.1 | loss:0.422
Epoch 25 finished in 4.09 seconds
Epoch 26 finished in 3.93 seconds
[27,180] | tst acc:79.8, f1:65.1, auc:83.0 | trn acc:81.7, f1:68.6, auc:86.0 | loss:0.421
Epoch 27 finished in 4.10 seconds
[28,528] | tst acc:80.2, f1:66.0, auc:82.8 | trn acc:81.4, f1:68.5, auc:85.9 | loss:0.426
Epoch 28 finished in 4.14 seconds
Epoch 29 finished in 3.89 seconds
[30,200] | tst acc:80.2, f1:66.0, auc:82.9 | trn acc:81.9, f1:69.1, auc:86.3 | loss:0.419
Epoch 30 finished in 4.14 seconds
[31,548] | tst acc:80.8, f1:67.3, auc:82.9 | trn acc:81.7, f1:68.7, auc:86.0 | loss:0.422
Epoch 31 finished in 4.09 seconds
Epoch 32 finished in 3.93 seconds
[33,220] | tst acc:80.4, f1:66.4, auc:83.5 | trn acc:81.4, f1:68.3, auc:85.8 | loss:0.426
Epoch 33 finished in 4.09 seconds
[34,568] | tst acc:80.0, f1:65.5, auc:83.1 | trn acc:81.6, f1:68.8, auc:86.1 | loss:0.422
Epoch 34 finished in 4.14 seconds
Epoch 35 finished in 3.89 seconds
[36,240] | tst acc:80.0, f1:65.5, auc:83.2 | trn acc:81.7, f1:68.7, auc:86.1 | loss:0.420
Epoch 36 finished in 4.14 seconds
[37,588] | tst acc:80.4, f1:66.4, auc:83.1 | trn acc:81.5, f1:68.6, auc:85.9 | loss:0.425
Epoch 37 finished in 4.09 seconds
Epoch 38 finished in 3.93 seconds
[39,260] | tst acc:80.8, f1:67.3, auc:82.5 | trn acc:81.5, f1:68.6, auc:86.0 | loss:0.424
Epoch 39 finished in 4.10 seconds
[40,608] | tst acc:80.2, f1:66.0, auc:83.4 | trn acc:81.6, f1:68.5, auc:85.9 | loss:0.422
Epoch 40 finished in 4.14 seconds
Epoch 41 finished in 3.89 seconds
[42,280] | tst acc:80.2, f1:66.0, auc:82.9 | trn acc:81.7, f1:69.0, auc:86.2 | loss:0.421
Epoch 42 finished in 4.14 seconds
[43,628] | tst acc:80.6, f1:66.9, auc:83.2 | trn acc:81.5, f1:68.4, auc:85.8 | loss:0.425
Epoch 43 finished in 4.09 seconds
Epoch 44 finished in 3.93 seconds
[45,300] | tst acc:80.0, f1:65.5, auc:83.1 | trn acc:82.0, f1:69.0, auc:86.3 | loss:0.417
Epoch 45 finished in 4.09 seconds
[46,648] | tst acc:80.4, f1:66.4, auc:83.2 | trn acc:81.4, f1:68.5, auc:85.9 | loss:0.426
Epoch 46 finished in 4.14 seconds
Epoch 47 finished in 3.89 seconds
[48,320] | tst acc:80.4, f1:66.4, auc:83.3 | trn acc:81.7, f1:68.6, auc:86.0 | loss:0.421
Epoch 48 finished in 4.14 seconds
[49,668] | tst acc:80.4, f1:66.4, auc:83.1 | trn acc:81.7, f1:68.8, auc:86.1 | loss:0.422
Epoch 49 finished in 4.09 seconds
Epoch 50 finished in 3.93 seconds
[51,340] | tst acc:80.4, f1:66.4, auc:83.2 | trn acc:81.5, f1:68.6, auc:86.0 | loss:0.424
Epoch 51 finished in 4.09 seconds
Epoch 52 finished in 3.93 seconds
[53,12] | tst acc:80.4, f1:66.4, auc:83.2 | trn acc:81.7, f1:68.8, auc:86.0 | loss:0.422
Epoch 53 finished in 4.09 seconds
[54,360] | tst acc:80.4, f1:66.4, auc:83.0 | trn acc:81.6, f1:68.7, auc:86.0 | loss:0.422
Epoch 54 finished in 4.14 seconds
Epoch 55 finished in 3.89 seconds
[56,32] | tst acc:80.4, f1:66.4, auc:83.1 | trn acc:81.7, f1:68.8, auc:86.1 | loss:0.422
Epoch 56 finished in 4.14 seconds
[57,380] | tst acc:80.4, f1:66.4, auc:83.3 | trn acc:81.8, f1:68.8, auc:86.2 | loss:0.419
Epoch 57 finished in 4.10 seconds
Epoch 58 finished in 3.93 seconds
[59,52] | tst acc:80.4, f1:66.4, auc:83.0 | trn acc:81.6, f1:68.7, auc:86.0 | loss:0.424
Epoch 59 finished in 4.09 seconds
[60,400] | tst acc:80.4, f1:66.4, auc:83.1 | trn acc:81.4, f1:68.3, auc:85.8 | loss:0.425
Epoch 60 finished in 4.14 seconds
Epoch 61 finished in 3.89 seconds
[62,72] | tst acc:80.4, f1:66.4, auc:83.1 | trn acc:81.9, f1:69.1, auc:86.3 | loss:0.419
Epoch 62 finished in 4.14 seconds
[63,420] | tst acc:80.4, f1:66.4, auc:83.2 | trn acc:81.4, f1:68.6, auc:86.0 | loss:0.425
Epoch 63 finished in 4.09 seconds
Epoch 64 finished in 3.93 seconds
[65,92] | tst acc:80.4, f1:66.4, auc:83.1 | trn acc:82.0, f1:68.9, auc:86.3 | loss:0.416
Epoch 65 finished in 4.09 seconds
[66,440] | tst acc:80.4, f1:66.4, auc:83.1 | trn acc:81.4, f1:68.5, auc:86.0 | loss:0.424
Epoch 66 finished in 4.14 seconds
Epoch 67 finished in 3.89 seconds
[68,112] | tst acc:80.4, f1:66.4, auc:83.1 | trn acc:81.8, f1:68.9, auc:86.2 | loss:0.418
Epoch 68 finished in 4.14 seconds
[69,460] | tst acc:80.4, f1:66.4, auc:83.1 | trn acc:81.5, f1:68.4, auc:86.0 | loss:0.423
Epoch 69 finished in 4.10 seconds
Reached final batch of training at iter = 47992
Epoch 70 finished in 3.93 seconds
Reached final batch of training at iter = 48000
Epoch 71 finished in 0.05 seconds
Average epoch runtime: 3.99 seconds
Total training time: 287.36 GPU seconds
3
Loading drug dataset...
Hyperparameters:
Namespace(is_train=True, input_dir='data/input', output_dir='data/output', repository='gdsc', drug_id=-1, use_cuda=True, use_relu=True, init_gene_emb=True, omic='exp', use_attention=True, use_cntx_attn=True, embedding_dim=200, attention_size=128, attention_head=8, hidden_dim_enc=200, use_hid_lyr=True, max_iter=48000, max_fscore=0.0, dropout_rate=0.0, learning_rate=0.3, weight_decay=0.0003, batch_size=8, test_batch_size=8, test_inc_size=1024, model_label='cntx-attn-gdsc', exp_size=3000, mut_size=1000, cnv_size=1000, omc_size=3000, drg_size=260, train_size=676, test_size=170)
Training...
Batch size: 8
Train dataset size (samples): 676
Batches per epoch: 85
[0,0] | tst acc:47.5, f1:31.9, auc:48.5 | trn acc:48.1, f1:35.8, auc:50.5 | loss:2.797
Epoch 0 finished in 4.08 seconds
[1,348] | tst acc:74.7, f1:51.5, auc:70.8 | trn acc:62.7, f1:47.7, auc:61.7 | loss:1.518
Epoch 1 finished in 4.11 seconds
Epoch 2 finished in 3.93 seconds
[3,20] | tst acc:75.8, f1:51.6, auc:75.2 | trn acc:81.0, f1:66.5, auc:82.7 | loss:0.528
Epoch 3 finished in 4.10 seconds
[4,368] | tst acc:75.8, f1:51.6, auc:76.2 | trn acc:81.6, f1:67.1, auc:85.3 | loss:0.444
Epoch 4 finished in 4.15 seconds
Epoch 5 finished in 3.88 seconds
[6,40] | tst acc:75.8, f1:51.6, auc:76.5 | trn acc:81.5, f1:67.1, auc:85.4 | loss:0.433
Epoch 6 finished in 4.14 seconds
[7,388] | tst acc:76.2, f1:52.0, auc:76.6 | trn acc:81.6, f1:67.2, auc:85.7 | loss:0.425
Epoch 7 finished in 4.10 seconds
Epoch 8 finished in 3.93 seconds
[9,60] | tst acc:76.8, f1:52.6, auc:76.7 | trn acc:81.7, f1:67.3, auc:85.7 | loss:0.424
Epoch 9 finished in 4.10 seconds
[10,408] | tst acc:76.4, f1:51.8, auc:76.9 | trn acc:81.6, f1:67.0, auc:85.7 | loss:0.421
Epoch 10 finished in 4.14 seconds
Epoch 11 finished in 3.89 seconds
[12,80] | tst acc:75.8, f1:51.2, auc:76.7 | trn acc:81.5, f1:67.2, auc:85.6 | loss:0.425
Epoch 12 finished in 4.14 seconds
[13,428] | tst acc:76.6, f1:52.0, auc:77.0 | trn acc:81.8, f1:67.7, auc:86.1 | loss:0.418
Epoch 13 finished in 4.09 seconds
Epoch 14 finished in 3.93 seconds
[15,100] | tst acc:76.4, f1:52.2, auc:76.9 | trn acc:81.6, f1:67.3, auc:85.7 | loss:0.422
Epoch 15 finished in 4.09 seconds
[16,448] | tst acc:76.4, f1:51.8, auc:76.9 | trn acc:82.0, f1:67.8, auc:86.1 | loss:0.415
Epoch 16 finished in 4.14 seconds
Epoch 17 finished in 3.89 seconds
[18,120] | tst acc:76.2, f1:52.0, auc:76.6 | trn acc:81.5, f1:67.2, auc:85.7 | loss:0.423
Epoch 18 finished in 4.14 seconds
[19,468] | tst acc:75.8, f1:51.2, auc:77.0 | trn acc:81.6, f1:67.4, auc:85.9 | loss:0.420
Epoch 19 finished in 4.10 seconds
Epoch 20 finished in 3.93 seconds
[21,140] | tst acc:76.6, f1:52.0, auc:76.8 | trn acc:81.9, f1:67.6, auc:86.0 | loss:0.417
Epoch 21 finished in 4.10 seconds
[22,488] | tst acc:76.2, f1:51.6, auc:77.1 | trn acc:81.8, f1:67.5, auc:85.9 | loss:0.418
Epoch 22 finished in 4.14 seconds
Epoch 23 finished in 3.88 seconds
[24,160] | tst acc:76.0, f1:51.8, auc:76.7 | trn acc:81.8, f1:67.7, auc:86.1 | loss:0.418
Epoch 24 finished in 4.14 seconds
[25,508] | tst acc:76.2, f1:51.6, auc:77.0 | trn acc:81.8, f1:67.6, auc:86.0 | loss:0.418
Epoch 25 finished in 4.09 seconds
Epoch 26 finished in 3.93 seconds
[27,180] | tst acc:76.2, f1:52.0, auc:77.3 | trn acc:81.6, f1:67.1, auc:85.8 | loss:0.421
Epoch 27 finished in 4.10 seconds
[28,528] | tst acc:76.4, f1:51.8, auc:76.8 | trn acc:81.9, f1:67.6, auc:86.1 | loss:0.415
Epoch 28 finished in 4.15 seconds
Epoch 29 finished in 3.88 seconds
[30,200] | tst acc:76.0, f1:51.4, auc:76.6 | trn acc:81.7, f1:67.5, auc:85.8 | loss:0.422
Epoch 30 finished in 4.14 seconds
[31,548] | tst acc:76.0, f1:51.4, auc:77.3 | trn acc:81.9, f1:67.7, auc:86.1 | loss:0.415
Epoch 31 finished in 4.10 seconds
Epoch 32 finished in 3.93 seconds
[33,220] | tst acc:75.8, f1:51.2, auc:76.9 | trn acc:82.0, f1:67.9, auc:86.1 | loss:0.415
Epoch 33 finished in 4.09 seconds
[34,568] | tst acc:76.0, f1:51.4, auc:77.0 | trn acc:81.5, f1:67.3, auc:85.7 | loss:0.423
Epoch 34 finished in 4.14 seconds
Epoch 35 finished in 3.88 seconds
[36,240] | tst acc:76.0, f1:51.8, auc:77.0 | trn acc:81.9, f1:67.7, auc:86.1 | loss:0.416
Epoch 36 finished in 4.14 seconds
[37,588] | tst acc:75.8, f1:51.2, auc:77.3 | trn acc:81.8, f1:67.6, auc:85.9 | loss:0.420
Epoch 37 finished in 4.09 seconds
Epoch 38 finished in 3.93 seconds
[39,260] | tst acc:75.8, f1:51.2, auc:77.2 | trn acc:81.8, f1:67.5, auc:86.1 | loss:0.417
Epoch 39 finished in 4.09 seconds
[40,608] | tst acc:76.2, f1:51.6, auc:76.7 | trn acc:81.9, f1:67.7, auc:86.1 | loss:0.417
Epoch 40 finished in 4.14 seconds
Epoch 41 finished in 3.88 seconds
[42,280] | tst acc:76.4, f1:51.8, auc:77.3 | trn acc:81.9, f1:67.4, auc:86.0 | loss:0.416
Epoch 42 finished in 4.14 seconds
[43,628] | tst acc:75.8, f1:51.2, auc:77.0 | trn acc:81.7, f1:67.7, auc:85.9 | loss:0.421
Epoch 43 finished in 4.10 seconds
Epoch 44 finished in 3.93 seconds
[45,300] | tst acc:75.8, f1:51.2, auc:76.8 | trn acc:81.9, f1:67.7, auc:86.1 | loss:0.415
Epoch 45 finished in 4.09 seconds
[46,648] | tst acc:75.8, f1:51.2, auc:77.1 | trn acc:81.7, f1:67.6, auc:85.9 | loss:0.420
Epoch 46 finished in 4.14 seconds
Epoch 47 finished in 3.89 seconds
[48,320] | tst acc:75.8, f1:51.2, auc:77.1 | trn acc:82.0, f1:67.8, auc:86.0 | loss:0.416
Epoch 48 finished in 4.14 seconds
[49,668] | tst acc:76.0, f1:51.4, auc:76.9 | trn acc:81.7, f1:67.6, auc:86.0 | loss:0.419
Epoch 49 finished in 4.09 seconds
Epoch 50 finished in 3.93 seconds
[51,340] | tst acc:75.8, f1:51.2, auc:77.1 | trn acc:81.9, f1:67.5, auc:86.1 | loss:0.416
Epoch 51 finished in 4.09 seconds
Epoch 52 finished in 3.93 seconds
[53,12] | tst acc:75.8, f1:51.2, auc:77.0 | trn acc:81.8, f1:67.8, auc:86.1 | loss:0.417
Epoch 53 finished in 4.09 seconds
[54,360] | tst acc:75.8, f1:51.2, auc:76.9 | trn acc:81.8, f1:67.7, auc:86.0 | loss:0.417
Epoch 54 finished in 4.14 seconds
Epoch 55 finished in 3.88 seconds
[56,32] | tst acc:76.0, f1:51.4, auc:77.4 | trn acc:81.7, f1:67.4, auc:86.0 | loss:0.418
Epoch 56 finished in 4.14 seconds
[57,380] | tst acc:75.8, f1:51.2, auc:77.0 | trn acc:81.7, f1:67.5, auc:86.0 | loss:0.419
Epoch 57 finished in 4.10 seconds
Epoch 58 finished in 3.93 seconds
[59,52] | tst acc:76.2, f1:51.6, auc:77.2 | trn acc:82.0, f1:67.8, auc:86.2 | loss:0.414
Epoch 59 finished in 4.09 seconds
[60,400] | tst acc:75.8, f1:51.2, auc:77.1 | trn acc:81.5, f1:67.4, auc:85.8 | loss:0.423
Epoch 60 finished in 4.15 seconds
Epoch 61 finished in 3.89 seconds
[62,72] | tst acc:75.8, f1:51.2, auc:77.0 | trn acc:82.1, f1:67.9, auc:86.3 | loss:0.412
Epoch 62 finished in 4.14 seconds
[63,420] | tst acc:75.8, f1:51.2, auc:76.9 | trn acc:81.8, f1:67.8, auc:86.1 | loss:0.417
Epoch 63 finished in 4.09 seconds
Epoch 64 finished in 3.93 seconds
[65,92] | tst acc:75.8, f1:51.2, auc:77.0 | trn acc:81.7, f1:67.5, auc:86.0 | loss:0.419
Epoch 65 finished in 4.09 seconds
[66,440] | tst acc:75.8, f1:51.2, auc:77.0 | trn acc:82.0, f1:67.9, auc:86.3 | loss:0.414
Epoch 66 finished in 4.14 seconds
Epoch 67 finished in 3.88 seconds
[68,112] | tst acc:75.8, f1:51.2, auc:77.0 | trn acc:81.8, f1:67.5, auc:86.0 | loss:0.417
Epoch 68 finished in 4.14 seconds
[69,460] | tst acc:75.8, f1:51.2, auc:77.1 | trn acc:81.7, f1:67.4, auc:85.9 | loss:0.419
Epoch 69 finished in 4.10 seconds
Reached final batch of training at iter = 47992
Epoch 70 finished in 3.93 seconds
Reached final batch of training at iter = 48000
Epoch 71 finished in 0.05 seconds
Average epoch runtime: 3.99 seconds
Total training time: 287.38 GPU seconds
5
