job is starting on gpua056.delta.ncsa.illinois.edu
Loading drug dataset...
SHUFFLING FEATURES
Hyperparameters:
Namespace(is_train=True, input_dir='data/input', output_dir='data/output', repository='gdsc', drug_id=-1, use_cuda=True, use_relu=True, init_gene_emb=True, use_oc=True, shuffle=True, omic='exp', use_attention=True, use_cntx_attn=True, embedding_dim=200, attention_size=128, attention_head=8, hidden_dim_enc=200, use_hid_lyr=True, max_iter=48000, max_fscore=-1, dropout_rate=0.6, learning_rate=0.3, weight_decay=0.0003, batch_size=8, test_batch_size=8, test_inc_size=1024, model_label='cntx-attn-gdsc', exp_size=3000, mut_size=1000, cnv_size=1000, omc_size=3000, drg_size=260, train_size=676, test_size=170)
HIDDEN EMBEDDING SIZE: 200
USING RELU
USING PRETRAING EMBEDDINGS
DROPOUT RATE: 0.6
USING HIDDEN LAYER
USING SELF ATTENTION
USING CONTEXTUAL ATTENTION
Training...
INITIALIZING ONE CYCLE
Batch size: 8
Train dataset size (samples): 676
Batches per epoch: 85
[0,0] | tst acc:51.6, f1:21.2, auc:47.7 | trn acc:51.4, f1:35.9, auc:53.6 | loss:3.911
Epoch 0 finished in 4.71 seconds
[1,348] | tst acc:59.9, f1:29.2, auc:61.2 | trn acc:54.4, f1:42.0, auc:55.5 | loss:2.911
Epoch 1 finished in 4.14 seconds
Epoch 2 finished in 3.95 seconds
[3,20] | tst acc:61.1, f1:31.2, auc:61.7 | trn acc:60.4, f1:45.9, auc:60.2 | loss:0.692
Epoch 3 finished in 4.11 seconds
[4,368] | tst acc:63.1, f1:29.4, auc:63.5 | trn acc:60.4, f1:45.8, auc:60.8 | loss:0.693
Epoch 4 finished in 4.17 seconds
Epoch 5 finished in 3.91 seconds
[6,40] | tst acc:61.4, f1:31.4, auc:59.8 | trn acc:60.8, f1:46.2, auc:61.5 | loss:0.692
Epoch 6 finished in 4.16 seconds
[7,388] | tst acc:60.8, f1:30.4, auc:63.3 | trn acc:61.1, f1:46.4, auc:61.5 | loss:0.684
Epoch 7 finished in 4.12 seconds
Epoch 8 finished in 3.96 seconds
[9,60] | tst acc:64.6, f1:34.1, auc:68.8 | trn acc:62.6, f1:47.9, auc:64.6 | loss:0.648
Epoch 9 finished in 4.12 seconds
[10,408] | tst acc:68.1, f1:37.2, auc:72.7 | trn acc:65.8, f1:50.6, auc:68.5 | loss:0.621
Epoch 10 finished in 4.17 seconds
Epoch 11 finished in 3.91 seconds
[12,80] | tst acc:70.5, f1:42.5, auc:77.4 | trn acc:68.6, f1:53.4, auc:71.7 | loss:0.594
Epoch 12 finished in 4.16 seconds
[13,428] | tst acc:71.7, f1:38.5, auc:76.6 | trn acc:71.2, f1:55.2, auc:74.2 | loss:0.569
Epoch 13 finished in 4.12 seconds
Epoch 14 finished in 3.96 seconds
[15,100] | tst acc:70.2, f1:34.0, auc:73.9 | trn acc:73.2, f1:57.9, auc:76.3 | loss:0.548
Epoch 15 finished in 4.12 seconds
[16,448] | tst acc:77.0, f1:45.1, auc:79.3 | trn acc:75.0, f1:59.6, auc:77.9 | loss:0.528
Epoch 16 finished in 4.17 seconds
Epoch 17 finished in 3.91 seconds
[18,120] | tst acc:76.4, f1:41.2, auc:75.2 | trn acc:76.5, f1:61.3, auc:79.3 | loss:0.510
Epoch 18 finished in 4.16 seconds
[19,468] | tst acc:79.4, f1:50.7, auc:81.2 | trn acc:77.6, f1:62.6, auc:80.3 | loss:0.497
Epoch 19 finished in 4.13 seconds
Epoch 20 finished in 3.95 seconds
[21,140] | tst acc:79.9, f1:50.0, auc:84.2 | trn acc:78.1, f1:63.3, auc:80.9 | loss:0.490
Epoch 21 finished in 4.12 seconds
[22,488] | tst acc:80.8, f1:51.9, auc:86.6 | trn acc:78.9, f1:64.3, auc:81.7 | loss:0.479
Epoch 22 finished in 4.16 seconds
Epoch 23 finished in 3.91 seconds
[24,160] | tst acc:81.4, f1:53.3, auc:84.0 | trn acc:79.3, f1:64.7, auc:82.1 | loss:0.473
Epoch 24 finished in 4.16 seconds
[25,508] | tst acc:81.1, f1:52.2, auc:82.6 | trn acc:79.8, f1:65.5, auc:82.8 | loss:0.465
Epoch 25 finished in 4.12 seconds
Epoch 26 finished in 3.95 seconds
[27,180] | tst acc:80.8, f1:51.1, auc:85.0 | trn acc:79.6, f1:65.2, auc:82.6 | loss:0.466
Epoch 27 finished in 4.12 seconds
[28,528] | tst acc:79.4, f1:48.5, auc:82.1 | trn acc:80.1, f1:65.8, auc:83.2 | loss:0.458
Epoch 28 finished in 4.16 seconds
Epoch 29 finished in 3.91 seconds
[30,200] | tst acc:80.5, f1:50.7, auc:84.3 | trn acc:80.3, f1:65.9, auc:83.4 | loss:0.454
Epoch 30 finished in 4.16 seconds
[31,548] | tst acc:80.8, f1:52.6, auc:86.6 | trn acc:80.5, f1:66.4, auc:83.9 | loss:0.450
Epoch 31 finished in 4.13 seconds
Epoch 32 finished in 3.95 seconds
[33,220] | tst acc:80.8, f1:50.4, auc:83.8 | trn acc:80.9, f1:66.8, auc:84.3 | loss:0.444
Epoch 33 finished in 4.12 seconds
[34,568] | tst acc:80.8, f1:52.6, auc:87.1 | trn acc:80.6, f1:66.6, auc:84.1 | loss:0.448
Epoch 34 finished in 4.17 seconds
Epoch 35 finished in 3.91 seconds
[36,240] | tst acc:81.1, f1:51.5, auc:88.4 | trn acc:81.0, f1:67.0, auc:84.5 | loss:0.441
Epoch 36 finished in 4.16 seconds
[37,588] | tst acc:80.5, f1:51.5, auc:84.7 | trn acc:81.2, f1:67.0, auc:84.5 | loss:0.439
Epoch 37 finished in 4.12 seconds
Epoch 38 finished in 3.95 seconds
[39,260] | tst acc:80.8, f1:53.2, auc:86.9 | trn acc:80.8, f1:66.7, auc:84.4 | loss:0.444
Epoch 39 finished in 4.12 seconds
[40,608] | tst acc:81.4, f1:51.2, auc:87.1 | trn acc:81.3, f1:67.4, auc:84.9 | loss:0.437
Epoch 40 finished in 4.16 seconds
Epoch 41 finished in 3.91 seconds
[42,280] | tst acc:80.2, f1:50.4, auc:85.0 | trn acc:81.5, f1:67.6, auc:85.1 | loss:0.432
Epoch 42 finished in 4.16 seconds
[43,628] | tst acc:81.4, f1:51.2, auc:87.2 | trn acc:81.1, f1:67.3, auc:84.9 | loss:0.437
Epoch 43 finished in 4.13 seconds
Epoch 44 finished in 3.95 seconds
[45,300] | tst acc:81.7, f1:53.0, auc:87.3 | trn acc:81.4, f1:67.9, auc:85.2 | loss:0.433
Epoch 45 finished in 4.12 seconds
[46,648] | tst acc:81.1, f1:52.2, auc:86.7 | trn acc:81.3, f1:67.5, auc:85.1 | loss:0.434
Epoch 46 finished in 4.17 seconds
Epoch 47 finished in 3.91 seconds
[48,320] | tst acc:80.2, f1:51.1, auc:85.6 | trn acc:81.3, f1:67.7, auc:85.2 | loss:0.433
Epoch 48 finished in 4.16 seconds
[49,668] | tst acc:81.4, f1:53.3, auc:87.5 | trn acc:81.6, f1:67.7, auc:85.4 | loss:0.428
Epoch 49 finished in 4.12 seconds
Epoch 50 finished in 3.96 seconds
[51,340] | tst acc:81.4, f1:53.3, auc:86.3 | trn acc:81.6, f1:67.9, auc:85.5 | loss:0.428
Epoch 51 finished in 4.12 seconds
Epoch 52 finished in 3.95 seconds
[53,12] | tst acc:81.1, f1:52.2, auc:86.0 | trn acc:81.4, f1:67.7, auc:85.3 | loss:0.431
Epoch 53 finished in 4.12 seconds
[54,360] | tst acc:82.0, f1:54.1, auc:87.1 | trn acc:81.7, f1:68.2, auc:85.6 | loss:0.427
Epoch 54 finished in 4.17 seconds
Epoch 55 finished in 3.92 seconds
[56,32] | tst acc:82.3, f1:53.8, auc:87.3 | trn acc:81.3, f1:67.7, auc:85.2 | loss:0.433
Epoch 56 finished in 4.17 seconds
[57,380] | tst acc:82.0, f1:53.4, auc:87.0 | trn acc:81.8, f1:68.4, auc:85.8 | loss:0.424
Epoch 57 finished in 4.12 seconds
Epoch 58 finished in 3.96 seconds
[59,52] | tst acc:81.7, f1:53.7, auc:87.4 | trn acc:81.4, f1:67.7, auc:85.3 | loss:0.431
Epoch 59 finished in 4.12 seconds
[60,400] | tst acc:80.8, f1:52.6, auc:87.5 | trn acc:81.7, f1:68.2, auc:85.7 | loss:0.425
Epoch 60 finished in 4.16 seconds
Epoch 61 finished in 3.91 seconds
[62,72] | tst acc:80.8, f1:51.9, auc:87.3 | trn acc:81.6, f1:68.1, auc:85.6 | loss:0.427
Epoch 62 finished in 4.16 seconds
[63,420] | tst acc:81.4, f1:53.3, auc:88.3 | trn acc:81.6, f1:68.0, auc:85.6 | loss:0.426
Epoch 63 finished in 4.11 seconds
Epoch 64 finished in 3.96 seconds
[65,92] | tst acc:81.7, f1:53.7, auc:87.1 | trn acc:81.7, f1:68.4, auc:85.7 | loss:0.426
Epoch 65 finished in 4.12 seconds
[66,440] | tst acc:81.7, f1:53.0, auc:87.1 | trn acc:81.8, f1:68.2, auc:85.8 | loss:0.424
Epoch 66 finished in 4.16 seconds
Epoch 67 finished in 3.91 seconds
[68,112] | tst acc:82.0, f1:54.1, auc:87.7 | trn acc:81.6, f1:68.0, auc:85.7 | loss:0.426
Epoch 68 finished in 4.16 seconds
[69,460] | tst acc:81.1, f1:52.2, auc:87.3 | trn acc:81.7, f1:68.4, auc:85.8 | loss:0.424
Epoch 69 finished in 4.12 seconds
Reached final batch of training at iter = 47992
Epoch 70 finished in 3.96 seconds
Reached final batch of training at iter = 48000
Epoch 71 finished in 0.05 seconds
Average epoch runtime: 4.02 seconds
Total training time: 289.67 GPU seconds
Loading drug dataset...
SHUFFLING FEATURES
Hyperparameters:
Namespace(is_train=True, input_dir='data/input', output_dir='data/output', repository='gdsc', drug_id=-1, use_cuda=True, use_relu=True, init_gene_emb=True, use_oc=True, shuffle=True, omic='exp', use_attention=True, use_cntx_attn=True, embedding_dim=200, attention_size=128, attention_head=8, hidden_dim_enc=200, use_hid_lyr=True, max_iter=48000, max_fscore=-1, dropout_rate=0.6, learning_rate=0.3, weight_decay=0.0003, batch_size=8, test_batch_size=8, test_inc_size=1024, model_label='cntx-attn-gdsc', exp_size=3000, mut_size=1000, cnv_size=1000, omc_size=3000, drg_size=260, train_size=676, test_size=170)
HIDDEN EMBEDDING SIZE: 200
USING RELU
USING PRETRAING EMBEDDINGS
DROPOUT RATE: 0.6
USING HIDDEN LAYER
USING SELF ATTENTION
USING CONTEXTUAL ATTENTION
Training...
INITIALIZING ONE CYCLE
Batch size: 8
Train dataset size (samples): 676
Batches per epoch: 85
[0,0] | tst acc:51.8, f1:46.3, auc:51.5 | trn acc:50.1, f1:35.1, auc:53.0 | loss:3.952
Epoch 0 finished in 4.11 seconds
[1,348] | tst acc:58.0, f1:51.0, auc:61.3 | trn acc:54.5, f1:41.8, auc:55.5 | loss:2.902
Epoch 1 finished in 4.14 seconds
Epoch 2 finished in 3.96 seconds
[3,20] | tst acc:58.8, f1:51.3, auc:61.6 | trn acc:60.7, f1:45.8, auc:60.7 | loss:0.693
Epoch 3 finished in 4.12 seconds
[4,368] | tst acc:56.9, f1:46.7, auc:59.2 | trn acc:60.9, f1:45.9, auc:61.5 | loss:0.693
Epoch 4 finished in 4.16 seconds
Epoch 5 finished in 3.91 seconds
[6,40] | tst acc:56.9, f1:49.9, auc:58.6 | trn acc:60.9, f1:45.9, auc:61.5 | loss:0.692
Epoch 6 finished in 4.17 seconds
[7,388] | tst acc:56.5, f1:48.6, auc:59.5 | trn acc:61.0, f1:45.9, auc:61.4 | loss:0.686
Epoch 7 finished in 4.12 seconds
Epoch 8 finished in 3.95 seconds
[9,60] | tst acc:61.8, f1:54.1, auc:65.2 | trn acc:62.8, f1:47.5, auc:65.0 | loss:0.646
Epoch 9 finished in 4.12 seconds
[10,408] | tst acc:63.7, f1:53.7, auc:67.1 | trn acc:65.6, f1:50.2, auc:68.1 | loss:0.623
Epoch 10 finished in 4.17 seconds
Epoch 11 finished in 3.91 seconds
[12,80] | tst acc:64.1, f1:54.2, auc:69.6 | trn acc:68.6, f1:52.5, auc:71.4 | loss:0.594
Epoch 12 finished in 4.17 seconds
[13,428] | tst acc:66.5, f1:53.5, auc:73.0 | trn acc:71.3, f1:55.0, auc:74.1 | loss:0.567
Epoch 13 finished in 4.12 seconds
Epoch 14 finished in 3.96 seconds
[15,100] | tst acc:67.7, f1:56.6, auc:74.0 | trn acc:73.4, f1:57.3, auc:76.0 | loss:0.546
Epoch 15 finished in 4.12 seconds
[16,448] | tst acc:71.1, f1:60.7, auc:76.7 | trn acc:75.1, f1:59.2, auc:77.7 | loss:0.528
Epoch 16 finished in 4.17 seconds
Epoch 17 finished in 3.91 seconds
[18,120] | tst acc:66.0, f1:51.2, auc:74.5 | trn acc:76.6, f1:60.9, auc:79.1 | loss:0.511
Epoch 18 finished in 4.17 seconds
[19,468] | tst acc:69.4, f1:56.9, auc:76.9 | trn acc:77.5, f1:61.8, auc:80.0 | loss:0.497
Epoch 19 finished in 4.12 seconds
Epoch 20 finished in 3.95 seconds
[21,140] | tst acc:68.4, f1:54.4, auc:77.5 | trn acc:78.2, f1:62.7, auc:80.7 | loss:0.489
Epoch 21 finished in 4.12 seconds
[22,488] | tst acc:74.1, f1:63.5, auc:80.5 | trn acc:78.8, f1:63.5, auc:81.3 | loss:0.480
Epoch 22 finished in 4.16 seconds
Epoch 23 finished in 3.91 seconds
[24,160] | tst acc:68.6, f1:54.6, auc:78.2 | trn acc:79.3, f1:64.3, auc:81.9 | loss:0.474
Epoch 24 finished in 4.17 seconds
[25,508] | tst acc:70.1, f1:56.9, auc:77.6 | trn acc:79.6, f1:64.6, auc:82.3 | loss:0.468
Epoch 25 finished in 4.12 seconds
Epoch 26 finished in 3.95 seconds
[27,180] | tst acc:71.5, f1:59.1, auc:81.2 | trn acc:79.9, f1:64.9, auc:82.6 | loss:0.462
Epoch 27 finished in 4.12 seconds
[28,528] | tst acc:69.6, f1:56.5, auc:76.8 | trn acc:80.1, f1:65.6, auc:83.0 | loss:0.460
Epoch 28 finished in 4.17 seconds
Epoch 29 finished in 3.91 seconds
[30,200] | tst acc:70.1, f1:56.9, auc:78.9 | trn acc:80.3, f1:65.7, auc:83.1 | loss:0.458
Epoch 30 finished in 4.16 seconds
[31,548] | tst acc:70.5, f1:57.5, auc:80.3 | trn acc:80.6, f1:65.8, auc:83.5 | loss:0.451
Epoch 31 finished in 4.12 seconds
Epoch 32 finished in 3.95 seconds
[33,220] | tst acc:70.7, f1:57.4, auc:80.5 | trn acc:80.8, f1:66.4, auc:83.9 | loss:0.447
Epoch 33 finished in 4.12 seconds
[34,568] | tst acc:70.3, f1:57.3, auc:78.9 | trn acc:80.8, f1:66.2, auc:83.9 | loss:0.447
Epoch 34 finished in 4.17 seconds
Epoch 35 finished in 3.91 seconds
[36,240] | tst acc:70.7, f1:57.1, auc:80.1 | trn acc:81.1, f1:66.6, auc:84.3 | loss:0.442
Epoch 36 finished in 4.17 seconds
[37,588] | tst acc:70.3, f1:56.5, auc:79.5 | trn acc:81.1, f1:66.6, auc:84.3 | loss:0.441
Epoch 37 finished in 4.12 seconds
Epoch 38 finished in 3.96 seconds
[39,260] | tst acc:70.7, f1:58.4, auc:79.1 | trn acc:81.1, f1:66.8, auc:84.5 | loss:0.441
Epoch 39 finished in 4.12 seconds
[40,608] | tst acc:70.7, f1:57.4, auc:80.2 | trn acc:81.3, f1:67.0, auc:84.5 | loss:0.438
Epoch 40 finished in 4.17 seconds
Epoch 41 finished in 3.91 seconds
[42,280] | tst acc:69.6, f1:56.5, auc:79.7 | trn acc:81.3, f1:66.8, auc:84.7 | loss:0.436
Epoch 42 finished in 4.17 seconds
[43,628] | tst acc:69.6, f1:55.5, auc:79.9 | trn acc:81.4, f1:67.0, auc:84.7 | loss:0.435
Epoch 43 finished in 4.12 seconds
Epoch 44 finished in 3.96 seconds
[45,300] | tst acc:71.3, f1:58.2, auc:81.2 | trn acc:81.2, f1:66.8, auc:84.7 | loss:0.437
Epoch 45 finished in 4.12 seconds
[46,648] | tst acc:70.5, f1:56.7, auc:79.9 | trn acc:81.7, f1:67.5, auc:85.1 | loss:0.430
Epoch 46 finished in 4.17 seconds
Epoch 47 finished in 3.91 seconds
[48,320] | tst acc:70.1, f1:56.3, auc:80.0 | trn acc:81.4, f1:67.2, auc:85.0 | loss:0.433
Epoch 48 finished in 4.18 seconds
[49,668] | tst acc:70.5, f1:57.0, auc:79.5 | trn acc:81.7, f1:67.6, auc:85.2 | loss:0.430
Epoch 49 finished in 4.12 seconds
Epoch 50 finished in 3.96 seconds
[51,340] | tst acc:69.9, f1:55.9, auc:81.4 | trn acc:81.5, f1:67.3, auc:85.1 | loss:0.431
Epoch 51 finished in 4.13 seconds
Epoch 52 finished in 3.96 seconds
[53,12] | tst acc:70.7, f1:57.4, auc:80.6 | trn acc:81.7, f1:67.4, auc:85.2 | loss:0.428
Epoch 53 finished in 4.12 seconds
[54,360] | tst acc:70.3, f1:56.5, auc:81.1 | trn acc:81.6, f1:67.7, auc:85.3 | loss:0.430
Epoch 54 finished in 4.17 seconds
Epoch 55 finished in 3.91 seconds
[56,32] | tst acc:70.9, f1:57.6, auc:80.5 | trn acc:81.5, f1:67.4, auc:85.2 | loss:0.430
Epoch 56 finished in 4.17 seconds
[57,380] | tst acc:70.7, f1:57.7, auc:80.2 | trn acc:81.6, f1:67.6, auc:85.4 | loss:0.428
Epoch 57 finished in 4.12 seconds
Epoch 58 finished in 3.96 seconds
[59,52] | tst acc:70.7, f1:57.9, auc:81.1 | trn acc:81.7, f1:67.4, auc:85.4 | loss:0.427
Epoch 59 finished in 4.12 seconds
[60,400] | tst acc:70.5, f1:57.2, auc:80.2 | trn acc:81.6, f1:67.4, auc:85.2 | loss:0.429
Epoch 60 finished in 4.18 seconds
Epoch 61 finished in 3.92 seconds
[62,72] | tst acc:70.5, f1:57.0, auc:81.2 | trn acc:81.8, f1:67.8, auc:85.6 | loss:0.424
Epoch 62 finished in 4.17 seconds
[63,420] | tst acc:70.1, f1:56.6, auc:79.4 | trn acc:81.8, f1:67.8, auc:85.6 | loss:0.424
Epoch 63 finished in 4.13 seconds
Epoch 64 finished in 3.96 seconds
[65,92] | tst acc:70.5, f1:57.0, auc:80.5 | trn acc:81.7, f1:67.6, auc:85.5 | loss:0.425
Epoch 65 finished in 4.12 seconds
[66,440] | tst acc:70.5, f1:57.0, auc:80.3 | trn acc:81.5, f1:67.4, auc:85.3 | loss:0.428
Epoch 66 finished in 4.17 seconds
Epoch 67 finished in 3.91 seconds
[68,112] | tst acc:71.1, f1:58.3, auc:80.1 | trn acc:81.7, f1:67.8, auc:85.6 | loss:0.426
Epoch 68 finished in 4.17 seconds
[69,460] | tst acc:71.1, f1:58.0, auc:80.5 | trn acc:81.6, f1:67.6, auc:85.5 | loss:0.427
Epoch 69 finished in 4.12 seconds
Reached final batch of training at iter = 47992
Epoch 70 finished in 3.96 seconds
Reached final batch of training at iter = 48000
Epoch 71 finished in 0.05 seconds
Average epoch runtime: 4.02 seconds
Total training time: 289.23 GPU seconds
Loading drug dataset...
SHUFFLING FEATURES
Hyperparameters:
Namespace(is_train=True, input_dir='data/input', output_dir='data/output', repository='gdsc', drug_id=-1, use_cuda=True, use_relu=True, init_gene_emb=True, use_oc=True, shuffle=True, omic='exp', use_attention=True, use_cntx_attn=True, embedding_dim=200, attention_size=128, attention_head=8, hidden_dim_enc=200, use_hid_lyr=True, max_iter=48000, max_fscore=-1, dropout_rate=0.6, learning_rate=0.3, weight_decay=0.0003, batch_size=8, test_batch_size=8, test_inc_size=1024, model_label='cntx-attn-gdsc', exp_size=3000, mut_size=1000, cnv_size=1000, omc_size=3000, drg_size=260, train_size=676, test_size=170)
HIDDEN EMBEDDING SIZE: 200
USING RELU
USING PRETRAING EMBEDDINGS
DROPOUT RATE: 0.6
USING HIDDEN LAYER
USING SELF ATTENTION
USING CONTEXTUAL ATTENTION
Training...
INITIALIZING ONE CYCLE
Batch size: 8
Train dataset size (samples): 676
Batches per epoch: 85
[0,0] | tst acc:53.7, f1:44.9, auc:56.2 | trn acc:51.5, f1:41.2, auc:53.4 | loss:3.882
Epoch 0 finished in 4.11 seconds
[1,348] | tst acc:65.3, f1:54.7, auc:66.7 | trn acc:54.5, f1:41.9, auc:55.6 | loss:2.918
Epoch 1 finished in 4.13 seconds
Epoch 2 finished in 3.96 seconds
[3,20] | tst acc:61.6, f1:48.9, auc:66.3 | trn acc:60.5, f1:45.6, auc:60.2 | loss:0.693
Epoch 3 finished in 4.12 seconds
[4,368] | tst acc:65.6, f1:53.2, auc:68.4 | trn acc:60.8, f1:45.8, auc:61.5 | loss:0.693
Epoch 4 finished in 4.16 seconds
Epoch 5 finished in 3.91 seconds
[6,40] | tst acc:59.8, f1:48.4, auc:60.9 | trn acc:60.8, f1:45.9, auc:61.4 | loss:0.692
Epoch 6 finished in 4.17 seconds
[7,388] | tst acc:63.5, f1:53.4, auc:69.8 | trn acc:61.1, f1:46.2, auc:61.2 | loss:0.680
Epoch 7 finished in 4.12 seconds
Epoch 8 finished in 3.95 seconds
[9,60] | tst acc:67.9, f1:55.8, auc:73.4 | trn acc:63.2, f1:47.8, auc:65.4 | loss:0.641
Epoch 9 finished in 4.11 seconds
[10,408] | tst acc:72.3, f1:59.9, auc:77.0 | trn acc:66.5, f1:51.0, auc:69.1 | loss:0.614
Epoch 10 finished in 4.17 seconds
Epoch 11 finished in 3.91 seconds
[12,80] | tst acc:72.8, f1:60.9, auc:79.5 | trn acc:69.1, f1:53.3, auc:71.9 | loss:0.589
Epoch 12 finished in 4.16 seconds
[13,428] | tst acc:79.1, f1:67.4, auc:85.5 | trn acc:71.9, f1:55.8, auc:74.7 | loss:0.562
Epoch 13 finished in 4.12 seconds
Epoch 14 finished in 3.95 seconds
[15,100] | tst acc:77.4, f1:66.0, auc:83.6 | trn acc:73.8, f1:57.9, auc:76.7 | loss:0.540
Epoch 15 finished in 4.11 seconds
[16,448] | tst acc:78.6, f1:66.9, auc:83.2 | trn acc:75.4, f1:59.6, auc:78.1 | loss:0.523
Epoch 16 finished in 4.16 seconds
Epoch 17 finished in 3.91 seconds
[18,120] | tst acc:80.2, f1:67.9, auc:87.2 | trn acc:77.0, f1:61.6, auc:79.7 | loss:0.505
Epoch 18 finished in 4.16 seconds
[19,468] | tst acc:81.6, f1:71.3, auc:88.5 | trn acc:77.6, f1:62.4, auc:80.3 | loss:0.497
Epoch 19 finished in 4.12 seconds
Epoch 20 finished in 3.95 seconds
[21,140] | tst acc:83.0, f1:72.9, auc:87.4 | trn acc:78.3, f1:63.2, auc:80.9 | loss:0.487
Epoch 21 finished in 4.11 seconds
[22,488] | tst acc:82.3, f1:71.6, auc:89.0 | trn acc:78.9, f1:63.9, auc:81.5 | loss:0.479
Epoch 22 finished in 4.16 seconds
Epoch 23 finished in 3.91 seconds
[24,160] | tst acc:81.9, f1:71.1, auc:87.3 | trn acc:79.7, f1:64.9, auc:82.4 | loss:0.468
Epoch 24 finished in 4.17 seconds
[25,508] | tst acc:83.5, f1:74.0, auc:90.2 | trn acc:79.6, f1:64.8, auc:82.4 | loss:0.468
Epoch 25 finished in 4.11 seconds
Epoch 26 finished in 3.95 seconds
[27,180] | tst acc:83.3, f1:73.5, auc:90.6 | trn acc:80.1, f1:65.6, auc:83.0 | loss:0.459
Epoch 27 finished in 4.12 seconds
[28,528] | tst acc:83.3, f1:73.3, auc:88.5 | trn acc:80.2, f1:65.8, auc:83.2 | loss:0.458
Epoch 28 finished in 4.16 seconds
Epoch 29 finished in 3.91 seconds
[30,200] | tst acc:82.8, f1:72.0, auc:90.5 | trn acc:80.5, f1:66.2, auc:83.6 | loss:0.452
Epoch 30 finished in 4.16 seconds
[31,548] | tst acc:83.5, f1:73.6, auc:89.8 | trn acc:80.6, f1:66.3, auc:83.9 | loss:0.448
Epoch 31 finished in 4.11 seconds
Epoch 32 finished in 3.95 seconds
[33,220] | tst acc:83.7, f1:73.1, auc:90.5 | trn acc:80.8, f1:66.2, auc:83.9 | loss:0.446
Epoch 33 finished in 4.12 seconds
[34,568] | tst acc:83.0, f1:73.1, auc:90.4 | trn acc:80.8, f1:66.7, auc:84.2 | loss:0.444
Epoch 34 finished in 4.16 seconds
Epoch 35 finished in 3.91 seconds
[36,240] | tst acc:84.9, f1:75.3, auc:91.6 | trn acc:81.0, f1:66.8, auc:84.4 | loss:0.440
Epoch 36 finished in 4.17 seconds
[37,588] | tst acc:84.7, f1:75.4, auc:91.5 | trn acc:81.2, f1:67.4, auc:84.8 | loss:0.438
Epoch 37 finished in 4.12 seconds
Epoch 38 finished in 3.95 seconds
[39,260] | tst acc:84.9, f1:76.0, auc:90.5 | trn acc:81.1, f1:67.1, auc:84.6 | loss:0.439
Epoch 39 finished in 4.12 seconds
[40,608] | tst acc:84.9, f1:75.3, auc:91.3 | trn acc:81.4, f1:67.3, auc:84.9 | loss:0.433
Epoch 40 finished in 4.17 seconds
Epoch 41 finished in 3.91 seconds
[42,280] | tst acc:84.0, f1:74.2, auc:90.9 | trn acc:81.3, f1:67.3, auc:85.0 | loss:0.434
Epoch 42 finished in 4.16 seconds
[43,628] | tst acc:84.0, f1:73.6, auc:90.5 | trn acc:81.4, f1:67.5, auc:85.0 | loss:0.435
Epoch 43 finished in 4.12 seconds
Epoch 44 finished in 3.95 seconds
[45,300] | tst acc:84.9, f1:75.3, auc:91.1 | trn acc:81.6, f1:67.5, auc:85.1 | loss:0.430
Epoch 45 finished in 4.11 seconds
[46,648] | tst acc:85.1, f1:76.1, auc:91.4 | trn acc:81.4, f1:67.8, auc:85.2 | loss:0.433
Epoch 46 finished in 4.16 seconds
Epoch 47 finished in 3.91 seconds
[48,320] | tst acc:85.6, f1:76.7, auc:92.2 | trn acc:81.6, f1:67.8, auc:85.3 | loss:0.429
Epoch 48 finished in 4.16 seconds
[49,668] | tst acc:85.8, f1:77.5, auc:92.7 | trn acc:81.6, f1:67.9, auc:85.4 | loss:0.430
Epoch 49 finished in 4.12 seconds
Epoch 50 finished in 3.95 seconds
[51,340] | tst acc:85.3, f1:76.4, auc:91.7 | trn acc:81.6, f1:67.9, auc:85.4 | loss:0.429
Epoch 51 finished in 4.13 seconds
Epoch 52 finished in 3.96 seconds
[53,12] | tst acc:86.5, f1:78.7, auc:91.2 | trn acc:81.7, f1:67.8, auc:85.4 | loss:0.427
Epoch 53 finished in 4.12 seconds
[54,360] | tst acc:86.0, f1:77.4, auc:92.5 | trn acc:81.5, f1:67.8, auc:85.3 | loss:0.431
Epoch 54 finished in 4.17 seconds
Epoch 55 finished in 3.91 seconds
[56,32] | tst acc:84.4, f1:74.3, auc:92.0 | trn acc:81.8, f1:68.2, auc:85.7 | loss:0.424
Epoch 56 finished in 4.16 seconds
[57,380] | tst acc:86.3, f1:77.9, auc:92.5 | trn acc:81.6, f1:67.8, auc:85.4 | loss:0.427
Epoch 57 finished in 4.12 seconds
Epoch 58 finished in 3.95 seconds
[59,52] | tst acc:85.6, f1:76.7, auc:91.5 | trn acc:81.8, f1:68.2, auc:85.7 | loss:0.424
Epoch 59 finished in 4.12 seconds
[60,400] | tst acc:85.6, f1:76.7, auc:92.2 | trn acc:81.8, f1:68.2, auc:85.7 | loss:0.425
Epoch 60 finished in 4.16 seconds
Epoch 61 finished in 3.91 seconds
[62,72] | tst acc:85.6, f1:76.5, auc:92.4 | trn acc:81.7, f1:68.1, auc:85.7 | loss:0.425
Epoch 62 finished in 4.16 seconds
[63,420] | tst acc:86.3, f1:78.1, auc:92.2 | trn acc:81.9, f1:68.3, auc:85.8 | loss:0.422
Epoch 63 finished in 4.12 seconds
Epoch 64 finished in 3.96 seconds
[65,92] | tst acc:86.5, f1:78.0, auc:92.4 | trn acc:81.5, f1:67.8, auc:85.4 | loss:0.429
Epoch 65 finished in 4.12 seconds
[66,440] | tst acc:85.8, f1:77.2, auc:92.1 | trn acc:81.8, f1:68.4, auc:85.8 | loss:0.423
Epoch 66 finished in 4.18 seconds
Epoch 67 finished in 3.91 seconds
[68,112] | tst acc:86.0, f1:77.6, auc:92.0 | trn acc:81.7, f1:68.1, auc:85.6 | loss:0.426
Epoch 68 finished in 4.16 seconds
[69,460] | tst acc:86.0, f1:77.4, auc:92.3 | trn acc:82.1, f1:68.3, auc:85.9 | loss:0.419
Epoch 69 finished in 4.13 seconds
Reached final batch of training at iter = 47992
Epoch 70 finished in 3.96 seconds
Reached final batch of training at iter = 48000
Epoch 71 finished in 0.05 seconds
Average epoch runtime: 4.01 seconds
Total training time: 289.04 GPU seconds
